---------------------------------------------------------------
[ 2018-06-22T22:38:47+08:00 ] 119.123.127.144 GET /Admin/login/index.html
[ info ] www.7qiaoban.cn/Admin/login/index.html [运行时间：0.037782s][吞吐率：26.47req/s] [内存消耗：1,890.09kb] [文件加载：55]
[ info ] [ LANG ] /www/wwwroot/furniture/thinkphp/lang/zh-cn.php
[ info ] [ ROUTE ] array (
  'type' => 'module',
  'module' => 
  array (
    0 => 'Admin',
    1 => 'login',
    2 => 'index',
  ),
)
[ info ] [ HEADER ] array (
  'cookie' => 'thinkphp_show_page_trace=0|0; module=1; PHPSESSID=bp7d90tm71upo20462m8u4j7qt',
  'accept-language' => 'zh-CN,zh;q=0.9',
  'accept-encoding' => 'gzip, deflate, br',
  'accept' => 'text/html,application/xhtml+xml,application/xml;q=0.9,image/webp,image/apng,*/*;q=0.8',
  'user-agent' => 'Mozilla/5.0 (Windows NT 6.1) AppleWebKit/537.36 (KHTML, like Gecko) Chrome/67.0.3396.87 Safari/537.36',
  'upgrade-insecure-requests' => '1',
  'cache-control' => 'max-age=0',
  'host' => 'www.7qiaoban.cn',
  'content-type' => '',
  'content-length' => '',
)
[ info ] [ PARAM ] array (
)
[ info ] [ SESSION ] INIT array (
  'id' => '',
  'var_session_id' => '',
  'prefix' => 'think',
  'type' => '',
  'auto_start' => true,
)
[ info ] [ BEHAVIOR ] Run app\admin\behavior\CheckLogin @module_init [ RunTime:0.001005s ]
[ info ] [ RUN ] app\admin\controller\Login->index[ /www/wwwroot/furniture/application/admin/controller/Login.php ]
[ info ] [ VIEW ] /www/wwwroot/furniture/public/../application/admin/view/login/index.html [ array (
) ]
[ info ] [ LOG ] INIT File
---------------------------------------------------------------
[ 2018-06-22T22:39:04+08:00 ] 119.123.127.144 GET /
[ info ] www.7qiaoban.cn/ [运行时间：0.025516s][吞吐率：39.19req/s] [内存消耗：1,589.64kb] [文件加载：49]
[ info ] [ LANG ] /www/wwwroot/furniture/thinkphp/lang/zh-cn.php
[ info ] [ ROUTE ] array (
  'type' => 'module',
  'module' => 
  array (
    0 => '',
    1 => NULL,
    2 => NULL,
  ),
)
[ info ] [ HEADER ] array (
  'cookie' => 'module=1; PHPSESSID=bp7d90tm71upo20462m8u4j7qt',
  'accept-language' => 'zh-CN,zh;q=0.9',
  'accept-encoding' => 'gzip, deflate, br',
  'accept' => 'text/html,application/xhtml+xml,application/xml;q=0.9,image/webp,image/apng,*/*;q=0.8',
  'user-agent' => 'Mozilla/5.0 (Windows NT 6.1) AppleWebKit/537.36 (KHTML, like Gecko) Chrome/67.0.3396.87 Safari/537.36',
  'upgrade-insecure-requests' => '1',
  'host' => 'www.7qiaoban.cn',
  'content-type' => '',
  'content-length' => '',
)
[ info ] [ PARAM ] array (
)
[ info ] [ RUN ] app\index\controller\Index->index[ /www/wwwroot/furniture/application/index/controller/Index.php ]
[ info ] [ LOG ] INIT File
---------------------------------------------------------------
[ 2018-06-22T22:39:04+08:00 ] 119.123.127.144 GET /admin/index/index.html
[ info ] www.7qiaoban.cn/admin/index/index.html [运行时间：0.022092s][吞吐率：45.27req/s] [内存消耗：1,380.22kb] [文件加载：44]
[ info ] [ LANG ] /www/wwwroot/furniture/thinkphp/lang/zh-cn.php
[ info ] [ ROUTE ] array (
  'type' => 'module',
  'module' => 
  array (
    0 => 'admin',
    1 => 'index',
    2 => 'index',
  ),
)
[ info ] [ HEADER ] array (
  'cookie' => 'module=1; PHPSESSID=bp7d90tm71upo20462m8u4j7qt',
  'accept-language' => 'zh-CN,zh;q=0.9',
  'accept-encoding' => 'gzip, deflate, br',
  'accept' => 'text/html,application/xhtml+xml,application/xml;q=0.9,image/webp,image/apng,*/*;q=0.8',
  'user-agent' => 'Mozilla/5.0 (Windows NT 6.1) AppleWebKit/537.36 (KHTML, like Gecko) Chrome/67.0.3396.87 Safari/537.36',
  'upgrade-insecure-requests' => '1',
  'host' => 'www.7qiaoban.cn',
  'content-type' => '',
  'content-length' => '',
)
[ info ] [ PARAM ] array (
)
[ info ] [ SESSION ] INIT array (
  'id' => '',
  'var_session_id' => '',
  'prefix' => 'think',
  'type' => '',
  'auto_start' => true,
)
[ info ] [ LOG ] INIT File
---------------------------------------------------------------
[ 2018-06-22T22:39:04+08:00 ] 119.123.127.144 GET /Admin/login/index.html
[ info ] www.7qiaoban.cn/Admin/login/index.html [运行时间：0.038671s][吞吐率：25.86req/s] [内存消耗：1,741.98kb] [文件加载：53]
[ info ] [ LANG ] /www/wwwroot/furniture/thinkphp/lang/zh-cn.php
[ info ] [ ROUTE ] array (
  'type' => 'module',
  'module' => 
  array (
    0 => 'Admin',
    1 => 'login',
    2 => 'index',
  ),
)
[ info ] [ HEADER ] array (
  'cookie' => 'thinkphp_show_page_trace=0|0; module=1; PHPSESSID=bp7d90tm71upo20462m8u4j7qt',
  'accept-language' => 'zh-CN,zh;q=0.9',
  'accept-encoding' => 'gzip, deflate, br',
  'accept' => 'text/html,application/xhtml+xml,application/xml;q=0.9,image/webp,image/apng,*/*;q=0.8',
  'user-agent' => 'Mozilla/5.0 (Windows NT 6.1) AppleWebKit/537.36 (KHTML, like Gecko) Chrome/67.0.3396.87 Safari/537.36',
  'upgrade-insecure-requests' => '1',
  'host' => 'www.7qiaoban.cn',
  'content-type' => '',
  'content-length' => '',
)
[ info ] [ PARAM ] array (
)
[ info ] [ SESSION ] INIT array (
  'id' => '',
  'var_session_id' => '',
  'prefix' => 'think',
  'type' => '',
  'auto_start' => true,
)
[ info ] [ BEHAVIOR ] Run app\admin\behavior\CheckLogin @module_init [ RunTime:0.001017s ]
[ info ] [ RUN ] app\admin\controller\Login->index[ /www/wwwroot/furniture/application/admin/controller/Login.php ]
[ info ] [ VIEW ] /www/wwwroot/furniture/public/../application/admin/view/login/index.html [ array (
) ]
[ info ] [ LOG ] INIT File
---------------------------------------------------------------
[ 2018-06-22T22:59:12+08:00 ] 139.199.63.33 GET /
[ info ] news.7qiaoban.cn/ [运行时间：0.024646s][吞吐率：40.57req/s] [内存消耗：1,586.37kb] [文件加载：49]
[ info ] [ LANG ] /www/wwwroot/furniture/thinkphp/lang/zh-cn.php
[ info ] [ ROUTE ] array (
  'type' => 'module',
  'module' => 
  array (
    0 => '',
    1 => NULL,
    2 => NULL,
  ),
)
[ info ] [ HEADER ] array (
  'accept-encoding' => 'gzip, deflate',
  'accept' => '*/*',
  'connection' => 'close',
  'user-agent' => 'Mozilla/4.0 (compatible; MSIE 6.1; Windows NT)',
  'host' => 'news.7qiaoban.cn',
  'content-type' => '',
  'content-length' => '',
)
[ info ] [ PARAM ] array (
)
[ info ] [ RUN ] app\index\controller\Index->index[ /www/wwwroot/furniture/application/index/controller/Index.php ]
[ info ] [ LOG ] INIT File
---------------------------------------------------------------
[ 2018-06-22T23:17:03+08:00 ] 184.105.139.67 GET /
[ info ] 47.98.223.33/ [运行时间：0.025908s][吞吐率：38.60req/s] [内存消耗：1,584.95kb] [文件加载：49]
[ info ] [ LANG ] /www/wwwroot/furniture/thinkphp/lang/zh-cn.php
[ info ] [ ROUTE ] array (
  'type' => 'module',
  'module' => 
  array (
    0 => '',
    1 => NULL,
    2 => NULL,
  ),
)
[ info ] [ HEADER ] array (
  'host' => '47.98.223.33',
  'content-type' => '',
  'content-length' => '',
)
[ info ] [ PARAM ] array (
)
[ info ] [ RUN ] app\index\controller\Index->index[ /www/wwwroot/furniture/application/index/controller/Index.php ]
[ info ] [ LOG ] INIT File
---------------------------------------------------------------
[ 2018-06-22T23:17:28+08:00 ] 165.227.186.135 GET /
[ info ] www.7qiaoban.top/ [运行时间：0.025222s][吞吐率：39.65req/s] [内存消耗：1,585.62kb] [文件加载：49]
[ info ] [ LANG ] /www/wwwroot/furniture/thinkphp/lang/zh-cn.php
[ info ] [ ROUTE ] array (
  'type' => 'module',
  'module' => 
  array (
    0 => '',
    1 => NULL,
    2 => NULL,
  ),
)
[ info ] [ HEADER ] array (
  'user-agent' => 'Mozilla/5.0 (compatible; NetcraftSurveyAgent/1.0; +info@netcraft.com)',
  'host' => 'www.7qiaoban.top',
  'content-type' => '',
  'content-length' => '',
)
[ info ] [ PARAM ] array (
)
[ info ] [ RUN ] app\index\controller\Index->index[ /www/wwwroot/furniture/application/index/controller/Index.php ]
[ info ] [ LOG ] INIT File
---------------------------------------------------------------
[ 2018-06-22T23:29:45+08:00 ] 159.65.162.247 GET /
[ info ] www.7qiaoban.top/ [运行时间：0.025743s][吞吐率：38.85req/s] [内存消耗：1,585.62kb] [文件加载：49]
[ info ] [ LANG ] /www/wwwroot/furniture/thinkphp/lang/zh-cn.php
[ info ] [ ROUTE ] array (
  'type' => 'module',
  'module' => 
  array (
    0 => '',
    1 => NULL,
    2 => NULL,
  ),
)
[ info ] [ HEADER ] array (
  'user-agent' => 'Mozilla/5.0 (compatible; NetcraftSurveyAgent/1.0; +info@netcraft.com)',
  'host' => 'www.7qiaoban.top',
  'content-type' => '',
  'content-length' => '',
)
[ info ] [ PARAM ] array (
)
[ info ] [ RUN ] app\index\controller\Index->index[ /www/wwwroot/furniture/application/index/controller/Index.php ]
[ info ] [ LOG ] INIT File
---------------------------------------------------------------
[ 2018-06-22T23:31:03+08:00 ] 123.125.71.91 GET /
[ info ] www.7qiaoban.cn/ [运行时间：0.025781s][吞吐率：38.79req/s] [内存消耗：1,586.63kb] [文件加载：49]
[ info ] [ LANG ] /www/wwwroot/furniture/thinkphp/lang/zh-cn.php
[ info ] [ ROUTE ] array (
  'type' => 'module',
  'module' => 
  array (
    0 => '',
    1 => NULL,
    2 => NULL,
  ),
)
[ info ] [ HEADER ] array (
  'accept' => '*/*',
  'if-none-match' => '"@NULL@"',
  'accept-language' => 'zh-cn,zh-tw',
  'user-agent' => 'Mozilla/5.0 (compatible; Baiduspider/2.0; +http://www.baidu.com/search/spider.html)',
  'host' => 'www.7qiaoban.cn',
  'content-type' => '',
  'content-length' => '',
)
[ info ] [ PARAM ] array (
)
[ info ] [ RUN ] app\index\controller\Index->index[ /www/wwwroot/furniture/application/index/controller/Index.php ]
[ info ] [ LOG ] INIT File
---------------------------------------------------------------
[ 2018-06-22T23:31:03+08:00 ] 220.181.108.97 GET /admin/index/index.html
[ info ] www.7qiaoban.cn/admin/index/index.html [运行时间：0.021601s][吞吐率：46.29req/s] [内存消耗：1,377.15kb] [文件加载：44]
[ info ] [ LANG ] /www/wwwroot/furniture/thinkphp/lang/zh-cn.php
[ info ] [ ROUTE ] array (
  'type' => 'module',
  'module' => 
  array (
    0 => 'admin',
    1 => 'index',
    2 => 'index',
  ),
)
[ info ] [ HEADER ] array (
  'accept' => '*/*',
  'if-none-match' => '"@NULL@"',
  'accept-language' => 'zh-cn,zh-tw',
  'user-agent' => 'Mozilla/5.0 (compatible; Baiduspider/2.0; +http://www.baidu.com/search/spider.html)',
  'host' => 'www.7qiaoban.cn',
  'content-type' => '',
  'content-length' => '',
)
[ info ] [ PARAM ] array (
)
[ info ] [ SESSION ] INIT array (
  'id' => '',
  'var_session_id' => '',
  'prefix' => 'think',
  'type' => '',
  'auto_start' => true,
)
[ info ] [ LOG ] INIT File
---------------------------------------------------------------
[ 2018-06-22T23:31:03+08:00 ] 220.181.108.103 GET /Admin/login/index.html
[ info ] www.7qiaoban.cn/Admin/login/index.html [运行时间：0.031684s][吞吐率：31.56req/s] [内存消耗：1,740.39kb] [文件加载：53]
[ info ] [ LANG ] /www/wwwroot/furniture/thinkphp/lang/zh-cn.php
[ info ] [ ROUTE ] array (
  'type' => 'module',
  'module' => 
  array (
    0 => 'Admin',
    1 => 'login',
    2 => 'index',
  ),
)
[ info ] [ HEADER ] array (
  'cookie' => 'PHPSESSID=km5ah2cincgfqpoboesbm6g4vf;',
  'accept' => '*/*',
  'if-none-match' => '"@NULL@"',
  'accept-language' => 'zh-cn,zh-tw',
  'user-agent' => 'Mozilla/5.0 (compatible; Baiduspider/2.0; +http://www.baidu.com/search/spider.html)',
  'host' => 'www.7qiaoban.cn',
  'content-type' => '',
  'content-length' => '',
)
[ info ] [ PARAM ] array (
)
[ info ] [ SESSION ] INIT array (
  'id' => '',
  'var_session_id' => '',
  'prefix' => 'think',
  'type' => '',
  'auto_start' => true,
)
[ info ] [ BEHAVIOR ] Run app\admin\behavior\CheckLogin @module_init [ RunTime:0.000934s ]
[ info ] [ RUN ] app\admin\controller\Login->index[ /www/wwwroot/furniture/application/admin/controller/Login.php ]
[ info ] [ VIEW ] /www/wwwroot/furniture/public/../application/admin/view/login/index.html [ array (
) ]
[ info ] [ LOG ] INIT File
---------------------------------------------------------------
[ 2018-06-22T23:52:48+08:00 ] 111.73.45.97 GET /
[ info ] 47.98.223.33/ [运行时间：0.025040s][吞吐率：39.94req/s] [内存消耗：1,586.21kb] [文件加载：49]
[ info ] [ LANG ] /www/wwwroot/furniture/thinkphp/lang/zh-cn.php
[ info ] [ ROUTE ] array (
  'type' => 'module',
  'module' => 
  array (
    0 => '',
    1 => NULL,
    2 => NULL,
  ),
)
[ info ] [ HEADER ] array (
  'connection' => 'Keep-Alive',
  'host' => '47.98.223.33',
  'accept' => '*/*',
  'user-agent' => 'User-Agent:Mozilla/4.0 (compatible; MSIE 6.0; Windows NT 5.2; .NET CLR 1.0.3705',
  'content-type' => '',
  'content-length' => '',
)
[ info ] [ PARAM ] array (
)
[ info ] [ RUN ] app\index\controller\Index->index[ /www/wwwroot/furniture/application/index/controller/Index.php ]
[ info ] [ LOG ] INIT File
