---------------------------------------------------------------
[ 2018-06-23T00:59:40+08:00 ] 47.92.130.247 GET /
[ info ] m.7qiaoban.cn/ [运行时间：0.024811s][吞吐率：40.30req/s] [内存消耗：1,586.36kb] [文件加载：49]
[ info ] [ LANG ] /www/wwwroot/furniture/thinkphp/lang/zh-cn.php
[ info ] [ ROUTE ] array (
  'type' => 'module',
  'module' => 
  array (
    0 => '',
    1 => NULL,
    2 => NULL,
  ),
)
[ info ] [ HEADER ] array (
  'connection' => 'keep-alive',
  'accept' => 'text/html, image/gif, image/jpeg, *; q=.2, */*; q=.2',
  'host' => 'm.7qiaoban.cn',
  'user-agent' => 'Mozilla/5.0 (X11; Ubuntu; Linux x86_64; rv:36.0) Gecko/20100101 Firefox/36.0',
  'content-type' => '',
  'content-length' => '',
)
[ info ] [ PARAM ] array (
)
[ info ] [ RUN ] app\index\controller\Index->index[ /www/wwwroot/furniture/application/index/controller/Index.php ]
[ info ] [ LOG ] INIT File
---------------------------------------------------------------
[ 2018-06-23T01:06:19+08:00 ] 223.107.192.211 HEAD /
[ info ] www.7qiaoban.top/ [运行时间：0.026051s][吞吐率：38.39req/s] [内存消耗：1,585.67kb] [文件加载：49]
[ info ] [ LANG ] /www/wwwroot/furniture/thinkphp/lang/zh-cn.php
[ info ] [ ROUTE ] array (
  'type' => 'module',
  'module' => 
  array (
    0 => '',
    1 => NULL,
    2 => NULL,
  ),
)
[ info ] [ HEADER ] array (
  'host' => 'www.7qiaoban.top',
  'accept' => '*/*',
  'user-agent' => 'Chrome/57',
  'cache-control' => 'no-cache',
  'pragma' => 'no-cache',
  'content-type' => '',
  'content-length' => '',
)
[ info ] [ PARAM ] array (
)
[ info ] [ RUN ] app\index\controller\Index->index[ /www/wwwroot/furniture/application/index/controller/Index.php ]
[ info ] [ LOG ] INIT File
---------------------------------------------------------------
[ 2018-06-23T01:37:06+08:00 ] 47.92.137.155 GET /
[ info ] m.7qiaoban.top/ [运行时间：0.035007s][吞吐率：28.57req/s] [内存消耗：1,586.37kb] [文件加载：49]
[ info ] [ LANG ] /www/wwwroot/furniture/thinkphp/lang/zh-cn.php
[ info ] [ ROUTE ] array (
  'type' => 'module',
  'module' => 
  array (
    0 => '',
    1 => NULL,
    2 => NULL,
  ),
)
[ info ] [ HEADER ] array (
  'connection' => 'keep-alive',
  'accept' => 'text/html, image/gif, image/jpeg, *; q=.2, */*; q=.2',
  'host' => 'm.7qiaoban.top',
  'user-agent' => 'Mozilla/5.0 (X11; Ubuntu; Linux x86_64; rv:36.0) Gecko/20100101 Firefox/36.0',
  'content-type' => '',
  'content-length' => '',
)
[ info ] [ PARAM ] array (
)
[ info ] [ RUN ] app\index\controller\Index->index[ /www/wwwroot/furniture/application/index/controller/Index.php ]
[ info ] [ LOG ] INIT File
---------------------------------------------------------------
[ 2018-06-23T02:04:15+08:00 ] 47.92.2.67 GET /
[ info ] www.7qiaoban.cn/ [运行时间：0.025553s][吞吐率：39.13req/s] [内存消耗：1,586.50kb] [文件加载：49]
[ info ] [ LANG ] /www/wwwroot/furniture/thinkphp/lang/zh-cn.php
[ info ] [ ROUTE ] array (
  'type' => 'module',
  'module' => 
  array (
    0 => '',
    1 => NULL,
    2 => NULL,
  ),
)
[ info ] [ HEADER ] array (
  'connection' => 'keep-alive',
  'accept' => 'text/html, image/gif, image/jpeg, *; q=.2, */*; q=.2',
  'host' => 'www.7qiaoban.cn',
  'user-agent' => 'Mozilla/5.0 (X11; Ubuntu; Linux x86_64; rv:36.0) Gecko/20100101 Firefox/36.0',
  'content-type' => '',
  'content-length' => '',
)
[ info ] [ PARAM ] array (
)
[ info ] [ RUN ] app\index\controller\Index->index[ /www/wwwroot/furniture/application/index/controller/Index.php ]
[ info ] [ LOG ] INIT File
---------------------------------------------------------------
[ 2018-06-23T02:04:15+08:00 ] 47.92.2.67 GET /admin/index/index.html
[ info ] www.7qiaoban.cn/admin/index/index.html [运行时间：0.022697s][吞吐率：44.06req/s] [内存消耗：1,377.02kb] [文件加载：44]
[ info ] [ LANG ] /www/wwwroot/furniture/thinkphp/lang/zh-cn.php
[ info ] [ ROUTE ] array (
  'type' => 'module',
  'module' => 
  array (
    0 => 'admin',
    1 => 'index',
    2 => 'index',
  ),
)
[ info ] [ HEADER ] array (
  'connection' => 'keep-alive',
  'accept' => 'text/html, image/gif, image/jpeg, *; q=.2, */*; q=.2',
  'host' => 'www.7qiaoban.cn',
  'user-agent' => 'Mozilla/5.0 (X11; Ubuntu; Linux x86_64; rv:36.0) Gecko/20100101 Firefox/36.0',
  'content-type' => '',
  'content-length' => '',
)
[ info ] [ PARAM ] array (
)
[ info ] [ SESSION ] INIT array (
  'id' => '',
  'var_session_id' => '',
  'prefix' => 'think',
  'type' => '',
  'auto_start' => true,
)
[ info ] [ LOG ] INIT File
---------------------------------------------------------------
[ 2018-06-23T02:26:32+08:00 ] 201.43.127.69 GET /
[ info ] 47.98.223.33:80/ [运行时间：0.025832s][吞吐率：38.71req/s] [内存消耗：1,586.17kb] [文件加载：49]
[ info ] [ LANG ] /www/wwwroot/furniture/thinkphp/lang/zh-cn.php
[ info ] [ ROUTE ] array (
  'type' => 'module',
  'module' => 
  array (
    0 => '',
    1 => NULL,
    2 => NULL,
  ),
)
[ info ] [ HEADER ] array (
  'content-length' => '0',
  'user-agent' => 'Mozilla/5.0 (Macintosh; Intel Mac OS X 10_11_6) AppleWebKit/601.7.7 (KHTML, like Gecko) Version/9.1.2 Safari/601.7.7',
  'host' => '47.98.223.33:80',
  'content-type' => '',
)
[ info ] [ PARAM ] array (
)
[ info ] [ RUN ] app\index\controller\Index->index[ /www/wwwroot/furniture/application/index/controller/Index.php ]
[ info ] [ LOG ] INIT File
---------------------------------------------------------------
[ 2018-06-23T02:31:03+08:00 ] 123.125.71.106 GET /
[ info ] www.7qiaoban.cn/ [运行时间：0.026398s][吞吐率：37.88req/s] [内存消耗：1,586.63kb] [文件加载：49]
[ info ] [ LANG ] /www/wwwroot/furniture/thinkphp/lang/zh-cn.php
[ info ] [ ROUTE ] array (
  'type' => 'module',
  'module' => 
  array (
    0 => '',
    1 => NULL,
    2 => NULL,
  ),
)
[ info ] [ HEADER ] array (
  'accept' => '*/*',
  'if-none-match' => '"@NULL@"',
  'accept-language' => 'zh-cn,zh-tw',
  'user-agent' => 'Mozilla/5.0 (compatible; Baiduspider/2.0; +http://www.baidu.com/search/spider.html)',
  'host' => 'www.7qiaoban.cn',
  'content-type' => '',
  'content-length' => '',
)
[ info ] [ PARAM ] array (
)
[ info ] [ RUN ] app\index\controller\Index->index[ /www/wwwroot/furniture/application/index/controller/Index.php ]
[ info ] [ LOG ] INIT File
---------------------------------------------------------------
[ 2018-06-23T02:31:03+08:00 ] 123.125.71.88 GET /admin/index/index.html
[ info ] www.7qiaoban.cn/admin/index/index.html [运行时间：0.021998s][吞吐率：45.46req/s] [内存消耗：1,377.15kb] [文件加载：44]
[ info ] [ LANG ] /www/wwwroot/furniture/thinkphp/lang/zh-cn.php
[ info ] [ ROUTE ] array (
  'type' => 'module',
  'module' => 
  array (
    0 => 'admin',
    1 => 'index',
    2 => 'index',
  ),
)
[ info ] [ HEADER ] array (
  'accept' => '*/*',
  'if-none-match' => '"@NULL@"',
  'accept-language' => 'zh-cn,zh-tw',
  'user-agent' => 'Mozilla/5.0 (compatible; Baiduspider/2.0; +http://www.baidu.com/search/spider.html)',
  'host' => 'www.7qiaoban.cn',
  'content-type' => '',
  'content-length' => '',
)
[ info ] [ PARAM ] array (
)
[ info ] [ SESSION ] INIT array (
  'id' => '',
  'var_session_id' => '',
  'prefix' => 'think',
  'type' => '',
  'auto_start' => true,
)
[ info ] [ LOG ] INIT File
---------------------------------------------------------------
[ 2018-06-23T02:31:03+08:00 ] 123.125.71.104 GET /Admin/login/index.html
[ info ] www.7qiaoban.cn/Admin/login/index.html [运行时间：0.032754s][吞吐率：30.53req/s] [内存消耗：1,740.39kb] [文件加载：53]
[ info ] [ LANG ] /www/wwwroot/furniture/thinkphp/lang/zh-cn.php
[ info ] [ ROUTE ] array (
  'type' => 'module',
  'module' => 
  array (
    0 => 'Admin',
    1 => 'login',
    2 => 'index',
  ),
)
[ info ] [ HEADER ] array (
  'cookie' => 'PHPSESSID=8ghspa41g8b2u4e1ue0r12a8v4;',
  'accept' => '*/*',
  'if-none-match' => '"@NULL@"',
  'accept-language' => 'zh-cn,zh-tw',
  'user-agent' => 'Mozilla/5.0 (compatible; Baiduspider/2.0; +http://www.baidu.com/search/spider.html)',
  'host' => 'www.7qiaoban.cn',
  'content-type' => '',
  'content-length' => '',
)
[ info ] [ PARAM ] array (
)
[ info ] [ SESSION ] INIT array (
  'id' => '',
  'var_session_id' => '',
  'prefix' => 'think',
  'type' => '',
  'auto_start' => true,
)
[ info ] [ BEHAVIOR ] Run app\admin\behavior\CheckLogin @module_init [ RunTime:0.000931s ]
[ info ] [ RUN ] app\admin\controller\Login->index[ /www/wwwroot/furniture/application/admin/controller/Login.php ]
[ info ] [ VIEW ] /www/wwwroot/furniture/public/../application/admin/view/login/index.html [ array (
) ]
[ info ] [ LOG ] INIT File
---------------------------------------------------------------
[ 2018-06-23T03:35:26+08:00 ] 60.191.38.77 GET /
[ info ] 47.98.223.33:443/ [运行时间：0.026548s][吞吐率：37.67req/s] [内存消耗：1,586.55kb] [文件加载：49]
[ info ] [ LANG ] /www/wwwroot/furniture/thinkphp/lang/zh-cn.php
[ info ] [ ROUTE ] array (
  'type' => 'module',
  'module' => 
  array (
    0 => '',
    1 => NULL,
    2 => NULL,
  ),
)
[ info ] [ HEADER ] array (
  'connection' => 'keep-alive',
  'accept' => 'text/html,application/xhtml+xml,application/xml;q=0.9,*/*;q=0.8',
  'user-agent' => 'Mozilla/5.0 (Macintosh; Intel Mac OS X 10.11; rv:47.0) Gecko/20100101 Firefox/47.0',
  'host' => '47.98.223.33:443',
  'content-type' => '',
  'content-length' => '',
)
[ info ] [ PARAM ] array (
)
[ info ] [ RUN ] app\index\controller\Index->index[ /www/wwwroot/furniture/application/index/controller/Index.php ]
[ info ] [ LOG ] INIT File
---------------------------------------------------------------
[ 2018-06-23T03:37:16+08:00 ] 140.205.205.23 HEAD /
[ info ] www.7qiaoban.cn:443/ [运行时间：0.025016s][吞吐率：39.97req/s] [内存消耗：1,585.39kb] [文件加载：49]
[ info ] [ LANG ] /www/wwwroot/furniture/thinkphp/lang/zh-cn.php
[ info ] [ ROUTE ] array (
  'type' => 'module',
  'module' => 
  array (
    0 => '',
    1 => NULL,
    2 => NULL,
  ),
)
[ info ] [ HEADER ] array (
  'connection' => 'close',
  'user-agent' => 'Go-http-client/1.1',
  'host' => 'www.7qiaoban.cn:443',
  'content-type' => '',
  'content-length' => '',
)
[ info ] [ PARAM ] array (
)
[ info ] [ RUN ] app\index\controller\Index->index[ /www/wwwroot/furniture/application/index/controller/Index.php ]
[ info ] [ LOG ] INIT File
---------------------------------------------------------------
[ 2018-06-23T03:37:16+08:00 ] 140.205.205.23 HEAD /
[ info ] www.7qiaoban.top:443/ [运行时间：0.024544s][吞吐率：40.74req/s] [内存消耗：1,585.39kb] [文件加载：49]
[ info ] [ LANG ] /www/wwwroot/furniture/thinkphp/lang/zh-cn.php
[ info ] [ ROUTE ] array (
  'type' => 'module',
  'module' => 
  array (
    0 => '',
    1 => NULL,
    2 => NULL,
  ),
)
[ info ] [ HEADER ] array (
  'connection' => 'close',
  'user-agent' => 'Go-http-client/1.1',
  'host' => 'www.7qiaoban.top:443',
  'content-type' => '',
  'content-length' => '',
)
[ info ] [ PARAM ] array (
)
[ info ] [ RUN ] app\index\controller\Index->index[ /www/wwwroot/furniture/application/index/controller/Index.php ]
[ info ] [ LOG ] INIT File
---------------------------------------------------------------
[ 2018-06-23T03:38:09+08:00 ] 140.205.205.25 GET /
[ info ] www.7qiaoban.top/ [运行时间：0.024492s][吞吐率：40.83req/s] [内存消耗：1,586.66kb] [文件加载：49]
[ info ] [ LANG ] /www/wwwroot/furniture/thinkphp/lang/zh-cn.php
[ info ] [ ROUTE ] array (
  'type' => 'module',
  'module' => 
  array (
    0 => '',
    1 => NULL,
    2 => NULL,
  ),
)
[ info ] [ HEADER ] array (
  'user-agent' => 'Scrapy/1.5.0 (+https://scrapy.org)',
  'accept' => 'text/html,application/xhtml+xml,application/xml;q=0.9,*/*;q=0.8',
  'accept-encoding' => 'gzip,deflate',
  'accept-language' => 'en',
  'host' => 'www.7qiaoban.top',
  'content-type' => '',
  'content-length' => '',
)
[ info ] [ PARAM ] array (
)
[ info ] [ RUN ] app\index\controller\Index->index[ /www/wwwroot/furniture/application/index/controller/Index.php ]
[ info ] [ LOG ] INIT File
---------------------------------------------------------------
[ 2018-06-23T03:38:09+08:00 ] 140.205.205.25 GET /admin/index/index.html
[ info ] www.7qiaoban.top/admin/index/index.html [运行时间：0.021109s][吞吐率：47.37req/s] [内存消耗：1,377.18kb] [文件加载：44]
[ info ] [ LANG ] /www/wwwroot/furniture/thinkphp/lang/zh-cn.php
[ info ] [ ROUTE ] array (
  'type' => 'module',
  'module' => 
  array (
    0 => 'admin',
    1 => 'index',
    2 => 'index',
  ),
)
[ info ] [ HEADER ] array (
  'user-agent' => 'Scrapy/1.5.0 (+https://scrapy.org)',
  'accept' => 'text/html,application/xhtml+xml,application/xml;q=0.9,*/*;q=0.8',
  'accept-encoding' => 'gzip,deflate',
  'accept-language' => 'en',
  'host' => 'www.7qiaoban.top',
  'content-type' => '',
  'content-length' => '',
)
[ info ] [ PARAM ] array (
)
[ info ] [ SESSION ] INIT array (
  'id' => '',
  'var_session_id' => '',
  'prefix' => 'think',
  'type' => '',
  'auto_start' => true,
)
[ info ] [ LOG ] INIT File
---------------------------------------------------------------
[ 2018-06-23T03:38:09+08:00 ] 140.205.205.25 GET /Admin/login/index.html
[ info ] www.7qiaoban.top/Admin/login/index.html [运行时间：0.031851s][吞吐率：31.40req/s] [内存消耗：1,738.15kb] [文件加载：53]
[ info ] [ LANG ] /www/wwwroot/furniture/thinkphp/lang/zh-cn.php
[ info ] [ ROUTE ] array (
  'type' => 'module',
  'module' => 
  array (
    0 => 'Admin',
    1 => 'login',
    2 => 'index',
  ),
)
[ info ] [ HEADER ] array (
  'user-agent' => 'Scrapy/1.5.0 (+https://scrapy.org)',
  'accept' => 'text/html,application/xhtml+xml,application/xml;q=0.9,*/*;q=0.8',
  'accept-encoding' => 'gzip,deflate',
  'accept-language' => 'en',
  'host' => 'www.7qiaoban.top',
  'content-type' => '',
  'content-length' => '',
)
[ info ] [ PARAM ] array (
)
[ info ] [ SESSION ] INIT array (
  'id' => '',
  'var_session_id' => '',
  'prefix' => 'think',
  'type' => '',
  'auto_start' => true,
)
[ info ] [ BEHAVIOR ] Run app\admin\behavior\CheckLogin @module_init [ RunTime:0.000954s ]
[ info ] [ RUN ] app\admin\controller\Login->index[ /www/wwwroot/furniture/application/admin/controller/Login.php ]
[ info ] [ VIEW ] /www/wwwroot/furniture/public/../application/admin/view/login/index.html [ array (
) ]
[ info ] [ LOG ] INIT File
---------------------------------------------------------------
[ 2018-06-23T03:38:09+08:00 ] 140.205.205.23 GET /Admin/login/index.html
[ info ] www.7qiaoban.top/Admin/login/index.html [运行时间：0.032675s][吞吐率：30.60req/s] [内存消耗：1,739.73kb] [文件加载：53]
[ info ] [ LANG ] /www/wwwroot/furniture/thinkphp/lang/zh-cn.php
[ info ] [ ROUTE ] array (
  'type' => 'module',
  'module' => 
  array (
    0 => 'Admin',
    1 => 'login',
    2 => 'index',
  ),
)
[ info ] [ HEADER ] array (
  'referer' => 'https://www.7qiaoban.top/Admin/login/index.html',
  'host' => 'www.7qiaoban.top',
  'user-agent' => 'Scrapy/1.5.0 (+https://scrapy.org)',
  'accept' => 'text/html,application/xhtml+xml,application/xml;q=0.9,*/*;q=0.8',
  'accept-encoding' => 'gzip,deflate',
  'accept-language' => 'en',
  'content-type' => '',
  'content-length' => '',
)
[ info ] [ PARAM ] array (
)
[ info ] [ SESSION ] INIT array (
  'id' => '',
  'var_session_id' => '',
  'prefix' => 'think',
  'type' => '',
  'auto_start' => true,
)
[ info ] [ BEHAVIOR ] Run app\admin\behavior\CheckLogin @module_init [ RunTime:0.001005s ]
[ info ] [ RUN ] app\admin\controller\Login->index[ /www/wwwroot/furniture/application/admin/controller/Login.php ]
[ info ] [ VIEW ] /www/wwwroot/furniture/public/../application/admin/view/login/index.html [ array (
) ]
[ info ] [ LOG ] INIT File
---------------------------------------------------------------
[ 2018-06-23T03:38:09+08:00 ] 140.205.205.25 GET /Admin/login/7qiaoban.cn
[ info ] www.7qiaoban.top/Admin/login/7qiaoban.cn [运行时间：0.053934s][吞吐率：18.54req/s] [内存消耗：1,742.83kb] [文件加载：55]
[ info ] [ LANG ] /www/wwwroot/furniture/thinkphp/lang/zh-cn.php
[ info ] [ ROUTE ] array (
  'type' => 'module',
  'module' => 
  array (
    0 => 'Admin',
    1 => 'login',
    2 => '7qiaoban.cn',
  ),
)
[ info ] [ HEADER ] array (
  'referer' => 'https://www.7qiaoban.top/Admin/login/index.html',
  'host' => 'www.7qiaoban.top',
  'user-agent' => 'Scrapy/1.5.0 (+https://scrapy.org)',
  'accept' => 'text/html,application/xhtml+xml,application/xml;q=0.9,*/*;q=0.8',
  'accept-encoding' => 'gzip,deflate',
  'accept-language' => 'en',
  'content-type' => '',
  'content-length' => '',
)
[ info ] [ PARAM ] array (
)
[ info ] [ SESSION ] INIT array (
  'id' => '',
  'var_session_id' => '',
  'prefix' => 'think',
  'type' => '',
  'auto_start' => true,
)
[ info ] [ BEHAVIOR ] Run app\admin\behavior\CheckLogin @module_init [ RunTime:0.000954s ]
[ info ] [ LOG ] INIT File
---------------------------------------------------------------
[ 2018-06-23T03:38:09+08:00 ] 140.205.205.25 GET /Admin/login/7qiaoban.cn
[ info ] www.7qiaoban.top/Admin/login/7qiaoban.cn [运行时间：0.026267s][吞吐率：38.07req/s] [内存消耗：1,423.16kb] [文件加载：45]
[ info ] [ LANG ] /www/wwwroot/furniture/thinkphp/lang/zh-cn.php
[ info ] [ ROUTE ] array (
  'type' => 'module',
  'module' => 
  array (
    0 => '404',
    1 => NULL,
    2 => NULL,
  ),
)
[ info ] [ HEADER ] array (
  'referer' => 'https://www.7qiaoban.top/Admin/login/index.html',
  'host' => 'www.7qiaoban.top',
  'user-agent' => 'Scrapy/1.5.0 (+https://scrapy.org)',
  'accept' => 'text/html,application/xhtml+xml,application/xml;q=0.9,*/*;q=0.8',
  'accept-encoding' => 'gzip,deflate',
  'accept-language' => 'en',
  'content-type' => '',
  'content-length' => '',
)
[ info ] [ PARAM ] array (
)
[ info ] [ LOG ] INIT File
---------------------------------------------------------------
[ 2018-06-23T03:40:25+08:00 ] 62.155.190.120 GET /
[ info ] 47.98.223.33/ [运行时间：0.025632s][吞吐率：39.01req/s] [内存消耗：1,586.31kb] [文件加载：49]
[ info ] [ LANG ] /www/wwwroot/furniture/thinkphp/lang/zh-cn.php
[ info ] [ ROUTE ] array (
  'type' => 'module',
  'module' => 
  array (
    0 => '',
    1 => NULL,
    2 => NULL,
  ),
)
[ info ] [ HEADER ] array (
  'host' => '47.98.223.33',
  'user-agent' => 'Mozilla/5.0 (Windows NT 10.0; Win64; x64) AppleWebKit/537.36 (KHTML, like Gecko) Chrome/63.0.3239.132 Safari/537.36',
  'keep-alive' => '300',
  'connection' => 'Keep-Alive',
  'content-type' => '',
  'content-length' => '',
)
[ info ] [ PARAM ] array (
)
[ info ] [ RUN ] app\index\controller\Index->index[ /www/wwwroot/furniture/application/index/controller/Index.php ]
[ info ] [ LOG ] INIT File
---------------------------------------------------------------
[ 2018-06-23T03:40:30+08:00 ] 62.155.190.120 GET /
[ info ] 47.98.223.33/ [运行时间：0.024800s][吞吐率：40.32req/s] [内存消耗：1,586.31kb] [文件加载：49]
[ info ] [ LANG ] /www/wwwroot/furniture/thinkphp/lang/zh-cn.php
[ info ] [ ROUTE ] array (
  'type' => 'module',
  'module' => 
  array (
    0 => '',
    1 => NULL,
    2 => NULL,
  ),
)
[ info ] [ HEADER ] array (
  'host' => '47.98.223.33',
  'user-agent' => 'Mozilla/5.0 (Windows NT 10.0; Win64; x64) AppleWebKit/537.36 (KHTML, like Gecko) Chrome/63.0.3239.132 Safari/537.36',
  'keep-alive' => '300',
  'connection' => 'Keep-Alive',
  'content-type' => '',
  'content-length' => '',
)
[ info ] [ PARAM ] array (
)
[ info ] [ RUN ] app\index\controller\Index->index[ /www/wwwroot/furniture/application/index/controller/Index.php ]
[ info ] [ LOG ] INIT File
---------------------------------------------------------------
[ 2018-06-23T03:40:55+08:00 ] 140.205.205.23 GET /
[ info ] www.7qiaoban.cn/ [运行时间：0.024511s][吞吐率：40.80req/s] [内存消耗：1,586.65kb] [文件加载：49]
[ info ] [ LANG ] /www/wwwroot/furniture/thinkphp/lang/zh-cn.php
[ info ] [ ROUTE ] array (
  'type' => 'module',
  'module' => 
  array (
    0 => '',
    1 => NULL,
    2 => NULL,
  ),
)
[ info ] [ HEADER ] array (
  'user-agent' => 'Scrapy/1.5.0 (+https://scrapy.org)',
  'accept' => 'text/html,application/xhtml+xml,application/xml;q=0.9,*/*;q=0.8',
  'accept-encoding' => 'gzip,deflate',
  'accept-language' => 'en',
  'host' => 'www.7qiaoban.cn',
  'content-type' => '',
  'content-length' => '',
)
[ info ] [ PARAM ] array (
)
[ info ] [ RUN ] app\index\controller\Index->index[ /www/wwwroot/furniture/application/index/controller/Index.php ]
[ info ] [ LOG ] INIT File
---------------------------------------------------------------
[ 2018-06-23T03:40:55+08:00 ] 140.205.205.23 GET /admin/index/index.html
[ info ] www.7qiaoban.cn/admin/index/index.html [运行时间：0.021231s][吞吐率：47.10req/s] [内存消耗：1,377.16kb] [文件加载：44]
[ info ] [ LANG ] /www/wwwroot/furniture/thinkphp/lang/zh-cn.php
[ info ] [ ROUTE ] array (
  'type' => 'module',
  'module' => 
  array (
    0 => 'admin',
    1 => 'index',
    2 => 'index',
  ),
)
[ info ] [ HEADER ] array (
  'user-agent' => 'Scrapy/1.5.0 (+https://scrapy.org)',
  'accept' => 'text/html,application/xhtml+xml,application/xml;q=0.9,*/*;q=0.8',
  'accept-encoding' => 'gzip,deflate',
  'accept-language' => 'en',
  'host' => 'www.7qiaoban.cn',
  'content-type' => '',
  'content-length' => '',
)
[ info ] [ PARAM ] array (
)
[ info ] [ SESSION ] INIT array (
  'id' => '',
  'var_session_id' => '',
  'prefix' => 'think',
  'type' => '',
  'auto_start' => true,
)
[ info ] [ LOG ] INIT File
---------------------------------------------------------------
[ 2018-06-23T03:40:55+08:00 ] 140.205.205.23 GET /Admin/login/index.html
[ info ] www.7qiaoban.cn/Admin/login/index.html [运行时间：0.035594s][吞吐率：28.09req/s] [内存消耗：1,738.13kb] [文件加载：53]
[ info ] [ LANG ] /www/wwwroot/furniture/thinkphp/lang/zh-cn.php
[ info ] [ ROUTE ] array (
  'type' => 'module',
  'module' => 
  array (
    0 => 'Admin',
    1 => 'login',
    2 => 'index',
  ),
)
[ info ] [ HEADER ] array (
  'user-agent' => 'Scrapy/1.5.0 (+https://scrapy.org)',
  'accept' => 'text/html,application/xhtml+xml,application/xml;q=0.9,*/*;q=0.8',
  'accept-encoding' => 'gzip,deflate',
  'accept-language' => 'en',
  'host' => 'www.7qiaoban.cn',
  'content-type' => '',
  'content-length' => '',
)
[ info ] [ PARAM ] array (
)
[ info ] [ SESSION ] INIT array (
  'id' => '',
  'var_session_id' => '',
  'prefix' => 'think',
  'type' => '',
  'auto_start' => true,
)
[ info ] [ BEHAVIOR ] Run app\admin\behavior\CheckLogin @module_init [ RunTime:0.001074s ]
[ info ] [ RUN ] app\admin\controller\Login->index[ /www/wwwroot/furniture/application/admin/controller/Login.php ]
[ info ] [ VIEW ] /www/wwwroot/furniture/public/../application/admin/view/login/index.html [ array (
) ]
[ info ] [ LOG ] INIT File
---------------------------------------------------------------
[ 2018-06-23T03:40:56+08:00 ] 140.205.205.23 GET /Admin/login/index.html
[ info ] www.7qiaoban.cn/Admin/login/index.html [运行时间：0.034867s][吞吐率：28.68req/s] [内存消耗：1,739.71kb] [文件加载：53]
[ info ] [ LANG ] /www/wwwroot/furniture/thinkphp/lang/zh-cn.php
[ info ] [ ROUTE ] array (
  'type' => 'module',
  'module' => 
  array (
    0 => 'Admin',
    1 => 'login',
    2 => 'index',
  ),
)
[ info ] [ HEADER ] array (
  'referer' => 'https://www.7qiaoban.cn/Admin/login/index.html',
  'host' => 'www.7qiaoban.cn',
  'user-agent' => 'Scrapy/1.5.0 (+https://scrapy.org)',
  'accept' => 'text/html,application/xhtml+xml,application/xml;q=0.9,*/*;q=0.8',
  'accept-encoding' => 'gzip,deflate',
  'accept-language' => 'en',
  'content-type' => '',
  'content-length' => '',
)
[ info ] [ PARAM ] array (
)
[ info ] [ SESSION ] INIT array (
  'id' => '',
  'var_session_id' => '',
  'prefix' => 'think',
  'type' => '',
  'auto_start' => true,
)
[ info ] [ BEHAVIOR ] Run app\admin\behavior\CheckLogin @module_init [ RunTime:0.001003s ]
[ info ] [ RUN ] app\admin\controller\Login->index[ /www/wwwroot/furniture/application/admin/controller/Login.php ]
[ info ] [ VIEW ] /www/wwwroot/furniture/public/../application/admin/view/login/index.html [ array (
) ]
[ info ] [ LOG ] INIT File
---------------------------------------------------------------
[ 2018-06-23T03:40:57+08:00 ] 140.205.205.25 GET /Admin/login/7qiaoban.cn
[ info ] www.7qiaoban.cn/Admin/login/7qiaoban.cn [运行时间：0.044868s][吞吐率：22.29req/s] [内存消耗：1,742.80kb] [文件加载：55]
[ info ] [ LANG ] /www/wwwroot/furniture/thinkphp/lang/zh-cn.php
[ info ] [ ROUTE ] array (
  'type' => 'module',
  'module' => 
  array (
    0 => 'Admin',
    1 => 'login',
    2 => '7qiaoban.cn',
  ),
)
[ info ] [ HEADER ] array (
  'referer' => 'https://www.7qiaoban.cn/Admin/login/index.html',
  'host' => 'www.7qiaoban.cn',
  'user-agent' => 'Scrapy/1.5.0 (+https://scrapy.org)',
  'accept' => 'text/html,application/xhtml+xml,application/xml;q=0.9,*/*;q=0.8',
  'accept-encoding' => 'gzip,deflate',
  'accept-language' => 'en',
  'content-type' => '',
  'content-length' => '',
)
[ info ] [ PARAM ] array (
)
[ info ] [ SESSION ] INIT array (
  'id' => '',
  'var_session_id' => '',
  'prefix' => 'think',
  'type' => '',
  'auto_start' => true,
)
[ info ] [ BEHAVIOR ] Run app\admin\behavior\CheckLogin @module_init [ RunTime:0.001015s ]
[ info ] [ LOG ] INIT File
---------------------------------------------------------------
[ 2018-06-23T03:40:57+08:00 ] 140.205.205.25 GET /Admin/login/7qiaoban.cn
[ info ] www.7qiaoban.cn/Admin/login/7qiaoban.cn [运行时间：0.027239s][吞吐率：36.71req/s] [内存消耗：1,423.13kb] [文件加载：45]
[ info ] [ LANG ] /www/wwwroot/furniture/thinkphp/lang/zh-cn.php
[ info ] [ ROUTE ] array (
  'type' => 'module',
  'module' => 
  array (
    0 => '404',
    1 => NULL,
    2 => NULL,
  ),
)
[ info ] [ HEADER ] array (
  'referer' => 'https://www.7qiaoban.cn/Admin/login/index.html',
  'host' => 'www.7qiaoban.cn',
  'user-agent' => 'Scrapy/1.5.0 (+https://scrapy.org)',
  'accept' => 'text/html,application/xhtml+xml,application/xml;q=0.9,*/*;q=0.8',
  'accept-encoding' => 'gzip,deflate',
  'accept-language' => 'en',
  'content-type' => '',
  'content-length' => '',
)
[ info ] [ PARAM ] array (
)
[ info ] [ LOG ] INIT File
---------------------------------------------------------------
[ 2018-06-23T03:47:27+08:00 ] 119.165.120.79 HEAD /
[ info ] www.7qiaoban.top/ [运行时间：0.024919s][吞吐率：40.13req/s] [内存消耗：1,585.67kb] [文件加载：49]
[ info ] [ LANG ] /www/wwwroot/furniture/thinkphp/lang/zh-cn.php
[ info ] [ ROUTE ] array (
  'type' => 'module',
  'module' => 
  array (
    0 => '',
    1 => NULL,
    2 => NULL,
  ),
)
[ info ] [ HEADER ] array (
  'host' => 'www.7qiaoban.top',
  'accept' => '*/*',
  'user-agent' => 'Chrome/57',
  'cache-control' => 'no-cache',
  'pragma' => 'no-cache',
  'content-type' => '',
  'content-length' => '',
)
[ info ] [ PARAM ] array (
)
[ info ] [ RUN ] app\index\controller\Index->index[ /www/wwwroot/furniture/application/index/controller/Index.php ]
[ info ] [ LOG ] INIT File
---------------------------------------------------------------
[ 2018-06-23T04:32:15+08:00 ] 80.82.77.139 GET /
[ info ] 47.98.223.33/ [运行时间：0.025176s][吞吐率：39.72req/s] [内存消耗：1,586.63kb] [文件加载：49]
[ info ] [ LANG ] /www/wwwroot/furniture/thinkphp/lang/zh-cn.php
[ info ] [ ROUTE ] array (
  'type' => 'module',
  'module' => 
  array (
    0 => '',
    1 => NULL,
    2 => NULL,
  ),
)
[ info ] [ HEADER ] array (
  'user-agent' => 'Mozilla/5.0 (X11; Linux x86_64) AppleWebKit/537.36 (KHTML, like Gecko) Chrome/34.0.1847.137 Safari/537.36',
  'accept' => 'text/html,application/xhtml+xml,application/xml;q=0.9,*/*;q=0.8',
  'host' => '47.98.223.33',
  'accept-encoding' => 'identity',
  'content-type' => '',
  'content-length' => '',
)
[ info ] [ PARAM ] array (
)
[ info ] [ RUN ] app\index\controller\Index->index[ /www/wwwroot/furniture/application/index/controller/Index.php ]
[ info ] [ LOG ] INIT File
---------------------------------------------------------------
[ 2018-06-23T04:32:16+08:00 ] 80.82.77.139 GET /admin/index/index.html
[ info ] 47.98.223.33/admin/index/index.html [运行时间：0.021475s][吞吐率：46.57req/s] [内存消耗：1,377.41kb] [文件加载：44]
[ info ] [ LANG ] /www/wwwroot/furniture/thinkphp/lang/zh-cn.php
[ info ] [ ROUTE ] array (
  'type' => 'module',
  'module' => 
  array (
    0 => 'admin',
    1 => 'index',
    2 => 'index',
  ),
)
[ info ] [ HEADER ] array (
  'user-agent' => 'Mozilla/5.0 (X11; Linux x86_64) AppleWebKit/537.36 (KHTML, like Gecko) Chrome/34.0.1847.137 Safari/537.36',
  'accept' => 'text/html,application/xhtml+xml,application/xml;q=0.9,*/*;q=0.8',
  'host' => '47.98.223.33',
  'accept-encoding' => 'identity',
  'content-type' => '',
  'content-length' => '',
)
[ info ] [ PARAM ] array (
)
[ info ] [ SESSION ] INIT array (
  'id' => '',
  'var_session_id' => '',
  'prefix' => 'think',
  'type' => '',
  'auto_start' => true,
)
[ info ] [ LOG ] INIT File
---------------------------------------------------------------
[ 2018-06-23T04:32:17+08:00 ] 80.82.77.139 GET /Admin/login/index.html
[ info ] 47.98.223.33/Admin/login/index.html [运行时间：0.033154s][吞吐率：30.16req/s] [内存消耗：1,738.13kb] [文件加载：53]
[ info ] [ LANG ] /www/wwwroot/furniture/thinkphp/lang/zh-cn.php
[ info ] [ ROUTE ] array (
  'type' => 'module',
  'module' => 
  array (
    0 => 'Admin',
    1 => 'login',
    2 => 'index',
  ),
)
[ info ] [ HEADER ] array (
  'user-agent' => 'Mozilla/5.0 (X11; Linux x86_64) AppleWebKit/537.36 (KHTML, like Gecko) Chrome/34.0.1847.137 Safari/537.36',
  'accept' => 'text/html,application/xhtml+xml,application/xml;q=0.9,*/*;q=0.8',
  'host' => '47.98.223.33',
  'accept-encoding' => 'identity',
  'content-type' => '',
  'content-length' => '',
)
[ info ] [ PARAM ] array (
)
[ info ] [ SESSION ] INIT array (
  'id' => '',
  'var_session_id' => '',
  'prefix' => 'think',
  'type' => '',
  'auto_start' => true,
)
[ info ] [ BEHAVIOR ] Run app\admin\behavior\CheckLogin @module_init [ RunTime:0.000995s ]
[ info ] [ RUN ] app\admin\controller\Login->index[ /www/wwwroot/furniture/application/admin/controller/Login.php ]
[ info ] [ VIEW ] /www/wwwroot/furniture/public/../application/admin/view/login/index.html [ array (
) ]
[ info ] [ LOG ] INIT File
---------------------------------------------------------------
[ 2018-06-23T04:32:29+08:00 ] 80.82.77.139 GET /sitemap.xml
[ info ] 47.98.223.33/sitemap.xml [运行时间：0.036568s][吞吐率：27.35req/s] [内存消耗：1,419.91kb] [文件加载：45]
[ info ] [ LANG ] /www/wwwroot/furniture/thinkphp/lang/zh-cn.php
[ info ] [ ROUTE ] array (
  'type' => 'module',
  'module' => 
  array (
    0 => 'sitemap.xml',
    1 => NULL,
    2 => NULL,
  ),
)
[ info ] [ HEADER ] array (
  'accept-encoding' => 'identity',
  'host' => '47.98.223.33',
  'content-type' => '',
  'content-length' => '',
)
[ info ] [ PARAM ] array (
)
[ info ] [ LOG ] INIT File
---------------------------------------------------------------
[ 2018-06-23T04:32:29+08:00 ] 80.82.77.139 GET /sitemap.xml
[ info ] 47.98.223.33/sitemap.xml [运行时间：0.027386s][吞吐率：36.52req/s] [内存消耗：1,419.94kb] [文件加载：45]
[ info ] [ LANG ] /www/wwwroot/furniture/thinkphp/lang/zh-cn.php
[ info ] [ ROUTE ] array (
  'type' => 'module',
  'module' => 
  array (
    0 => '404',
    1 => NULL,
    2 => NULL,
  ),
)
[ info ] [ HEADER ] array (
  'accept-encoding' => 'identity',
  'host' => '47.98.223.33',
  'content-type' => '',
  'content-length' => '',
)
[ info ] [ PARAM ] array (
)
[ info ] [ LOG ] INIT File
---------------------------------------------------------------
[ 2018-06-23T04:32:30+08:00 ] 80.82.77.139 GET /.well-known/security.txt
[ info ] 47.98.223.33/.well-known/security.txt [运行时间：0.038041s][吞吐率：26.29req/s] [内存消耗：1,420.13kb] [文件加载：45]
[ info ] [ LANG ] /www/wwwroot/furniture/thinkphp/lang/zh-cn.php
[ info ] [ ROUTE ] array (
  'type' => 'module',
  'module' => 
  array (
    0 => '.well-known',
    1 => 'security.txt',
    2 => NULL,
  ),
)
[ info ] [ HEADER ] array (
  'accept-encoding' => 'identity',
  'host' => '47.98.223.33',
  'content-type' => '',
  'content-length' => '',
)
[ info ] [ PARAM ] array (
)
[ info ] [ LOG ] INIT File
---------------------------------------------------------------
[ 2018-06-23T04:32:30+08:00 ] 80.82.77.139 GET /.well-known/security.txt
[ info ] 47.98.223.33/.well-known/security.txt [运行时间：0.028205s][吞吐率：35.45req/s] [内存消耗：1,419.98kb] [文件加载：45]
[ info ] [ LANG ] /www/wwwroot/furniture/thinkphp/lang/zh-cn.php
[ info ] [ ROUTE ] array (
  'type' => 'module',
  'module' => 
  array (
    0 => '404',
    1 => NULL,
    2 => NULL,
  ),
)
[ info ] [ HEADER ] array (
  'accept-encoding' => 'identity',
  'host' => '47.98.223.33',
  'content-type' => '',
  'content-length' => '',
)
[ info ] [ PARAM ] array (
)
[ info ] [ LOG ] INIT File
---------------------------------------------------------------
[ 2018-06-23T05:17:03+08:00 ] 139.224.9.12 GET /
[ info ] m.7qiaoban.cn/ [运行时间：0.025065s][吞吐率：39.90req/s] [内存消耗：1,586.37kb] [文件加载：49]
[ info ] [ LANG ] /www/wwwroot/furniture/thinkphp/lang/zh-cn.php
[ info ] [ ROUTE ] array (
  'type' => 'module',
  'module' => 
  array (
    0 => '',
    1 => NULL,
    2 => NULL,
  ),
)
[ info ] [ HEADER ] array (
  'connection' => 'keep-alive',
  'accept' => 'text/html, image/gif, image/jpeg, *; q=.2, */*; q=.2',
  'host' => 'm.7qiaoban.cn',
  'user-agent' => 'Mozilla/5.0 (X11; Ubuntu; Linux x86_64; rv:36.0) Gecko/20100101 Firefox/36.0',
  'content-type' => '',
  'content-length' => '',
)
[ info ] [ PARAM ] array (
)
[ info ] [ RUN ] app\index\controller\Index->index[ /www/wwwroot/furniture/application/index/controller/Index.php ]
[ info ] [ LOG ] INIT File
---------------------------------------------------------------
[ 2018-06-23T05:39:01+08:00 ] 36.75.116.223 GET /
[ info ] 47.98.223.33:80/ [运行时间：0.024885s][吞吐率：40.18req/s] [内存消耗：1,586.17kb] [文件加载：49]
[ info ] [ LANG ] /www/wwwroot/furniture/thinkphp/lang/zh-cn.php
[ info ] [ ROUTE ] array (
  'type' => 'module',
  'module' => 
  array (
    0 => '',
    1 => NULL,
    2 => NULL,
  ),
)
[ info ] [ HEADER ] array (
  'content-length' => '0',
  'user-agent' => 'Mozilla/5.0 (Macintosh; Intel Mac OS X 10_11_6) AppleWebKit/601.7.7 (KHTML, like Gecko) Version/9.1.2 Safari/601.7.7',
  'host' => '47.98.223.33:80',
  'content-type' => '',
)
[ info ] [ PARAM ] array (
)
[ info ] [ RUN ] app\index\controller\Index->index[ /www/wwwroot/furniture/application/index/controller/Index.php ]
[ info ] [ LOG ] INIT File
---------------------------------------------------------------
[ 2018-06-23T06:21:11+08:00 ] 119.60.20.28 HEAD /
[ info ] www.7qiaoban.top/ [运行时间：0.024424s][吞吐率：40.94req/s] [内存消耗：1,585.67kb] [文件加载：49]
[ info ] [ LANG ] /www/wwwroot/furniture/thinkphp/lang/zh-cn.php
[ info ] [ ROUTE ] array (
  'type' => 'module',
  'module' => 
  array (
    0 => '',
    1 => NULL,
    2 => NULL,
  ),
)
[ info ] [ HEADER ] array (
  'host' => 'www.7qiaoban.top',
  'accept' => '*/*',
  'user-agent' => 'Chrome/57',
  'cache-control' => 'no-cache',
  'pragma' => 'no-cache',
  'content-type' => '',
  'content-length' => '',
)
[ info ] [ PARAM ] array (
)
[ info ] [ RUN ] app\index\controller\Index->index[ /www/wwwroot/furniture/application/index/controller/Index.php ]
[ info ] [ LOG ] INIT File
---------------------------------------------------------------
[ 2018-06-23T06:49:05+08:00 ] 139.224.238.204 GET /
[ info ] m.7qiaoban.top/ [运行时间：0.025200s][吞吐率：39.68req/s] [内存消耗：1,586.37kb] [文件加载：49]
[ info ] [ LANG ] /www/wwwroot/furniture/thinkphp/lang/zh-cn.php
[ info ] [ ROUTE ] array (
  'type' => 'module',
  'module' => 
  array (
    0 => '',
    1 => NULL,
    2 => NULL,
  ),
)
[ info ] [ HEADER ] array (
  'connection' => 'keep-alive',
  'accept' => 'text/html, image/gif, image/jpeg, *; q=.2, */*; q=.2',
  'host' => 'm.7qiaoban.top',
  'user-agent' => 'Mozilla/5.0 (X11; Ubuntu; Linux x86_64; rv:36.0) Gecko/20100101 Firefox/36.0',
  'content-type' => '',
  'content-length' => '',
)
[ info ] [ PARAM ] array (
)
[ info ] [ RUN ] app\index\controller\Index->index[ /www/wwwroot/furniture/application/index/controller/Index.php ]
[ info ] [ LOG ] INIT File
---------------------------------------------------------------
[ 2018-06-23T06:52:49+08:00 ] 187.57.167.8 GET /
[ info ] 47.98.223.33:80/ [运行时间：0.024671s][吞吐率：40.53req/s] [内存消耗：1,585.92kb] [文件加载：49]
[ info ] [ LANG ] /www/wwwroot/furniture/thinkphp/lang/zh-cn.php
[ info ] [ ROUTE ] array (
  'type' => 'module',
  'module' => 
  array (
    0 => '',
    1 => NULL,
    2 => NULL,
  ),
)
[ info ] [ HEADER ] array (
  'content-length' => '0',
  'user-agent' => 'Mozilla/5.0 (Windows NT 6.1; WOW64) AppleWebKit/537.36 (KHTML, like Gecko) Chrome/52.0.2743.116 Safari/537.36',
  'host' => '47.98.223.33:80',
  'content-type' => '',
)
[ info ] [ PARAM ] array (
)
[ info ] [ RUN ] app\index\controller\Index->index[ /www/wwwroot/furniture/application/index/controller/Index.php ]
[ info ] [ LOG ] INIT File
---------------------------------------------------------------
[ 2018-06-23T07:37:00+08:00 ] 52.53.201.78 GET /
[ info ] www.7qiaoban.top/ [运行时间：0.024664s][吞吐率：40.55req/s] [内存消耗：1,586.39kb] [文件加载：49]
[ info ] [ LANG ] /www/wwwroot/furniture/thinkphp/lang/zh-cn.php
[ info ] [ ROUTE ] array (
  'type' => 'module',
  'module' => 
  array (
    0 => '',
    1 => NULL,
    2 => NULL,
  ),
)
[ info ] [ HEADER ] array (
  'accept-encoding' => 'gzip',
  'accept' => '*/*',
  'user-agent' => 'Mozilla/5.0 (Macintosh; Intel Mac OS X 10_12_6) AppleWebKit/537.36 (KHTML, like Gecko) Chrome/61.0.3163.100 Safari/537.36',
  'host' => 'www.7qiaoban.top',
  'content-type' => '',
  'content-length' => '',
)
[ info ] [ PARAM ] array (
)
[ info ] [ RUN ] app\index\controller\Index->index[ /www/wwwroot/furniture/application/index/controller/Index.php ]
[ info ] [ LOG ] INIT File
---------------------------------------------------------------
[ 2018-06-23T07:58:06+08:00 ] 139.162.116.133 GET /
[ info ] 47.98.223.33/ [运行时间：0.026924s][吞吐率：37.14req/s] [内存消耗：1,585.65kb] [文件加载：49]
[ info ] [ LANG ] /www/wwwroot/furniture/thinkphp/lang/zh-cn.php
[ info ] [ ROUTE ] array (
  'type' => 'module',
  'module' => 
  array (
    0 => '',
    1 => NULL,
    2 => NULL,
  ),
)
[ info ] [ HEADER ] array (
  'connection' => 'close',
  'user-agent' => 'Go-http-client/1.1',
  'host' => '47.98.223.33',
  'content-type' => '',
  'content-length' => '',
)
[ info ] [ PARAM ] array (
)
[ info ] [ RUN ] app\index\controller\Index->index[ /www/wwwroot/furniture/application/index/controller/Index.php ]
[ info ] [ LOG ] INIT File
---------------------------------------------------------------
[ 2018-06-23T09:02:09+08:00 ] 58.250.125.181 GET /
[ info ] www.7qiaoban.cn/ [运行时间：0.024571s][吞吐率：40.70req/s] [内存消耗：1,588.02kb] [文件加载：49]
[ info ] [ LANG ] /www/wwwroot/furniture/thinkphp/lang/zh-cn.php
[ info ] [ ROUTE ] array (
  'type' => 'module',
  'module' => 
  array (
    0 => '',
    1 => NULL,
    2 => NULL,
  ),
)
[ info ] [ HEADER ] array (
  'connection' => 'close',
  'user-agent' => 'Sogou web spider/4.0(+http://www.sogou.com/docs/help/webmasters.htm#07)',
  'accept-encoding' => 'gzip,deflate',
  'accept-language' => 'zh-cn',
  'accept' => '*/*',
  'host' => 'www.7qiaoban.cn',
  'content-type' => '',
  'content-length' => '',
)
[ info ] [ PARAM ] array (
)
[ info ] [ RUN ] app\index\controller\Index->index[ /www/wwwroot/furniture/application/index/controller/Index.php ]
[ info ] [ LOG ] INIT File
---------------------------------------------------------------
[ 2018-06-23T09:03:13+08:00 ] 58.250.125.181 GET /admin/index/index.html
[ info ] www.7qiaoban.cn/admin/index/index.html [运行时间：0.022543s][吞吐率：44.36req/s] [内存消耗：1,378.53kb] [文件加载：44]
[ info ] [ LANG ] /www/wwwroot/furniture/thinkphp/lang/zh-cn.php
[ info ] [ ROUTE ] array (
  'type' => 'module',
  'module' => 
  array (
    0 => 'admin',
    1 => 'index',
    2 => 'index',
  ),
)
[ info ] [ HEADER ] array (
  'connection' => 'close',
  'user-agent' => 'Sogou web spider/4.0(+http://www.sogou.com/docs/help/webmasters.htm#07)',
  'accept-encoding' => 'gzip,deflate',
  'accept-language' => 'zh-cn',
  'accept' => '*/*',
  'host' => 'www.7qiaoban.cn',
  'content-type' => '',
  'content-length' => '',
)
[ info ] [ PARAM ] array (
)
[ info ] [ SESSION ] INIT array (
  'id' => '',
  'var_session_id' => '',
  'prefix' => 'think',
  'type' => '',
  'auto_start' => true,
)
[ info ] [ LOG ] INIT File
---------------------------------------------------------------
[ 2018-06-23T09:04:17+08:00 ] 58.250.125.181 GET /Admin/login/index.html
[ info ] www.7qiaoban.cn/Admin/login/index.html [运行时间：0.032758s][吞吐率：30.53req/s] [内存消耗：1,740.90kb] [文件加载：53]
[ info ] [ LANG ] /www/wwwroot/furniture/thinkphp/lang/zh-cn.php
[ info ] [ ROUTE ] array (
  'type' => 'module',
  'module' => 
  array (
    0 => 'Admin',
    1 => 'login',
    2 => 'index',
  ),
)
[ info ] [ HEADER ] array (
  'connection' => 'close',
  'user-agent' => 'Sogou web spider/4.0(+http://www.sogou.com/docs/help/webmasters.htm#07)',
  'accept-encoding' => 'gzip,deflate',
  'accept-language' => 'zh-cn',
  'accept' => '*/*',
  'cookie' => 'PHPSESSID=k8qo2h8hms1ughd35i493am6qi;',
  'host' => 'www.7qiaoban.cn',
  'content-type' => '',
  'content-length' => '',
)
[ info ] [ PARAM ] array (
)
[ info ] [ SESSION ] INIT array (
  'id' => '',
  'var_session_id' => '',
  'prefix' => 'think',
  'type' => '',
  'auto_start' => true,
)
[ info ] [ BEHAVIOR ] Run app\admin\behavior\CheckLogin @module_init [ RunTime:0.000934s ]
[ info ] [ RUN ] app\admin\controller\Login->index[ /www/wwwroot/furniture/application/admin/controller/Login.php ]
[ info ] [ VIEW ] /www/wwwroot/furniture/public/../application/admin/view/login/index.html [ array (
) ]
[ info ] [ LOG ] INIT File
---------------------------------------------------------------
[ 2018-06-23T09:10:52+08:00 ] 60.191.38.78 GET /
[ info ] 47.98.223.33:80/ [运行时间：0.026106s][吞吐率：38.31req/s] [内存消耗：1,586.41kb] [文件加载：49]
[ info ] [ LANG ] /www/wwwroot/furniture/thinkphp/lang/zh-cn.php
[ info ] [ ROUTE ] array (
  'type' => 'module',
  'module' => 
  array (
    0 => '',
    1 => NULL,
    2 => NULL,
  ),
)
[ info ] [ HEADER ] array (
  'connection' => 'keep-alive',
  'accept' => 'text/html,application/xhtml+xml,application/xml;q=0.9,*/*;q=0.8',
  'user-agent' => 'Mozilla/5.0 (Macintosh; Intel Mac OS X 10.11; rv:47.0) Gecko/20100101 Firefox/47.0',
  'host' => '47.98.223.33:80',
  'content-type' => '',
  'content-length' => '',
)
[ info ] [ PARAM ] array (
)
[ info ] [ RUN ] app\index\controller\Index->index[ /www/wwwroot/furniture/application/index/controller/Index.php ]
[ info ] [ LOG ] INIT File
---------------------------------------------------------------
[ 2018-06-23T09:18:00+08:00 ] 201.92.250.74 GET /
[ info ] 47.98.223.33:80/ [运行时间：0.024691s][吞吐率：40.50req/s] [内存消耗：1,585.92kb] [文件加载：49]
[ info ] [ LANG ] /www/wwwroot/furniture/thinkphp/lang/zh-cn.php
[ info ] [ ROUTE ] array (
  'type' => 'module',
  'module' => 
  array (
    0 => '',
    1 => NULL,
    2 => NULL,
  ),
)
[ info ] [ HEADER ] array (
  'content-length' => '0',
  'user-agent' => 'Mozilla/5.0 (Windows NT 10.0; WOW64) AppleWebKit/537.36 (KHTML, like Gecko) Chrome/51.0.2704.103 Safari/537.36',
  'host' => '47.98.223.33:80',
  'content-type' => '',
)
[ info ] [ PARAM ] array (
)
[ info ] [ RUN ] app\index\controller\Index->index[ /www/wwwroot/furniture/application/index/controller/Index.php ]
[ info ] [ LOG ] INIT File
---------------------------------------------------------------
[ 2018-06-23T09:26:29+08:00 ] 220.181.108.104 GET /
[ info ] www.7qiaoban.cn/ [运行时间：0.027253s][吞吐率：36.69req/s] [内存消耗：1,586.63kb] [文件加载：49]
[ info ] [ LANG ] /www/wwwroot/furniture/thinkphp/lang/zh-cn.php
[ info ] [ ROUTE ] array (
  'type' => 'module',
  'module' => 
  array (
    0 => '',
    1 => NULL,
    2 => NULL,
  ),
)
[ info ] [ HEADER ] array (
  'accept' => '*/*',
  'if-none-match' => '"@NULL@"',
  'accept-language' => 'zh-cn,zh-tw',
  'user-agent' => 'Mozilla/5.0 (compatible; Baiduspider/2.0; +http://www.baidu.com/search/spider.html)',
  'host' => 'www.7qiaoban.cn',
  'content-type' => '',
  'content-length' => '',
)
[ info ] [ PARAM ] array (
)
[ info ] [ RUN ] app\index\controller\Index->index[ /www/wwwroot/furniture/application/index/controller/Index.php ]
[ info ] [ LOG ] INIT File
---------------------------------------------------------------
[ 2018-06-23T09:26:29+08:00 ] 220.181.108.120 GET /admin/index/index.html
[ info ] www.7qiaoban.cn/admin/index/index.html [运行时间：0.021315s][吞吐率：46.92req/s] [内存消耗：1,377.15kb] [文件加载：44]
[ info ] [ LANG ] /www/wwwroot/furniture/thinkphp/lang/zh-cn.php
[ info ] [ ROUTE ] array (
  'type' => 'module',
  'module' => 
  array (
    0 => 'admin',
    1 => 'index',
    2 => 'index',
  ),
)
[ info ] [ HEADER ] array (
  'accept' => '*/*',
  'if-none-match' => '"@NULL@"',
  'accept-language' => 'zh-cn,zh-tw',
  'user-agent' => 'Mozilla/5.0 (compatible; Baiduspider/2.0; +http://www.baidu.com/search/spider.html)',
  'host' => 'www.7qiaoban.cn',
  'content-type' => '',
  'content-length' => '',
)
[ info ] [ PARAM ] array (
)
[ info ] [ SESSION ] INIT array (
  'id' => '',
  'var_session_id' => '',
  'prefix' => 'think',
  'type' => '',
  'auto_start' => true,
)
[ info ] [ LOG ] INIT File
---------------------------------------------------------------
[ 2018-06-23T09:26:30+08:00 ] 220.181.108.103 GET /Admin/login/index.html
[ info ] www.7qiaoban.cn/Admin/login/index.html [运行时间：0.032153s][吞吐率：31.10req/s] [内存消耗：1,740.39kb] [文件加载：53]
[ info ] [ LANG ] /www/wwwroot/furniture/thinkphp/lang/zh-cn.php
[ info ] [ ROUTE ] array (
  'type' => 'module',
  'module' => 
  array (
    0 => 'Admin',
    1 => 'login',
    2 => 'index',
  ),
)
[ info ] [ HEADER ] array (
  'cookie' => 'PHPSESSID=qidluu8bp5j5570f3s230d9q8r;',
  'accept' => '*/*',
  'if-none-match' => '"@NULL@"',
  'accept-language' => 'zh-cn,zh-tw',
  'user-agent' => 'Mozilla/5.0 (compatible; Baiduspider/2.0; +http://www.baidu.com/search/spider.html)',
  'host' => 'www.7qiaoban.cn',
  'content-type' => '',
  'content-length' => '',
)
[ info ] [ PARAM ] array (
)
[ info ] [ SESSION ] INIT array (
  'id' => '',
  'var_session_id' => '',
  'prefix' => 'think',
  'type' => '',
  'auto_start' => true,
)
[ info ] [ BEHAVIOR ] Run app\admin\behavior\CheckLogin @module_init [ RunTime:0.000937s ]
[ info ] [ RUN ] app\admin\controller\Login->index[ /www/wwwroot/furniture/application/admin/controller/Login.php ]
[ info ] [ VIEW ] /www/wwwroot/furniture/public/../application/admin/view/login/index.html [ array (
) ]
[ info ] [ LOG ] INIT File
---------------------------------------------------------------
[ 2018-06-23T09:56:11+08:00 ] 192.158.228.46 HEAD /
[ info ] 47.98.223.33/ [运行时间：0.025796s][吞吐率：38.77req/s] [内存消耗：1,586.48kb] [文件加载：49]
[ info ] [ LANG ] /www/wwwroot/furniture/thinkphp/lang/zh-cn.php
[ info ] [ ROUTE ] array (
  'type' => 'module',
  'module' => 
  array (
    0 => '',
    1 => NULL,
    2 => NULL,
  ),
)
[ info ] [ HEADER ] array (
  'connection' => 'Keep-Alive',
  'host' => '47.98.223.33',
  'referer' => 'http://47.98.223.33',
  'user-agent' => 'Mozilla/5.0 (compatible; Baiduspider/2.0; +http://www.baidu.com/search/spider.html	',
  'content-type' => 'text/html',
  'accept' => 'text/html, application/xhtml+xml, */*',
  'content-length' => '',
)
[ info ] [ PARAM ] array (
)
[ info ] [ RUN ] app\index\controller\Index->index[ /www/wwwroot/furniture/application/index/controller/Index.php ]
[ info ] [ LOG ] INIT File
---------------------------------------------------------------
[ 2018-06-23T10:18:01+08:00 ] 43.252.10.54 GET /
[ info ] 47.98.223.33:80/ [运行时间：0.026529s][吞吐率：37.69req/s] [内存消耗：1,586.17kb] [文件加载：49]
[ info ] [ LANG ] /www/wwwroot/furniture/thinkphp/lang/zh-cn.php
[ info ] [ ROUTE ] array (
  'type' => 'module',
  'module' => 
  array (
    0 => '',
    1 => NULL,
    2 => NULL,
  ),
)
[ info ] [ HEADER ] array (
  'content-length' => '0',
  'user-agent' => 'Mozilla/5.0 (Macintosh; Intel Mac OS X 10_11_6) AppleWebKit/601.7.7 (KHTML, like Gecko) Version/9.1.2 Safari/601.7.7',
  'host' => '47.98.223.33:80',
  'content-type' => '',
)
[ info ] [ PARAM ] array (
)
[ info ] [ RUN ] app\index\controller\Index->index[ /www/wwwroot/furniture/application/index/controller/Index.php ]
[ info ] [ LOG ] INIT File
---------------------------------------------------------------
[ 2018-06-23T10:19:48+08:00 ] 222.213.254.245 HEAD /
[ info ] www.7qiaoban.top/ [运行时间：0.025072s][吞吐率：39.88req/s] [内存消耗：1,585.67kb] [文件加载：49]
[ info ] [ LANG ] /www/wwwroot/furniture/thinkphp/lang/zh-cn.php
[ info ] [ ROUTE ] array (
  'type' => 'module',
  'module' => 
  array (
    0 => '',
    1 => NULL,
    2 => NULL,
  ),
)
[ info ] [ HEADER ] array (
  'host' => 'www.7qiaoban.top',
  'accept' => '*/*',
  'user-agent' => 'Chrome/57',
  'cache-control' => 'no-cache',
  'pragma' => 'no-cache',
  'content-type' => '',
  'content-length' => '',
)
[ info ] [ PARAM ] array (
)
[ info ] [ RUN ] app\index\controller\Index->index[ /www/wwwroot/furniture/application/index/controller/Index.php ]
[ info ] [ LOG ] INIT File
---------------------------------------------------------------
[ 2018-06-23T11:10:50+08:00 ] 168.195.140.205 GET /
[ info ] 47.98.223.33:80/ [运行时间：0.026140s][吞吐率：38.26req/s] [内存消耗：1,585.92kb] [文件加载：49]
[ info ] [ LANG ] /www/wwwroot/furniture/thinkphp/lang/zh-cn.php
[ info ] [ ROUTE ] array (
  'type' => 'module',
  'module' => 
  array (
    0 => '',
    1 => NULL,
    2 => NULL,
  ),
)
[ info ] [ HEADER ] array (
  'content-length' => '0',
  'user-agent' => 'Mozilla/5.0 (Windows NT 6.1; WOW64) AppleWebKit/537.36 (KHTML, like Gecko) Chrome/51.0.2704.103 Safari/537.36',
  'host' => '47.98.223.33:80',
  'content-type' => '',
)
[ info ] [ PARAM ] array (
)
[ info ] [ RUN ] app\index\controller\Index->index[ /www/wwwroot/furniture/application/index/controller/Index.php ]
[ info ] [ LOG ] INIT File
---------------------------------------------------------------
[ 2018-06-23T11:34:06+08:00 ] 93.43.58.34 HEAD /
[ info ] 47.98.223.33/ [运行时间：0.025741s][吞吐率：38.85req/s] [内存消耗：1,584.51kb] [文件加载：49]
[ info ] [ LANG ] /www/wwwroot/furniture/thinkphp/lang/zh-cn.php
[ info ] [ ROUTE ] array (
  'type' => 'module',
  'module' => 
  array (
    0 => '',
    1 => NULL,
    2 => NULL,
  ),
)
[ info ] [ HEADER ] array (
  'host' => '47.98.223.33',
  'content-type' => '',
  'content-length' => '',
)
[ info ] [ PARAM ] array (
)
[ info ] [ RUN ] app\index\controller\Index->index[ /www/wwwroot/furniture/application/index/controller/Index.php ]
[ info ] [ LOG ] INIT File
---------------------------------------------------------------
[ 2018-06-23T12:48:57+08:00 ] 47.92.107.192 GET /
[ info ] news.7qiaoban.cn/ [运行时间：0.028130s][吞吐率：35.55req/s] [内存消耗：1,586.39kb] [文件加载：49]
[ info ] [ LANG ] /www/wwwroot/furniture/thinkphp/lang/zh-cn.php
[ info ] [ ROUTE ] array (
  'type' => 'module',
  'module' => 
  array (
    0 => '',
    1 => NULL,
    2 => NULL,
  ),
)
[ info ] [ HEADER ] array (
  'connection' => 'keep-alive',
  'accept' => 'text/html, image/gif, image/jpeg, *; q=.2, */*; q=.2',
  'host' => 'news.7qiaoban.cn',
  'user-agent' => 'Mozilla/5.0 (X11; Ubuntu; Linux x86_64; rv:36.0) Gecko/20100101 Firefox/36.0',
  'content-type' => '',
  'content-length' => '',
)
[ info ] [ PARAM ] array (
)
[ info ] [ RUN ] app\index\controller\Index->index[ /www/wwwroot/furniture/application/index/controller/Index.php ]
[ info ] [ LOG ] INIT File
---------------------------------------------------------------
[ 2018-06-23T13:12:09+08:00 ] 223.73.33.182 HEAD /
[ info ] www.7qiaoban.top/ [运行时间：0.025964s][吞吐率：38.51req/s] [内存消耗：1,585.67kb] [文件加载：49]
[ info ] [ LANG ] /www/wwwroot/furniture/thinkphp/lang/zh-cn.php
[ info ] [ ROUTE ] array (
  'type' => 'module',
  'module' => 
  array (
    0 => '',
    1 => NULL,
    2 => NULL,
  ),
)
[ info ] [ HEADER ] array (
  'host' => 'www.7qiaoban.top',
  'accept' => '*/*',
  'user-agent' => 'Chrome/57',
  'cache-control' => 'no-cache',
  'pragma' => 'no-cache',
  'content-type' => '',
  'content-length' => '',
)
[ info ] [ PARAM ] array (
)
[ info ] [ RUN ] app\index\controller\Index->index[ /www/wwwroot/furniture/application/index/controller/Index.php ]
[ info ] [ LOG ] INIT File
---------------------------------------------------------------
[ 2018-06-23T13:20:32+08:00 ] 117.106.55.2 HEAD /
[ info ] 47.98.223.33/ [运行时间：0.024774s][吞吐率：40.36req/s] [内存消耗：1,584.51kb] [文件加载：49]
[ info ] [ LANG ] /www/wwwroot/furniture/thinkphp/lang/zh-cn.php
[ info ] [ ROUTE ] array (
  'type' => 'module',
  'module' => 
  array (
    0 => '',
    1 => NULL,
    2 => NULL,
  ),
)
[ info ] [ HEADER ] array (
  'host' => '47.98.223.33',
  'content-type' => '',
  'content-length' => '',
)
[ info ] [ PARAM ] array (
)
[ info ] [ RUN ] app\index\controller\Index->index[ /www/wwwroot/furniture/application/index/controller/Index.php ]
[ info ] [ LOG ] INIT File
---------------------------------------------------------------
[ 2018-06-23T13:57:52+08:00 ] 60.191.38.78 GET /
[ info ] 47.98.223.33:443/ [运行时间：0.026422s][吞吐率：37.85req/s] [内存消耗：1,586.55kb] [文件加载：49]
[ info ] [ LANG ] /www/wwwroot/furniture/thinkphp/lang/zh-cn.php
[ info ] [ ROUTE ] array (
  'type' => 'module',
  'module' => 
  array (
    0 => '',
    1 => NULL,
    2 => NULL,
  ),
)
[ info ] [ HEADER ] array (
  'connection' => 'keep-alive',
  'accept' => 'text/html,application/xhtml+xml,application/xml;q=0.9,*/*;q=0.8',
  'user-agent' => 'Mozilla/5.0 (Macintosh; Intel Mac OS X 10.11; rv:47.0) Gecko/20100101 Firefox/47.0',
  'host' => '47.98.223.33:443',
  'content-type' => '',
  'content-length' => '',
)
[ info ] [ PARAM ] array (
)
[ info ] [ RUN ] app\index\controller\Index->index[ /www/wwwroot/furniture/application/index/controller/Index.php ]
[ info ] [ LOG ] INIT File
---------------------------------------------------------------
[ 2018-06-23T14:42:15+08:00 ] 139.162.116.133 GET /
[ info ] 47.98.223.33/ [运行时间：0.025080s][吞吐率：39.87req/s] [内存消耗：1,585.65kb] [文件加载：49]
[ info ] [ LANG ] /www/wwwroot/furniture/thinkphp/lang/zh-cn.php
[ info ] [ ROUTE ] array (
  'type' => 'module',
  'module' => 
  array (
    0 => '',
    1 => NULL,
    2 => NULL,
  ),
)
[ info ] [ HEADER ] array (
  'connection' => 'close',
  'user-agent' => 'Go-http-client/1.1',
  'host' => '47.98.223.33',
  'content-type' => '',
  'content-length' => '',
)
[ info ] [ PARAM ] array (
)
[ info ] [ RUN ] app\index\controller\Index->index[ /www/wwwroot/furniture/application/index/controller/Index.php ]
[ info ] [ LOG ] INIT File
---------------------------------------------------------------
[ 2018-06-23T15:15:41+08:00 ] 139.199.63.33 GET /
[ info ] www.7qiaoban.cn/ [运行时间：0.025059s][吞吐率：39.91req/s] [内存消耗：1,586.48kb] [文件加载：49]
[ info ] [ LANG ] /www/wwwroot/furniture/thinkphp/lang/zh-cn.php
[ info ] [ ROUTE ] array (
  'type' => 'module',
  'module' => 
  array (
    0 => '',
    1 => NULL,
    2 => NULL,
  ),
)
[ info ] [ HEADER ] array (
  'accept-encoding' => 'gzip, deflate',
  'accept' => '*/*',
  'connection' => 'close',
  'user-agent' => 'Mozilla/4.0 (compatible; MSIE 6.1; Windows NT)',
  'host' => 'www.7qiaoban.cn',
  'content-type' => '',
  'content-length' => '',
)
[ info ] [ PARAM ] array (
)
[ info ] [ RUN ] app\index\controller\Index->index[ /www/wwwroot/furniture/application/index/controller/Index.php ]
[ info ] [ LOG ] INIT File
---------------------------------------------------------------
[ 2018-06-23T15:15:42+08:00 ] 139.199.63.33 GET /admin/index/index.html
[ info ] www.7qiaoban.cn/admin/index/index.html [运行时间：0.022548s][吞吐率：44.35req/s] [内存消耗：1,376.99kb] [文件加载：44]
[ info ] [ LANG ] /www/wwwroot/furniture/thinkphp/lang/zh-cn.php
[ info ] [ ROUTE ] array (
  'type' => 'module',
  'module' => 
  array (
    0 => 'admin',
    1 => 'index',
    2 => 'index',
  ),
)
[ info ] [ HEADER ] array (
  'accept-encoding' => 'gzip, deflate',
  'accept' => '*/*',
  'connection' => 'close',
  'user-agent' => 'Mozilla/4.0 (compatible; MSIE 6.1; Windows NT)',
  'host' => 'www.7qiaoban.cn',
  'content-type' => '',
  'content-length' => '',
)
[ info ] [ PARAM ] array (
)
[ info ] [ SESSION ] INIT array (
  'id' => '',
  'var_session_id' => '',
  'prefix' => 'think',
  'type' => '',
  'auto_start' => true,
)
[ info ] [ LOG ] INIT File
---------------------------------------------------------------
[ 2018-06-23T15:15:42+08:00 ] 139.199.63.33 GET /Admin/login/index.html
[ info ] www.7qiaoban.cn/Admin/login/index.html [运行时间：0.032869s][吞吐率：30.42req/s] [内存消耗：1,737.46kb] [文件加载：53]
[ info ] [ LANG ] /www/wwwroot/furniture/thinkphp/lang/zh-cn.php
[ info ] [ ROUTE ] array (
  'type' => 'module',
  'module' => 
  array (
    0 => 'Admin',
    1 => 'login',
    2 => 'index',
  ),
)
[ info ] [ HEADER ] array (
  'accept-encoding' => 'gzip, deflate',
  'accept' => '*/*',
  'connection' => 'close',
  'user-agent' => 'Mozilla/4.0 (compatible; MSIE 6.1; Windows NT)',
  'host' => 'www.7qiaoban.cn',
  'content-type' => '',
  'content-length' => '',
)
[ info ] [ PARAM ] array (
)
[ info ] [ SESSION ] INIT array (
  'id' => '',
  'var_session_id' => '',
  'prefix' => 'think',
  'type' => '',
  'auto_start' => true,
)
[ info ] [ BEHAVIOR ] Run app\admin\behavior\CheckLogin @module_init [ RunTime:0.000962s ]
[ info ] [ RUN ] app\admin\controller\Login->index[ /www/wwwroot/furniture/application/admin/controller/Login.php ]
[ info ] [ VIEW ] /www/wwwroot/furniture/public/../application/admin/view/login/index.html [ array (
) ]
[ info ] [ LOG ] INIT File
---------------------------------------------------------------
[ 2018-06-23T16:07:09+08:00 ] 119.186.55.13 GET /
[ info ] 47.98.223.33/ [运行时间：0.028871s][吞吐率：34.64req/s] [内存消耗：1,584.82kb] [文件加载：49]
[ info ] [ LANG ] /www/wwwroot/furniture/thinkphp/lang/zh-cn.php
[ info ] [ ROUTE ] array (
  'type' => 'module',
  'module' => 
  array (
    0 => '',
    1 => NULL,
    2 => NULL,
  ),
)
[ info ] [ HEADER ] array (
  'host' => '47.98.223.33',
  'content-type' => '',
  'content-length' => '',
)
[ info ] [ PARAM ] array (
)
[ info ] [ RUN ] app\index\controller\Index->index[ /www/wwwroot/furniture/application/index/controller/Index.php ]
[ info ] [ LOG ] INIT File
---------------------------------------------------------------
[ 2018-06-23T16:32:22+08:00 ] 179.110.41.82 GET /
[ info ] 47.98.223.33:80/ [运行时间：0.025479s][吞吐率：39.25req/s] [内存消耗：1,585.92kb] [文件加载：49]
[ info ] [ LANG ] /www/wwwroot/furniture/thinkphp/lang/zh-cn.php
[ info ] [ ROUTE ] array (
  'type' => 'module',
  'module' => 
  array (
    0 => '',
    1 => NULL,
    2 => NULL,
  ),
)
[ info ] [ HEADER ] array (
  'content-length' => '0',
  'user-agent' => 'Mozilla/5.0 (Windows NT 6.1; WOW64) AppleWebKit/537.36 (KHTML, like Gecko) Chrome/51.0.2704.103 Safari/537.36',
  'host' => '47.98.223.33:80',
  'content-type' => '',
)
[ info ] [ PARAM ] array (
)
[ info ] [ RUN ] app\index\controller\Index->index[ /www/wwwroot/furniture/application/index/controller/Index.php ]
[ info ] [ LOG ] INIT File
---------------------------------------------------------------
[ 2018-06-23T16:50:26+08:00 ] 139.224.116.230 GET /
[ info ] 47.98.223.33/ [运行时间：0.026586s][吞吐率：37.61req/s] [内存消耗：1,586.49kb] [文件加载：49]
[ info ] [ LANG ] /www/wwwroot/furniture/thinkphp/lang/zh-cn.php
[ info ] [ ROUTE ] array (
  'type' => 'module',
  'module' => 
  array (
    0 => '',
    1 => NULL,
    2 => NULL,
  ),
)
[ info ] [ HEADER ] array (
  'connection' => 'keep-alive',
  'accept' => 'text/html, image/gif, image/jpeg, *; q=.2, */*; q=.2',
  'host' => '47.98.223.33',
  'user-agent' => 'Mozilla/5.0 (X11; Ubuntu; Linux x86_64; rv:36.0) Gecko/20100101 Firefox/36.0',
  'content-type' => '',
  'content-length' => '',
)
[ info ] [ PARAM ] array (
)
[ info ] [ RUN ] app\index\controller\Index->index[ /www/wwwroot/furniture/application/index/controller/Index.php ]
[ info ] [ LOG ] INIT File
---------------------------------------------------------------
[ 2018-06-23T16:50:26+08:00 ] 139.224.116.230 GET /admin/index/index.html
[ info ] 47.98.223.33/admin/index/index.html [运行时间：0.023091s][吞吐率：43.31req/s] [内存消耗：1,377.02kb] [文件加载：44]
[ info ] [ LANG ] /www/wwwroot/furniture/thinkphp/lang/zh-cn.php
[ info ] [ ROUTE ] array (
  'type' => 'module',
  'module' => 
  array (
    0 => 'admin',
    1 => 'index',
    2 => 'index',
  ),
)
[ info ] [ HEADER ] array (
  'connection' => 'keep-alive',
  'accept' => 'text/html, image/gif, image/jpeg, *; q=.2, */*; q=.2',
  'host' => '47.98.223.33',
  'user-agent' => 'Mozilla/5.0 (X11; Ubuntu; Linux x86_64; rv:36.0) Gecko/20100101 Firefox/36.0',
  'content-type' => '',
  'content-length' => '',
)
[ info ] [ PARAM ] array (
)
[ info ] [ SESSION ] INIT array (
  'id' => '',
  'var_session_id' => '',
  'prefix' => 'think',
  'type' => '',
  'auto_start' => true,
)
[ info ] [ LOG ] INIT File
---------------------------------------------------------------
[ 2018-06-23T17:20:43+08:00 ] 220.181.108.143 GET /
[ info ] www.7qiaoban.cn/ [运行时间：0.024715s][吞吐率：40.46req/s] [内存消耗：1,586.63kb] [文件加载：49]
[ info ] [ LANG ] /www/wwwroot/furniture/thinkphp/lang/zh-cn.php
[ info ] [ ROUTE ] array (
  'type' => 'module',
  'module' => 
  array (
    0 => '',
    1 => NULL,
    2 => NULL,
  ),
)
[ info ] [ HEADER ] array (
  'accept' => '*/*',
  'if-none-match' => '"@NULL@"',
  'accept-language' => 'zh-cn,zh-tw',
  'user-agent' => 'Mozilla/5.0 (compatible; Baiduspider/2.0; +http://www.baidu.com/search/spider.html)',
  'host' => 'www.7qiaoban.cn',
  'content-type' => '',
  'content-length' => '',
)
[ info ] [ PARAM ] array (
)
[ info ] [ RUN ] app\index\controller\Index->index[ /www/wwwroot/furniture/application/index/controller/Index.php ]
[ info ] [ LOG ] INIT File
---------------------------------------------------------------
[ 2018-06-23T17:20:43+08:00 ] 220.181.108.122 GET /admin/index/index.html
[ info ] www.7qiaoban.cn/admin/index/index.html [运行时间：0.021310s][吞吐率：46.93req/s] [内存消耗：1,377.15kb] [文件加载：44]
[ info ] [ LANG ] /www/wwwroot/furniture/thinkphp/lang/zh-cn.php
[ info ] [ ROUTE ] array (
  'type' => 'module',
  'module' => 
  array (
    0 => 'admin',
    1 => 'index',
    2 => 'index',
  ),
)
[ info ] [ HEADER ] array (
  'accept' => '*/*',
  'if-none-match' => '"@NULL@"',
  'accept-language' => 'zh-cn,zh-tw',
  'user-agent' => 'Mozilla/5.0 (compatible; Baiduspider/2.0; +http://www.baidu.com/search/spider.html)',
  'host' => 'www.7qiaoban.cn',
  'content-type' => '',
  'content-length' => '',
)
[ info ] [ PARAM ] array (
)
[ info ] [ SESSION ] INIT array (
  'id' => '',
  'var_session_id' => '',
  'prefix' => 'think',
  'type' => '',
  'auto_start' => true,
)
[ info ] [ LOG ] INIT File
---------------------------------------------------------------
[ 2018-06-23T17:20:43+08:00 ] 220.181.108.103 GET /Admin/login/index.html
[ info ] www.7qiaoban.cn/Admin/login/index.html [运行时间：0.033156s][吞吐率：30.16req/s] [内存消耗：1,740.39kb] [文件加载：53]
[ info ] [ LANG ] /www/wwwroot/furniture/thinkphp/lang/zh-cn.php
[ info ] [ ROUTE ] array (
  'type' => 'module',
  'module' => 
  array (
    0 => 'Admin',
    1 => 'login',
    2 => 'index',
  ),
)
[ info ] [ HEADER ] array (
  'cookie' => 'PHPSESSID=74kas58litoqeti613e42sv5vn;',
  'accept' => '*/*',
  'if-none-match' => '"@NULL@"',
  'accept-language' => 'zh-cn,zh-tw',
  'user-agent' => 'Mozilla/5.0 (compatible; Baiduspider/2.0; +http://www.baidu.com/search/spider.html)',
  'host' => 'www.7qiaoban.cn',
  'content-type' => '',
  'content-length' => '',
)
[ info ] [ PARAM ] array (
)
[ info ] [ SESSION ] INIT array (
  'id' => '',
  'var_session_id' => '',
  'prefix' => 'think',
  'type' => '',
  'auto_start' => true,
)
[ info ] [ BEHAVIOR ] Run app\admin\behavior\CheckLogin @module_init [ RunTime:0.000963s ]
[ info ] [ RUN ] app\admin\controller\Login->index[ /www/wwwroot/furniture/application/admin/controller/Login.php ]
[ info ] [ VIEW ] /www/wwwroot/furniture/public/../application/admin/view/login/index.html [ array (
) ]
[ info ] [ LOG ] INIT File
---------------------------------------------------------------
[ 2018-06-23T17:29:57+08:00 ] 117.40.249.19 HEAD /
[ info ] 47.98.223.33/ [运行时间：0.026380s][吞吐率：37.91req/s] [内存消耗：1,584.51kb] [文件加载：49]
[ info ] [ LANG ] /www/wwwroot/furniture/thinkphp/lang/zh-cn.php
[ info ] [ ROUTE ] array (
  'type' => 'module',
  'module' => 
  array (
    0 => '',
    1 => NULL,
    2 => NULL,
  ),
)
[ info ] [ HEADER ] array (
  'host' => '47.98.223.33',
  'content-type' => '',
  'content-length' => '',
)
[ info ] [ PARAM ] array (
)
[ info ] [ RUN ] app\index\controller\Index->index[ /www/wwwroot/furniture/application/index/controller/Index.php ]
[ info ] [ LOG ] INIT File
---------------------------------------------------------------
[ 2018-06-23T19:19:59+08:00 ] 52.53.201.78 GET /
[ info ] www.7qiaoban.cn/ [运行时间：0.025925s][吞吐率：38.57req/s] [内存消耗：1,586.70kb] [文件加载：49]
[ info ] [ LANG ] /www/wwwroot/furniture/thinkphp/lang/zh-cn.php
[ info ] [ ROUTE ] array (
  'type' => 'module',
  'module' => 
  array (
    0 => '',
    1 => NULL,
    2 => NULL,
  ),
)
[ info ] [ HEADER ] array (
  'accept-encoding' => 'gzip',
  'referer' => 'http://www.7qiaoban.cn/',
  'accept' => '*/*',
  'user-agent' => 'Mozilla/5.0 (Macintosh; Intel Mac OS X 10_12_6) AppleWebKit/537.36 (KHTML, like Gecko) Chrome/61.0.3163.100 Safari/537.36',
  'host' => 'www.7qiaoban.cn',
  'content-type' => '',
  'content-length' => '',
)
[ info ] [ PARAM ] array (
)
[ info ] [ RUN ] app\index\controller\Index->index[ /www/wwwroot/furniture/application/index/controller/Index.php ]
[ info ] [ LOG ] INIT File
---------------------------------------------------------------
[ 2018-06-23T19:20:00+08:00 ] 52.53.201.78 GET /admin/index/index.html
[ info ] www.7qiaoban.cn/admin/index/index.html [运行时间：0.023478s][吞吐率：42.59req/s] [内存消耗：1,377.48kb] [文件加载：44]
[ info ] [ LANG ] /www/wwwroot/furniture/thinkphp/lang/zh-cn.php
[ info ] [ ROUTE ] array (
  'type' => 'module',
  'module' => 
  array (
    0 => 'admin',
    1 => 'index',
    2 => 'index',
  ),
)
[ info ] [ HEADER ] array (
  'accept-encoding' => 'gzip',
  'referer' => 'https://www.7qiaoban.cn/',
  'accept' => '*/*',
  'user-agent' => 'Mozilla/5.0 (Macintosh; Intel Mac OS X 10_12_6) AppleWebKit/537.36 (KHTML, like Gecko) Chrome/61.0.3163.100 Safari/537.36',
  'host' => 'www.7qiaoban.cn',
  'content-type' => '',
  'content-length' => '',
)
[ info ] [ PARAM ] array (
)
[ info ] [ SESSION ] INIT array (
  'id' => '',
  'var_session_id' => '',
  'prefix' => 'think',
  'type' => '',
  'auto_start' => true,
)
[ info ] [ LOG ] INIT File
---------------------------------------------------------------
[ 2018-06-23T19:20:00+08:00 ] 52.53.201.78 GET /Admin/login/index.html
[ info ] www.7qiaoban.cn/Admin/login/index.html [运行时间：0.034160s][吞吐率：29.27req/s] [内存消耗：1,738.31kb] [文件加载：53]
[ info ] [ LANG ] /www/wwwroot/furniture/thinkphp/lang/zh-cn.php
[ info ] [ ROUTE ] array (
  'type' => 'module',
  'module' => 
  array (
    0 => 'Admin',
    1 => 'login',
    2 => 'index',
  ),
)
[ info ] [ HEADER ] array (
  'accept-encoding' => 'gzip',
  'referer' => 'https://www.7qiaoban.cn/admin/index/index.html',
  'accept' => '*/*',
  'user-agent' => 'Mozilla/5.0 (Macintosh; Intel Mac OS X 10_12_6) AppleWebKit/537.36 (KHTML, like Gecko) Chrome/61.0.3163.100 Safari/537.36',
  'host' => 'www.7qiaoban.cn',
  'content-type' => '',
  'content-length' => '',
)
[ info ] [ PARAM ] array (
)
[ info ] [ SESSION ] INIT array (
  'id' => '',
  'var_session_id' => '',
  'prefix' => 'think',
  'type' => '',
  'auto_start' => true,
)
[ info ] [ BEHAVIOR ] Run app\admin\behavior\CheckLogin @module_init [ RunTime:0.001008s ]
[ info ] [ RUN ] app\admin\controller\Login->index[ /www/wwwroot/furniture/application/admin/controller/Login.php ]
[ info ] [ VIEW ] /www/wwwroot/furniture/public/../application/admin/view/login/index.html [ array (
) ]
[ info ] [ LOG ] INIT File
---------------------------------------------------------------
[ 2018-06-23T19:27:02+08:00 ] 112.123.206.62 HEAD /
[ info ] www.7qiaoban.top/ [运行时间：0.024996s][吞吐率：40.01req/s] [内存消耗：1,585.67kb] [文件加载：49]
[ info ] [ LANG ] /www/wwwroot/furniture/thinkphp/lang/zh-cn.php
[ info ] [ ROUTE ] array (
  'type' => 'module',
  'module' => 
  array (
    0 => '',
    1 => NULL,
    2 => NULL,
  ),
)
[ info ] [ HEADER ] array (
  'host' => 'www.7qiaoban.top',
  'accept' => '*/*',
  'user-agent' => 'Chrome/57',
  'cache-control' => 'no-cache',
  'pragma' => 'no-cache',
  'content-type' => '',
  'content-length' => '',
)
[ info ] [ PARAM ] array (
)
[ info ] [ RUN ] app\index\controller\Index->index[ /www/wwwroot/furniture/application/index/controller/Index.php ]
[ info ] [ LOG ] INIT File
---------------------------------------------------------------
[ 2018-06-23T19:33:49+08:00 ] 202.173.10.31 GET /
[ info ] www.7qiaoban.top/ [运行时间：0.026398s][吞吐率：37.88req/s] [内存消耗：1,590.05kb] [文件加载：49]
[ info ] [ LANG ] /www/wwwroot/furniture/thinkphp/lang/zh-cn.php
[ info ] [ ROUTE ] array (
  'type' => 'module',
  'module' => 
  array (
    0 => '',
    1 => NULL,
    2 => NULL,
  ),
)
[ info ] [ HEADER ] array (
  'pragma' => 'no-cache',
  'cache-control' => 'no-cache',
  'dnt' => '1',
  'connection' => 'keep-alive',
  'referer' => 'http://www.7qiaoban.top',
  'accept-encoding' => 'gzip, deflate',
  'accept-language' => 'zh-CN,zh;q=0.8',
  'accept' => 'text/html,application/xhtml+xml,application/xml;q=0.9,image/webp,*/*;q=0.8',
  'user-agent' => 'Mozilla/5.0 (Windows NT 10.0; Win64; x64) AppleWebKit/537.36 (KHTML, like Gecko) Chrome/56.0.2924.87 Safari/537.36',
  'host' => 'www.7qiaoban.top',
  'content-type' => '',
  'content-length' => '',
)
[ info ] [ PARAM ] array (
)
[ info ] [ RUN ] app\index\controller\Index->index[ /www/wwwroot/furniture/application/index/controller/Index.php ]
[ info ] [ LOG ] INIT File
---------------------------------------------------------------
[ 2018-06-23T20:07:07+08:00 ] 185.66.230.235 GET /
[ info ] 47.98.223.33:80/ [运行时间：0.026575s][吞吐率：37.63req/s] [内存消耗：1,585.92kb] [文件加载：49]
[ info ] [ LANG ] /www/wwwroot/furniture/thinkphp/lang/zh-cn.php
[ info ] [ ROUTE ] array (
  'type' => 'module',
  'module' => 
  array (
    0 => '',
    1 => NULL,
    2 => NULL,
  ),
)
[ info ] [ HEADER ] array (
  'content-length' => '0',
  'user-agent' => 'Mozilla/5.0 (Windows NT 10.0; WOW64) AppleWebKit/537.36 (KHTML, like Gecko) Chrome/51.0.2704.103 Safari/537.36',
  'host' => '47.98.223.33:80',
  'content-type' => '',
)
[ info ] [ PARAM ] array (
)
[ info ] [ RUN ] app\index\controller\Index->index[ /www/wwwroot/furniture/application/index/controller/Index.php ]
[ info ] [ LOG ] INIT File
---------------------------------------------------------------
[ 2018-06-23T20:30:39+08:00 ] 106.15.191.180 GET /
[ info ] 47.98.223.33/ [运行时间：0.024991s][吞吐率：40.01req/s] [内存消耗：1,586.37kb] [文件加载：49]
[ info ] [ LANG ] /www/wwwroot/furniture/thinkphp/lang/zh-cn.php
[ info ] [ ROUTE ] array (
  'type' => 'module',
  'module' => 
  array (
    0 => '',
    1 => NULL,
    2 => NULL,
  ),
)
[ info ] [ HEADER ] array (
  'connection' => 'keep-alive',
  'accept' => 'text/html, image/gif, image/jpeg, *; q=.2, */*; q=.2',
  'host' => '47.98.223.33',
  'user-agent' => 'Mozilla/5.0 (X11; Ubuntu; Linux x86_64; rv:36.0) Gecko/20100101 Firefox/36.0',
  'content-type' => '',
  'content-length' => '',
)
[ info ] [ PARAM ] array (
)
[ info ] [ RUN ] app\index\controller\Index->index[ /www/wwwroot/furniture/application/index/controller/Index.php ]
[ info ] [ LOG ] INIT File
---------------------------------------------------------------
[ 2018-06-23T20:41:20+08:00 ] 106.2.162.45 GET /
[ info ] 47.98.223.33/ [运行时间：0.026506s][吞吐率：37.73req/s] [内存消耗：1,584.82kb] [文件加载：49]
[ info ] [ LANG ] /www/wwwroot/furniture/thinkphp/lang/zh-cn.php
[ info ] [ ROUTE ] array (
  'type' => 'module',
  'module' => 
  array (
    0 => '',
    1 => NULL,
    2 => NULL,
  ),
)
[ info ] [ HEADER ] array (
  'host' => '47.98.223.33',
  'content-type' => '',
  'content-length' => '',
)
[ info ] [ PARAM ] array (
)
[ info ] [ RUN ] app\index\controller\Index->index[ /www/wwwroot/furniture/application/index/controller/Index.php ]
[ info ] [ LOG ] INIT File
---------------------------------------------------------------
[ 2018-06-23T20:48:29+08:00 ] 47.97.167.161 GET /
[ info ] 47.98.223.33/ [运行时间：0.026229s][吞吐率：38.13req/s] [内存消耗：1,586.37kb] [文件加载：49]
[ info ] [ LANG ] /www/wwwroot/furniture/thinkphp/lang/zh-cn.php
[ info ] [ ROUTE ] array (
  'type' => 'module',
  'module' => 
  array (
    0 => '',
    1 => NULL,
    2 => NULL,
  ),
)
[ info ] [ HEADER ] array (
  'connection' => 'keep-alive',
  'accept' => 'text/html, image/gif, image/jpeg, *; q=.2, */*; q=.2',
  'host' => '47.98.223.33',
  'user-agent' => 'Mozilla/5.0 (X11; Ubuntu; Linux x86_64; rv:36.0) Gecko/20100101 Firefox/36.0',
  'content-type' => '',
  'content-length' => '',
)
[ info ] [ PARAM ] array (
)
[ info ] [ RUN ] app\index\controller\Index->index[ /www/wwwroot/furniture/application/index/controller/Index.php ]
[ info ] [ LOG ] INIT File
---------------------------------------------------------------
[ 2018-06-23T21:50:48+08:00 ] 152.173.84.100 GET /
[ info ] 47.98.223.33:80/ [运行时间：0.026103s][吞吐率：38.31req/s] [内存消耗：1,585.92kb] [文件加载：49]
[ info ] [ LANG ] /www/wwwroot/furniture/thinkphp/lang/zh-cn.php
[ info ] [ ROUTE ] array (
  'type' => 'module',
  'module' => 
  array (
    0 => '',
    1 => NULL,
    2 => NULL,
  ),
)
[ info ] [ HEADER ] array (
  'content-length' => '0',
  'user-agent' => 'Mozilla/5.0 (Windows NT 10.0; WOW64) AppleWebKit/537.36 (KHTML, like Gecko) Chrome/52.0.2743.116 Safari/537.36',
  'host' => '47.98.223.33:80',
  'content-type' => '',
)
[ info ] [ PARAM ] array (
)
[ info ] [ RUN ] app\index\controller\Index->index[ /www/wwwroot/furniture/application/index/controller/Index.php ]
[ info ] [ LOG ] INIT File
---------------------------------------------------------------
[ 2018-06-23T22:12:37+08:00 ] 203.208.60.134 GET /
[ info ] wenping.7qiaoban.cn/ [运行时间：0.024876s][吞吐率：40.20req/s] [内存消耗：1,587.16kb] [文件加载：49]
[ info ] [ LANG ] /www/wwwroot/furniture/thinkphp/lang/zh-cn.php
[ info ] [ ROUTE ] array (
  'type' => 'module',
  'module' => 
  array (
    0 => '',
    1 => NULL,
    2 => NULL,
  ),
)
[ info ] [ HEADER ] array (
  'accept-encoding' => 'gzip,deflate,br',
  'user-agent' => 'Mozilla/5.0 (compatible; Googlebot/2.1; +http://www.google.com/bot.html)',
  'from' => 'googlebot(at)googlebot.com',
  'accept' => 'text/html,application/xhtml+xml,application/xml;q=0.9,*/*;q=0.8',
  'connection' => 'keep-alive',
  'host' => 'wenping.7qiaoban.cn',
  'content-type' => '',
  'content-length' => '',
)
[ info ] [ PARAM ] array (
)
[ info ] [ RUN ] app\index\controller\Index->index[ /www/wwwroot/furniture/application/index/controller/Index.php ]
[ info ] [ LOG ] INIT File
---------------------------------------------------------------
[ 2018-06-23T22:22:57+08:00 ] 74.82.47.5 GET /
[ info ] 47.98.223.33/ [运行时间：0.026576s][吞吐率：37.63req/s] [内存消耗：1,584.95kb] [文件加载：49]
[ info ] [ LANG ] /www/wwwroot/furniture/thinkphp/lang/zh-cn.php
[ info ] [ ROUTE ] array (
  'type' => 'module',
  'module' => 
  array (
    0 => '',
    1 => NULL,
    2 => NULL,
  ),
)
[ info ] [ HEADER ] array (
  'host' => '47.98.223.33',
  'content-type' => '',
  'content-length' => '',
)
[ info ] [ PARAM ] array (
)
[ info ] [ RUN ] app\index\controller\Index->index[ /www/wwwroot/furniture/application/index/controller/Index.php ]
[ info ] [ LOG ] INIT File
---------------------------------------------------------------
[ 2018-06-23T22:42:32+08:00 ] 59.111.30.195 GET /
[ info ] baidu.com/ [运行时间：0.024731s][吞吐率：40.44req/s] [内存消耗：1,586.42kb] [文件加载：49]
[ info ] [ LANG ] /www/wwwroot/furniture/thinkphp/lang/zh-cn.php
[ info ] [ ROUTE ] array (
  'type' => 'module',
  'module' => 
  array (
    0 => '',
    1 => NULL,
    2 => NULL,
  ),
)
[ info ] [ HEADER ] array (
  'accept-encoding' => 'gzip,deflate',
  'proxy-connection' => 'Keep-Alive',
  'host' => 'baidu.com',
  'connection' => 'close',
  'user-agent' => 'Mozilla/4.0 (compatible; MSIE 8.0; Windows NT 6.1; Trident/4.0)',
  'content-type' => '',
  'content-length' => '',
)
[ info ] [ PARAM ] array (
)
[ info ] [ RUN ] app\index\controller\Index->index[ /www/wwwroot/furniture/application/index/controller/Index.php ]
[ info ] [ LOG ] INIT File
---------------------------------------------------------------
[ 2018-06-23T22:48:01+08:00 ] 203.208.60.181 GET /
[ info ] blog.7qiaoban.cn/ [运行时间：0.026496s][吞吐率：37.74req/s] [内存消耗：1,587.82kb] [文件加载：49]
[ info ] [ LANG ] /www/wwwroot/furniture/thinkphp/lang/zh-cn.php
[ info ] [ ROUTE ] array (
  'type' => 'module',
  'module' => 
  array (
    0 => '',
    1 => NULL,
    2 => NULL,
  ),
)
[ info ] [ HEADER ] array (
  'accept-encoding' => 'gzip,deflate,br',
  'user-agent' => 'Mozilla/5.0 (Linux; Android 6.0.1; Nexus 5X Build/MMB29P) AppleWebKit/537.36 (KHTML, like Gecko) Chrome/41.0.2272.96 Mobile Safari/537.36 (compatible; Googlebot/2.1; +http://www.google.com/bot.html)',
  'from' => 'googlebot(at)googlebot.com',
  'accept' => 'text/html,application/xhtml+xml,application/xml;q=0.9,*/*;q=0.8',
  'connection' => 'keep-alive',
  'host' => 'blog.7qiaoban.cn',
  'content-type' => '',
  'content-length' => '',
)
[ info ] [ PARAM ] array (
)
[ info ] [ RUN ] app\index\controller\Index->index[ /www/wwwroot/furniture/application/index/controller/Index.php ]
[ info ] [ LOG ] INIT File
---------------------------------------------------------------
[ 2018-06-23T23:13:21+08:00 ] 203.208.60.217 GET /
[ info ] bbs.7qiaoban.cn/ [运行时间：0.025799s][吞吐率：38.76req/s] [内存消耗：1,587.15kb] [文件加载：49]
[ info ] [ LANG ] /www/wwwroot/furniture/thinkphp/lang/zh-cn.php
[ info ] [ ROUTE ] array (
  'type' => 'module',
  'module' => 
  array (
    0 => '',
    1 => NULL,
    2 => NULL,
  ),
)
[ info ] [ HEADER ] array (
  'accept-encoding' => 'gzip,deflate,br',
  'user-agent' => 'Mozilla/5.0 (compatible; Googlebot/2.1; +http://www.google.com/bot.html)',
  'from' => 'googlebot(at)googlebot.com',
  'accept' => 'text/html,application/xhtml+xml,application/xml;q=0.9,*/*;q=0.8',
  'connection' => 'keep-alive',
  'host' => 'bbs.7qiaoban.cn',
  'content-type' => '',
  'content-length' => '',
)
[ info ] [ PARAM ] array (
)
[ info ] [ RUN ] app\index\controller\Index->index[ /www/wwwroot/furniture/application/index/controller/Index.php ]
[ info ] [ LOG ] INIT File
---------------------------------------------------------------
[ 2018-06-23T23:18:19+08:00 ] 203.208.60.215 GET /
[ info ] bbs.7qiaoban.cn/ [运行时间：0.024854s][吞吐率：40.23req/s] [内存消耗：1,587.80kb] [文件加载：49]
[ info ] [ LANG ] /www/wwwroot/furniture/thinkphp/lang/zh-cn.php
[ info ] [ ROUTE ] array (
  'type' => 'module',
  'module' => 
  array (
    0 => '',
    1 => NULL,
    2 => NULL,
  ),
)
[ info ] [ HEADER ] array (
  'accept-encoding' => 'gzip,deflate,br',
  'user-agent' => 'Mozilla/5.0 (Linux; Android 6.0.1; Nexus 5X Build/MMB29P) AppleWebKit/537.36 (KHTML, like Gecko) Chrome/41.0.2272.96 Mobile Safari/537.36 (compatible; Googlebot/2.1; +http://www.google.com/bot.html)',
  'from' => 'googlebot(at)googlebot.com',
  'accept' => 'text/html,application/xhtml+xml,application/xml;q=0.9,*/*;q=0.8',
  'connection' => 'keep-alive',
  'host' => 'bbs.7qiaoban.cn',
  'content-type' => '',
  'content-length' => '',
)
[ info ] [ PARAM ] array (
)
[ info ] [ RUN ] app\index\controller\Index->index[ /www/wwwroot/furniture/application/index/controller/Index.php ]
[ info ] [ LOG ] INIT File
---------------------------------------------------------------
[ 2018-06-23T23:23:24+08:00 ] 203.208.60.135 GET /
[ info ] news.7qiaoban.cn/ [运行时间：0.027490s][吞吐率：36.38req/s] [内存消耗：1,587.16kb] [文件加载：49]
[ info ] [ LANG ] /www/wwwroot/furniture/thinkphp/lang/zh-cn.php
[ info ] [ ROUTE ] array (
  'type' => 'module',
  'module' => 
  array (
    0 => '',
    1 => NULL,
    2 => NULL,
  ),
)
[ info ] [ HEADER ] array (
  'accept-encoding' => 'gzip,deflate,br',
  'user-agent' => 'Mozilla/5.0 (compatible; Googlebot/2.1; +http://www.google.com/bot.html)',
  'from' => 'googlebot(at)googlebot.com',
  'accept' => 'text/html,application/xhtml+xml,application/xml;q=0.9,*/*;q=0.8',
  'connection' => 'keep-alive',
  'host' => 'news.7qiaoban.cn',
  'content-type' => '',
  'content-length' => '',
)
[ info ] [ PARAM ] array (
)
[ info ] [ RUN ] app\index\controller\Index->index[ /www/wwwroot/furniture/application/index/controller/Index.php ]
[ info ] [ LOG ] INIT File
---------------------------------------------------------------
[ 2018-06-23T23:35:08+08:00 ] 95.252.18.86 GET /
[ info ] 47.98.223.33:80/ [运行时间：0.025382s][吞吐率：39.40req/s] [内存消耗：1,585.92kb] [文件加载：49]
[ info ] [ LANG ] /www/wwwroot/furniture/thinkphp/lang/zh-cn.php
[ info ] [ ROUTE ] array (
  'type' => 'module',
  'module' => 
  array (
    0 => '',
    1 => NULL,
    2 => NULL,
  ),
)
[ info ] [ HEADER ] array (
  'content-length' => '0',
  'user-agent' => 'Mozilla/5.0 (Windows NT 10.0; WOW64) AppleWebKit/537.36 (KHTML, like Gecko) Chrome/52.0.2743.116 Safari/537.36',
  'host' => '47.98.223.33:80',
  'content-type' => '',
)
[ info ] [ PARAM ] array (
)
[ info ] [ RUN ] app\index\controller\Index->index[ /www/wwwroot/furniture/application/index/controller/Index.php ]
[ info ] [ LOG ] INIT File
---------------------------------------------------------------
[ 2018-06-23T23:37:07+08:00 ] 201.53.70.26 GET /
[ info ] 47.98.223.33/ [运行时间：0.026844s][吞吐率：37.25req/s] [内存消耗：1,585.50kb] [文件加载：49]
[ info ] [ LANG ] /www/wwwroot/furniture/thinkphp/lang/zh-cn.php
[ info ] [ ROUTE ] array (
  'type' => 'module',
  'module' => 
  array (
    0 => '',
    1 => NULL,
    2 => NULL,
  ),
)
[ info ] [ HEADER ] array (
  'user-agent' => 'Wget(linux)',
  'host' => '47.98.223.33',
  'accept' => '*/*',
  'content-type' => '',
  'content-length' => '',
)
[ info ] [ PARAM ] array (
)
[ info ] [ RUN ] app\index\controller\Index->index[ /www/wwwroot/furniture/application/index/controller/Index.php ]
[ info ] [ LOG ] INIT File
---------------------------------------------------------------
[ 2018-06-23T23:43:42+08:00 ] 203.208.60.135 GET /
[ info ] news.7qiaoban.cn/ [运行时间：0.026778s][吞吐率：37.34req/s] [内存消耗：1,587.82kb] [文件加载：49]
[ info ] [ LANG ] /www/wwwroot/furniture/thinkphp/lang/zh-cn.php
[ info ] [ ROUTE ] array (
  'type' => 'module',
  'module' => 
  array (
    0 => '',
    1 => NULL,
    2 => NULL,
  ),
)
[ info ] [ HEADER ] array (
  'accept-encoding' => 'gzip,deflate,br',
  'user-agent' => 'Mozilla/5.0 (Linux; Android 6.0.1; Nexus 5X Build/MMB29P) AppleWebKit/537.36 (KHTML, like Gecko) Chrome/41.0.2272.96 Mobile Safari/537.36 (compatible; Googlebot/2.1; +http://www.google.com/bot.html)',
  'from' => 'googlebot(at)googlebot.com',
  'accept' => 'text/html,application/xhtml+xml,application/xml;q=0.9,*/*;q=0.8',
  'connection' => 'keep-alive',
  'host' => 'news.7qiaoban.cn',
  'content-type' => '',
  'content-length' => '',
)
[ info ] [ PARAM ] array (
)
[ info ] [ RUN ] app\index\controller\Index->index[ /www/wwwroot/furniture/application/index/controller/Index.php ]
[ info ] [ LOG ] INIT File
