---------------------------------------------------------------
[ 2018-06-28T00:42:52+08:00 ] 1.27.49.85 HEAD /
[ info ] www.7qiaoban.top/ [运行时间：0.024632s][吞吐率：40.60req/s] [内存消耗：1,595.94kb] [文件加载：49]
[ info ] [ LANG ] /www/wwwroot/furniture/thinkphp/lang/zh-cn.php
[ info ] [ ROUTE ] array (
  'type' => 'module',
  'module' => 
  array (
    0 => '',
    1 => NULL,
    2 => NULL,
  ),
)
[ info ] [ HEADER ] array (
  'host' => 'www.7qiaoban.top',
  'accept' => '*/*',
  'user-agent' => 'Chrome/57',
  'cache-control' => 'no-cache',
  'pragma' => 'no-cache',
  'content-type' => '',
  'content-length' => '',
)
[ info ] [ PARAM ] array (
)
[ info ] [ RUN ] app\index\controller\Index->index[ /www/wwwroot/furniture/application/index/controller/Index.php ]
[ info ] [ LOG ] INIT File
---------------------------------------------------------------
[ 2018-06-28T00:43:37+08:00 ] 41.79.137.181 GET /
[ info ] 47.98.223.33:80/ [运行时间：0.026395s][吞吐率：37.89req/s] [内存消耗：1,596.20kb] [文件加载：49]
[ info ] [ LANG ] /www/wwwroot/furniture/thinkphp/lang/zh-cn.php
[ info ] [ ROUTE ] array (
  'type' => 'module',
  'module' => 
  array (
    0 => '',
    1 => NULL,
    2 => NULL,
  ),
)
[ info ] [ HEADER ] array (
  'content-length' => '0',
  'user-agent' => 'Mozilla/5.0 (Windows NT 6.1; WOW64) AppleWebKit/537.36 (KHTML, like Gecko) Chrome/51.0.2704.103 Safari/537.36',
  'host' => '47.98.223.33:80',
  'content-type' => '',
)
[ info ] [ PARAM ] array (
)
[ info ] [ RUN ] app\index\controller\Index->index[ /www/wwwroot/furniture/application/index/controller/Index.php ]
[ info ] [ LOG ] INIT File
---------------------------------------------------------------
[ 2018-06-28T01:02:35+08:00 ] 52.53.201.78 GET /
[ info ] www.7qiaoban.cn/ [运行时间：0.025718s][吞吐率：38.88req/s] [内存消耗：1,596.98kb] [文件加载：49]
[ info ] [ LANG ] /www/wwwroot/furniture/thinkphp/lang/zh-cn.php
[ info ] [ ROUTE ] array (
  'type' => 'module',
  'module' => 
  array (
    0 => '',
    1 => NULL,
    2 => NULL,
  ),
)
[ info ] [ HEADER ] array (
  'accept-encoding' => 'gzip',
  'referer' => 'http://www.7qiaoban.cn/',
  'accept' => '*/*',
  'user-agent' => 'Mozilla/5.0 (Macintosh; Intel Mac OS X 10_12_6) AppleWebKit/537.36 (KHTML, like Gecko) Chrome/61.0.3163.100 Safari/537.36',
  'host' => 'www.7qiaoban.cn',
  'content-type' => '',
  'content-length' => '',
)
[ info ] [ PARAM ] array (
)
[ info ] [ RUN ] app\index\controller\Index->index[ /www/wwwroot/furniture/application/index/controller/Index.php ]
[ info ] [ LOG ] INIT File
---------------------------------------------------------------
[ 2018-06-28T01:02:36+08:00 ] 52.53.201.78 GET /admin/index/index.html
[ info ] www.7qiaoban.cn/admin/index/index.html [运行时间：0.023233s][吞吐率：43.04req/s] [内存消耗：1,387.79kb] [文件加载：44]
[ info ] [ LANG ] /www/wwwroot/furniture/thinkphp/lang/zh-cn.php
[ info ] [ ROUTE ] array (
  'type' => 'module',
  'module' => 
  array (
    0 => 'admin',
    1 => 'index',
    2 => 'index',
  ),
)
[ info ] [ HEADER ] array (
  'accept-encoding' => 'gzip',
  'referer' => 'https://www.7qiaoban.cn/',
  'accept' => '*/*',
  'user-agent' => 'Mozilla/5.0 (Macintosh; Intel Mac OS X 10_12_6) AppleWebKit/537.36 (KHTML, like Gecko) Chrome/61.0.3163.100 Safari/537.36',
  'host' => 'www.7qiaoban.cn',
  'content-type' => '',
  'content-length' => '',
)
[ info ] [ PARAM ] array (
)
[ info ] [ SESSION ] INIT array (
  'id' => '',
  'var_session_id' => '',
  'prefix' => 'think',
  'type' => '',
  'auto_start' => true,
)
[ info ] [ LOG ] INIT File
---------------------------------------------------------------
[ 2018-06-28T01:02:36+08:00 ] 52.53.201.78 GET /Admin/login/index.html
[ info ] www.7qiaoban.cn/Admin/login/index.html [运行时间：0.032529s][吞吐率：30.74req/s] [内存消耗：1,748.62kb] [文件加载：53]
[ info ] [ LANG ] /www/wwwroot/furniture/thinkphp/lang/zh-cn.php
[ info ] [ ROUTE ] array (
  'type' => 'module',
  'module' => 
  array (
    0 => 'Admin',
    1 => 'login',
    2 => 'index',
  ),
)
[ info ] [ HEADER ] array (
  'accept-encoding' => 'gzip',
  'referer' => 'https://www.7qiaoban.cn/admin/index/index.html',
  'accept' => '*/*',
  'user-agent' => 'Mozilla/5.0 (Macintosh; Intel Mac OS X 10_12_6) AppleWebKit/537.36 (KHTML, like Gecko) Chrome/61.0.3163.100 Safari/537.36',
  'host' => 'www.7qiaoban.cn',
  'content-type' => '',
  'content-length' => '',
)
[ info ] [ PARAM ] array (
)
[ info ] [ SESSION ] INIT array (
  'id' => '',
  'var_session_id' => '',
  'prefix' => 'think',
  'type' => '',
  'auto_start' => true,
)
[ info ] [ BEHAVIOR ] Run app\admin\behavior\CheckLogin @module_init [ RunTime:0.000963s ]
[ info ] [ RUN ] app\admin\controller\Login->index[ /www/wwwroot/furniture/application/admin/controller/Login.php ]
[ info ] [ VIEW ] /www/wwwroot/furniture/public/../application/admin/view/login/index.html [ array (
) ]
[ info ] [ LOG ] INIT File
---------------------------------------------------------------
[ 2018-06-28T01:06:03+08:00 ] 140.205.205.25 HEAD /
[ info ] www.7qiaoban.cn:443/ [运行时间：0.026450s][吞吐率：37.81req/s] [内存消耗：1,595.66kb] [文件加载：49]
[ info ] [ LANG ] /www/wwwroot/furniture/thinkphp/lang/zh-cn.php
[ info ] [ ROUTE ] array (
  'type' => 'module',
  'module' => 
  array (
    0 => '',
    1 => NULL,
    2 => NULL,
  ),
)
[ info ] [ HEADER ] array (
  'connection' => 'close',
  'user-agent' => 'Go-http-client/1.1',
  'host' => 'www.7qiaoban.cn:443',
  'content-type' => '',
  'content-length' => '',
)
[ info ] [ PARAM ] array (
)
[ info ] [ RUN ] app\index\controller\Index->index[ /www/wwwroot/furniture/application/index/controller/Index.php ]
[ info ] [ LOG ] INIT File
---------------------------------------------------------------
[ 2018-06-28T01:06:54+08:00 ] 47.92.100.7 GET /
[ info ] 47.98.223.33/ [运行时间：0.025383s][吞吐率：39.40req/s] [内存消耗：1,596.64kb] [文件加载：49]
[ info ] [ LANG ] /www/wwwroot/furniture/thinkphp/lang/zh-cn.php
[ info ] [ ROUTE ] array (
  'type' => 'module',
  'module' => 
  array (
    0 => '',
    1 => NULL,
    2 => NULL,
  ),
)
[ info ] [ HEADER ] array (
  'connection' => 'keep-alive',
  'accept' => 'text/html, image/gif, image/jpeg, *; q=.2, */*; q=.2',
  'host' => '47.98.223.33',
  'user-agent' => 'Mozilla/5.0 (X11; Ubuntu; Linux x86_64; rv:36.0) Gecko/20100101 Firefox/36.0',
  'content-type' => '',
  'content-length' => '',
)
[ info ] [ PARAM ] array (
)
[ info ] [ RUN ] app\index\controller\Index->index[ /www/wwwroot/furniture/application/index/controller/Index.php ]
[ info ] [ LOG ] INIT File
---------------------------------------------------------------
[ 2018-06-28T01:19:45+08:00 ] 113.92.128.147 GET /api/v1/getOpenid
[ info ] www.7qiaoban.cn/api/v1/getOpenid [运行时间：0.055130s][吞吐率：18.14req/s] [内存消耗：2,790.98kb] [文件加载：70]
[ info ] [ LANG ] /www/wwwroot/furniture/thinkphp/lang/zh-cn.php
[ info ] [ ROUTE ] array (
  'type' => 'module',
  'module' => 
  array (
    0 => 'api',
    1 => 'v1.User',
    2 => 'getOpenid',
  ),
  'convert' => false,
)
[ info ] [ HEADER ] array (
  'accept-language' => 'zh-CN,zh;q=0.9',
  'accept-encoding' => 'gzip, deflate, br',
  'accept' => 'text/html,application/xhtml+xml,application/xml;q=0.9,image/webp,image/apng,*/*;q=0.8',
  'user-agent' => 'Mozilla/5.0 (Windows NT 6.1; Win64; x64) AppleWebKit/537.36 (KHTML, like Gecko) Chrome/67.0.3396.79 Safari/537.36',
  'upgrade-insecure-requests' => '1',
  'host' => 'www.7qiaoban.cn',
  'content-type' => '',
  'content-length' => '',
)
[ info ] [ PARAM ] array (
  'version' => 'v1',
)
[ info ] [ DB ] INIT mysql
[ info ] [ RUN ] app\api\controller\v1\User->getOpenid[ /www/wwwroot/furniture/application/api/controller/v1/User.php ]
[ info ] [ LOG ] INIT File
[ sql ] [ DB ] CONNECT:[ UseTime:0.004530s ] mysql:host=47.98.223.33;dbname=furniture;charset=utf8
[ sql ] [ SQL ] SHOW COLUMNS FROM `user` [ RunTime:0.003506s ]
[ error ] [8]未定义数组索引: code[/www/wwwroot/furniture/application/api/controller/v1/User.php:101]
---------------------------------------------------------------
[ 2018-06-28T01:20:42+08:00 ] 113.92.128.147 GET //api/v1/getOpenid?code=071W5e9W1KiWLV0lOGaW1AZ19W1W5e94
[ info ] www.7qiaoban.cn//api/v1/getOpenid?code=071W5e9W1KiWLV0lOGaW1AZ19W1W5e94 [运行时间：0.129505s][吞吐率：7.72req/s] [内存消耗：2,684.50kb] [文件加载：64]
[ info ] [ LANG ] /www/wwwroot/furniture/thinkphp/lang/zh-cn.php
[ info ] [ ROUTE ] array (
  'type' => 'module',
  'module' => 
  array (
    0 => 'api',
    1 => 'v1.User',
    2 => 'getOpenid',
  ),
  'convert' => false,
)
[ info ] [ HEADER ] array (
  'accept-encoding' => 'gzip, deflate, br',
  'referer' => 'https://servicewechat.com/wx195a5e8ed1a55ead/devtools/page-frame.html',
  'accept' => '*/*',
  'content-type' => 'application/json',
  'user-agent' => 'Mozilla/5.0 (iPhone; CPU iPhone OS 9_1 like Mac OS X) AppleWebKit/601.1.46 (KHTML, like Gecko) Version/9.0 Mobile/13B143 Safari/601.1 wechatdevtools/1.02.1806120 MicroMessenger/6.5.7 Language/zh_CN webview/',
  'cache-control' => 'no-cache',
  'pragma' => 'no-cache',
  'connection' => 'keep-alive',
  'host' => 'www.7qiaoban.cn',
  'content-length' => '',
)
[ info ] [ PARAM ] array (
  'code' => '071W5e9W1KiWLV0lOGaW1AZ19W1W5e94',
  'version' => 'v1',
)
[ info ] [ DB ] INIT mysql
[ info ] [ RUN ] app\api\controller\v1\User->getOpenid[ /www/wwwroot/furniture/application/api/controller/v1/User.php ]
[ info ] [ LOG ] INIT File
[ sql ] [ DB ] CONNECT:[ UseTime:0.002702s ] mysql:host=47.98.223.33;dbname=furniture;charset=utf8
[ sql ] [ SQL ] SHOW COLUMNS FROM `user` [ RunTime:0.002334s ]
---------------------------------------------------------------
[ 2018-06-28T01:21:55+08:00 ] 113.92.128.147 GET //api/v1/getOpenid?code=081HZ5JU0yCeeX1jvjIU0w8nJU0HZ5JL
[ info ] www.7qiaoban.cn//api/v1/getOpenid?code=081HZ5JU0yCeeX1jvjIU0w8nJU0HZ5JL [运行时间：0.126912s][吞吐率：7.88req/s] [内存消耗：2,684.66kb] [文件加载：64]
[ info ] [ LANG ] /www/wwwroot/furniture/thinkphp/lang/zh-cn.php
[ info ] [ ROUTE ] array (
  'type' => 'module',
  'module' => 
  array (
    0 => 'api',
    1 => 'v1.User',
    2 => 'getOpenid',
  ),
  'convert' => false,
)
[ info ] [ HEADER ] array (
  'accept-encoding' => 'gzip, deflate, br',
  'referer' => 'https://servicewechat.com/wx195a5e8ed1a55ead/devtools/page-frame.html',
  'accept' => '*/*',
  'content-type' => 'application/json',
  'user-agent' => 'Mozilla/5.0 (iPhone; CPU iPhone OS 9_1 like Mac OS X) AppleWebKit/601.1.46 (KHTML, like Gecko) Version/9.0 Mobile/13B143 Safari/601.1 wechatdevtools/1.02.1806120 MicroMessenger/6.5.7 Language/zh_CN webview/',
  'cache-control' => 'no-cache',
  'pragma' => 'no-cache',
  'connection' => 'keep-alive',
  'host' => 'www.7qiaoban.cn',
  'content-length' => '',
)
[ info ] [ PARAM ] array (
  'code' => '081HZ5JU0yCeeX1jvjIU0w8nJU0HZ5JL',
  'version' => 'v1',
)
[ info ] [ DB ] INIT mysql
[ info ] [ RUN ] app\api\controller\v1\User->getOpenid[ /www/wwwroot/furniture/application/api/controller/v1/User.php ]
[ info ] [ LOG ] INIT File
[ sql ] [ DB ] CONNECT:[ UseTime:0.002579s ] mysql:host=47.98.223.33;dbname=furniture;charset=utf8
[ sql ] [ SQL ] SHOW COLUMNS FROM `user` [ RunTime:0.002196s ]
---------------------------------------------------------------
[ 2018-06-28T01:26:28+08:00 ] 123.125.71.22 GET /
[ info ] www.7qiaoban.cn/ [运行时间：0.027318s][吞吐率：36.61req/s] [内存消耗：1,588.23kb] [文件加载：49]
[ info ] [ LANG ] /www/wwwroot/furniture/thinkphp/lang/zh-cn.php
[ info ] [ ROUTE ] array (
  'type' => 'module',
  'module' => 
  array (
    0 => '',
    1 => NULL,
    2 => NULL,
  ),
)
[ info ] [ HEADER ] array (
  'accept' => '*/*',
  'if-none-match' => '"@NULL@"',
  'accept-language' => 'zh-cn,zh-tw',
  'user-agent' => 'Mozilla/5.0 (compatible; Baiduspider/2.0; +http://www.baidu.com/search/spider.html)',
  'host' => 'www.7qiaoban.cn',
  'content-type' => '',
  'content-length' => '',
)
[ info ] [ PARAM ] array (
)
[ info ] [ RUN ] app\index\controller\Index->index[ /www/wwwroot/furniture/application/index/controller/Index.php ]
[ info ] [ LOG ] INIT File
---------------------------------------------------------------
[ 2018-06-28T01:26:28+08:00 ] 123.125.71.38 GET /admin/index/index.html
[ info ] www.7qiaoban.cn/admin/index/index.html [运行时间：0.021421s][吞吐率：46.68req/s] [内存消耗：1,378.78kb] [文件加载：44]
[ info ] [ LANG ] /www/wwwroot/furniture/thinkphp/lang/zh-cn.php
[ info ] [ ROUTE ] array (
  'type' => 'module',
  'module' => 
  array (
    0 => 'admin',
    1 => 'index',
    2 => 'index',
  ),
)
[ info ] [ HEADER ] array (
  'accept' => '*/*',
  'if-none-match' => '"@NULL@"',
  'accept-language' => 'zh-cn,zh-tw',
  'user-agent' => 'Mozilla/5.0 (compatible; Baiduspider/2.0; +http://www.baidu.com/search/spider.html)',
  'host' => 'www.7qiaoban.cn',
  'content-type' => '',
  'content-length' => '',
)
[ info ] [ PARAM ] array (
)
[ info ] [ SESSION ] INIT array (
  'id' => '',
  'var_session_id' => '',
  'prefix' => 'think',
  'type' => '',
  'auto_start' => true,
)
[ info ] [ LOG ] INIT File
---------------------------------------------------------------
[ 2018-06-28T01:26:29+08:00 ] 123.125.71.33 GET /Admin/login/index.html
[ info ] www.7qiaoban.cn/Admin/login/index.html [运行时间：0.033316s][吞吐率：30.02req/s] [内存消耗：1,742.02kb] [文件加载：53]
[ info ] [ LANG ] /www/wwwroot/furniture/thinkphp/lang/zh-cn.php
[ info ] [ ROUTE ] array (
  'type' => 'module',
  'module' => 
  array (
    0 => 'Admin',
    1 => 'login',
    2 => 'index',
  ),
)
[ info ] [ HEADER ] array (
  'cookie' => 'PHPSESSID=id34ipj01cqk9chkmmdhe3p58g;',
  'accept' => '*/*',
  'if-none-match' => '"@NULL@"',
  'accept-language' => 'zh-cn,zh-tw',
  'user-agent' => 'Mozilla/5.0 (compatible; Baiduspider/2.0; +http://www.baidu.com/search/spider.html)',
  'host' => 'www.7qiaoban.cn',
  'content-type' => '',
  'content-length' => '',
)
[ info ] [ PARAM ] array (
)
[ info ] [ SESSION ] INIT array (
  'id' => '',
  'var_session_id' => '',
  'prefix' => 'think',
  'type' => '',
  'auto_start' => true,
)
[ info ] [ BEHAVIOR ] Run app\admin\behavior\CheckLogin @module_init [ RunTime:0.000952s ]
[ info ] [ RUN ] app\admin\controller\Login->index[ /www/wwwroot/furniture/application/admin/controller/Login.php ]
[ info ] [ VIEW ] /www/wwwroot/furniture/public/../application/admin/view/login/index.html [ array (
) ]
[ info ] [ LOG ] INIT File
---------------------------------------------------------------
[ 2018-06-28T01:35:02+08:00 ] 113.92.128.147 GET //api/v1/getOpenid?code=001ah78i1yKFDx02Br9i1amc8i1ah78i
[ info ] www.7qiaoban.cn//api/v1/getOpenid?code=001ah78i1yKFDx02Br9i1amc8i1ah78i [运行时间：0.133669s][吞吐率：7.48req/s] [内存消耗：2,684.51kb] [文件加载：64]
[ info ] [ LANG ] /www/wwwroot/furniture/thinkphp/lang/zh-cn.php
[ info ] [ ROUTE ] array (
  'type' => 'module',
  'module' => 
  array (
    0 => 'api',
    1 => 'v1.User',
    2 => 'getOpenid',
  ),
  'convert' => false,
)
[ info ] [ HEADER ] array (
  'accept-encoding' => 'gzip, deflate, br',
  'referer' => 'https://servicewechat.com/wx195a5e8ed1a55ead/devtools/page-frame.html',
  'accept' => '*/*',
  'content-type' => 'application/json',
  'user-agent' => 'Mozilla/5.0 (iPhone; CPU iPhone OS 9_1 like Mac OS X) AppleWebKit/601.1.46 (KHTML, like Gecko) Version/9.0 Mobile/13B143 Safari/601.1 wechatdevtools/1.02.1806120 MicroMessenger/6.5.7 Language/zh_CN webview/',
  'cache-control' => 'no-cache',
  'pragma' => 'no-cache',
  'connection' => 'keep-alive',
  'host' => 'www.7qiaoban.cn',
  'content-length' => '',
)
[ info ] [ PARAM ] array (
  'code' => '001ah78i1yKFDx02Br9i1amc8i1ah78i',
  'version' => 'v1',
)
[ info ] [ DB ] INIT mysql
[ info ] [ RUN ] app\api\controller\v1\User->getOpenid[ /www/wwwroot/furniture/application/api/controller/v1/User.php ]
[ info ] [ LOG ] INIT File
[ sql ] [ DB ] CONNECT:[ UseTime:0.002674s ] mysql:host=47.98.223.33;dbname=furniture;charset=utf8
[ sql ] [ SQL ] SHOW COLUMNS FROM `user` [ RunTime:0.002319s ]
---------------------------------------------------------------
[ 2018-06-28T01:35:02+08:00 ] 113.92.128.147 GET //api/v1/user?wx_openid=o_0PH5cA8hXZ5dYq1JkvALzVcFG0&avatar=undefined&user_name=404
[ info ] www.7qiaoban.cn//api/v1/user?wx_openid=o_0PH5cA8hXZ5dYq1JkvALzVcFG0&avatar=undefined&user_name=404 [运行时间：0.106088s][吞吐率：9.43req/s] [内存消耗：2,693.81kb] [文件加载：63]
[ info ] [ LANG ] /www/wwwroot/furniture/thinkphp/lang/zh-cn.php
[ info ] [ ROUTE ] array (
  'type' => 'module',
  'module' => 
  array (
    0 => 'api',
    1 => 'v1.User',
    2 => 'select',
  ),
  'convert' => false,
)
[ info ] [ HEADER ] array (
  'accept-encoding' => 'gzip, deflate, br',
  'referer' => 'https://servicewechat.com/wx195a5e8ed1a55ead/devtools/page-frame.html',
  'accept' => '*/*',
  'content-type' => 'application/json',
  'user-agent' => 'Mozilla/5.0 (iPhone; CPU iPhone OS 9_1 like Mac OS X) AppleWebKit/601.1.46 (KHTML, like Gecko) Version/9.0 Mobile/13B143 Safari/601.1 wechatdevtools/1.02.1806120 MicroMessenger/6.5.7 Language/zh_CN webview/',
  'cache-control' => 'no-cache',
  'pragma' => 'no-cache',
  'connection' => 'keep-alive',
  'host' => 'www.7qiaoban.cn',
  'content-length' => '',
)
[ info ] [ PARAM ] array (
  'wx_openid' => 'o_0PH5cA8hXZ5dYq1JkvALzVcFG0',
  'avatar' => 'undefined',
  'user_name' => '404',
  'version' => 'v1',
)
[ info ] [ DB ] INIT mysql
[ info ] [ RUN ] app\api\controller\v1\User->select[ /www/wwwroot/furniture/application/api/controller/v1/User.php ]
[ info ] [ LOG ] INIT File
[ sql ] [ DB ] CONNECT:[ UseTime:0.004420s ] mysql:host=47.98.223.33;dbname=furniture;charset=utf8
[ sql ] [ SQL ] SHOW COLUMNS FROM `user` [ RunTime:0.003478s ]
[ sql ] [ SQL ] SELECT * FROM `user` LIMIT 0,10 [ RunTime:0.003250s ]
[ sql ] [ SQL ] SELECT `user_name` FROM `user` WHERE  `id` = 0 LIMIT 1 [ RunTime:0.002950s ]
[ sql ] [ SQL ] SELECT `user_name` FROM `user` WHERE  `id` = 0 LIMIT 1 [ RunTime:0.002958s ]
[ sql ] [ SQL ] SELECT `user_name` FROM `user` WHERE  `id` = 0 LIMIT 1 [ RunTime:0.002900s ]
[ sql ] [ SQL ] SELECT `user_name` FROM `user` WHERE  `id` = 0 LIMIT 1 [ RunTime:0.002901s ]
[ sql ] [ SQL ] SELECT `user_name` FROM `user` WHERE  `id` = 0 LIMIT 1 [ RunTime:0.002879s ]
[ sql ] [ SQL ] SELECT `user_name` FROM `user` WHERE  `id` = 0 LIMIT 1 [ RunTime:0.002893s ]
[ sql ] [ SQL ] SELECT `user_name` FROM `user` WHERE  `id` = 0 LIMIT 1 [ RunTime:0.002884s ]
[ sql ] [ SQL ] SELECT `user_name` FROM `user` WHERE  `id` = 0 LIMIT 1 [ RunTime:0.002871s ]
[ sql ] [ SQL ] SELECT `user_name` FROM `user` WHERE  `id` = 0 LIMIT 1 [ RunTime:0.002904s ]
[ sql ] [ SQL ] SELECT `user_name` FROM `user` WHERE  `id` = 0 LIMIT 1 [ RunTime:0.003117s ]
[ sql ] [ SQL ] SELECT `user_name` FROM `user` WHERE  `id` = 0 LIMIT 1 [ RunTime:0.003053s ]
[ sql ] [ SQL ] SELECT `user_name` FROM `user` WHERE  `id` = 0 LIMIT 1 [ RunTime:0.002922s ]
[ sql ] [ SQL ] SELECT `user_name` FROM `user` WHERE  `id` = 0 LIMIT 1 [ RunTime:0.002891s ]
[ sql ] [ SQL ] SELECT `user_name` FROM `user` WHERE  `id` = 0 LIMIT 1 [ RunTime:0.002889s ]
[ sql ] [ SQL ] SELECT `user_name` FROM `user` WHERE  `id` = 0 LIMIT 1 [ RunTime:0.002900s ]
[ sql ] [ SQL ] SELECT `user_name` FROM `user` WHERE  `id` = 0 LIMIT 1 [ RunTime:0.002905s ]
[ sql ] [ SQL ] SELECT `user_name` FROM `user` WHERE  `id` = 0 LIMIT 1 [ RunTime:0.002892s ]
[ sql ] [ SQL ] SELECT `user_name` FROM `user` WHERE  `id` = 0 LIMIT 1 [ RunTime:0.002982s ]
---------------------------------------------------------------
[ 2018-06-28T01:36:48+08:00 ] 113.92.128.147 GET //api/v1/getOpenid?code=001GGahP0SAY5a2lJZhP0jYehP0GGahr
[ info ] www.7qiaoban.cn//api/v1/getOpenid?code=001GGahP0SAY5a2lJZhP0jYehP0GGahr [运行时间：0.153126s][吞吐率：6.53req/s] [内存消耗：2,684.51kb] [文件加载：64]
[ info ] [ LANG ] /www/wwwroot/furniture/thinkphp/lang/zh-cn.php
[ info ] [ ROUTE ] array (
  'type' => 'module',
  'module' => 
  array (
    0 => 'api',
    1 => 'v1.User',
    2 => 'getOpenid',
  ),
  'convert' => false,
)
[ info ] [ HEADER ] array (
  'accept-encoding' => 'gzip, deflate, br',
  'referer' => 'https://servicewechat.com/wx195a5e8ed1a55ead/devtools/page-frame.html',
  'accept' => '*/*',
  'content-type' => 'application/json',
  'user-agent' => 'Mozilla/5.0 (iPhone; CPU iPhone OS 9_1 like Mac OS X) AppleWebKit/601.1.46 (KHTML, like Gecko) Version/9.0 Mobile/13B143 Safari/601.1 wechatdevtools/1.02.1806120 MicroMessenger/6.5.7 Language/zh_CN webview/',
  'cache-control' => 'no-cache',
  'pragma' => 'no-cache',
  'connection' => 'keep-alive',
  'host' => 'www.7qiaoban.cn',
  'content-length' => '',
)
[ info ] [ PARAM ] array (
  'code' => '001GGahP0SAY5a2lJZhP0jYehP0GGahr',
  'version' => 'v1',
)
[ info ] [ DB ] INIT mysql
[ info ] [ RUN ] app\api\controller\v1\User->getOpenid[ /www/wwwroot/furniture/application/api/controller/v1/User.php ]
[ info ] [ LOG ] INIT File
[ sql ] [ DB ] CONNECT:[ UseTime:0.003468s ] mysql:host=47.98.223.33;dbname=furniture;charset=utf8
[ sql ] [ SQL ] SHOW COLUMNS FROM `user` [ RunTime:0.002890s ]
---------------------------------------------------------------
[ 2018-06-28T01:36:48+08:00 ] 113.92.128.147 POST //api/v1/user
[ info ] www.7qiaoban.cn//api/v1/user [运行时间：0.065143s][吞吐率：15.35req/s] [内存消耗：2,826.20kb] [文件加载：70]
[ info ] [ LANG ] /www/wwwroot/furniture/thinkphp/lang/zh-cn.php
[ info ] [ ROUTE ] array (
  'type' => 'module',
  'module' => 
  array (
    0 => 'api',
    1 => 'v1.User',
    2 => 'create',
  ),
  'convert' => false,
)
[ info ] [ HEADER ] array (
  'accept-encoding' => 'gzip, deflate, br',
  'referer' => 'https://servicewechat.com/wx195a5e8ed1a55ead/devtools/page-frame.html',
  'accept' => '*/*',
  'content-type' => 'application/json',
  'user-agent' => 'Mozilla/5.0 (iPhone; CPU iPhone OS 9_1 like Mac OS X) AppleWebKit/601.1.46 (KHTML, like Gecko) Version/9.0 Mobile/13B143 Safari/601.1 wechatdevtools/1.02.1806120 MicroMessenger/6.5.7 Language/zh_CN webview/',
  'origin' => 'http://127.0.0.1:54045',
  'cache-control' => 'no-cache',
  'pragma' => 'no-cache',
  'content-length' => '62',
  'connection' => 'keep-alive',
  'host' => 'www.7qiaoban.cn',
)
[ info ] [ PARAM ] array (
  'wx_openid' => 'o_0PH5cA8hXZ5dYq1JkvALzVcFG0',
  'user_name' => '404',
  'version' => 'v1',
)
[ info ] [ DB ] INIT mysql
[ info ] [ RUN ] app\api\controller\v1\User->create[ /www/wwwroot/furniture/application/api/controller/v1/User.php ]
[ info ] [ SESSION ] INIT array (
  'id' => '',
  'var_session_id' => '',
  'prefix' => 'think',
  'type' => '',
  'auto_start' => true,
)
[ info ] [ LOG ] INIT File
[ sql ] [ DB ] CONNECT:[ UseTime:0.004317s ] mysql:host=47.98.223.33;dbname=furniture;charset=utf8
[ sql ] [ SQL ] SHOW COLUMNS FROM `user` [ RunTime:0.003462s ]
[ sql ] [ SQL ] SELECT `id` FROM `user` WHERE  `wx_openid` = 'o_0PH5cA8hXZ5dYq1JkvALzVcFG0' LIMIT 1 [ RunTime:0.002916s ]
[ sql ] [ SQL ] SELECT * FROM `user` WHERE  `id` = 0 LIMIT 1 [ RunTime:0.003005s ]
[ error ] [10501]SQLSTATE[22001]: String data, right truncated: 1406 Data too long for column 'wx_openid' at row 1[/www/wwwroot/furniture/thinkphp/library/think/db/Connection.php:456]
---------------------------------------------------------------
[ 2018-06-28T01:37:08+08:00 ] 113.92.128.147 GET //api/v1/getOpenid?code=001mz4He2qfIyB02TfJe2r28He2mz4HD
[ info ] www.7qiaoban.cn//api/v1/getOpenid?code=001mz4He2qfIyB02TfJe2r28He2mz4HD [运行时间：0.146772s][吞吐率：6.81req/s] [内存消耗：2,686.34kb] [文件加载：64]
[ info ] [ LANG ] /www/wwwroot/furniture/thinkphp/lang/zh-cn.php
[ info ] [ ROUTE ] array (
  'type' => 'module',
  'module' => 
  array (
    0 => 'api',
    1 => 'v1.User',
    2 => 'getOpenid',
  ),
  'convert' => false,
)
[ info ] [ HEADER ] array (
  'accept-language' => 'zh-CN,zh;q=0.8',
  'accept-encoding' => 'gzip, deflate, br',
  'referer' => 'https://servicewechat.com/wx195a5e8ed1a55ead/devtools/page-frame.html',
  'accept' => '*/*',
  'content-type' => 'application/json',
  'user-agent' => 'Mozilla/5.0 (iPhone; CPU iPhone OS 9_1 like Mac OS X) AppleWebKit/601.1.46 (KHTML, like Gecko) Version/9.0 Mobile/13B143 Safari/601.1 wechatdevtools/1.02.1806120 MicroMessenger/6.5.7 Language/zh_CN webview/',
  'cache-control' => 'no-cache',
  'pragma' => 'no-cache',
  'connection' => 'keep-alive',
  'host' => 'www.7qiaoban.cn',
  'content-length' => '',
)
[ info ] [ PARAM ] array (
  'code' => '001mz4He2qfIyB02TfJe2r28He2mz4HD',
  'version' => 'v1',
)
[ info ] [ DB ] INIT mysql
[ info ] [ RUN ] app\api\controller\v1\User->getOpenid[ /www/wwwroot/furniture/application/api/controller/v1/User.php ]
[ info ] [ LOG ] INIT File
[ sql ] [ DB ] CONNECT:[ UseTime:0.002656s ] mysql:host=47.98.223.33;dbname=furniture;charset=utf8
[ sql ] [ SQL ] SHOW COLUMNS FROM `user` [ RunTime:0.002382s ]
---------------------------------------------------------------
[ 2018-06-28T01:37:08+08:00 ] 113.92.128.147 POST //api/v1/user
[ info ] www.7qiaoban.cn//api/v1/user [运行时间：0.043175s][吞吐率：23.16req/s] [内存消耗：2,681.92kb] [文件加载：63]
[ info ] [ LANG ] /www/wwwroot/furniture/thinkphp/lang/zh-cn.php
[ info ] [ ROUTE ] array (
  'type' => 'module',
  'module' => 
  array (
    0 => 'api',
    1 => 'v1.User',
    2 => 'create',
  ),
  'convert' => false,
)
[ info ] [ HEADER ] array (
  'accept-language' => 'zh-CN,zh;q=0.8',
  'accept-encoding' => 'gzip, deflate, br',
  'referer' => 'https://servicewechat.com/wx195a5e8ed1a55ead/devtools/page-frame.html',
  'accept' => '*/*',
  'content-type' => 'application/json',
  'user-agent' => 'Mozilla/5.0 (iPhone; CPU iPhone OS 9_1 like Mac OS X) AppleWebKit/601.1.46 (KHTML, like Gecko) Version/9.0 Mobile/13B143 Safari/601.1 wechatdevtools/1.02.1806120 MicroMessenger/6.5.7 Language/zh_CN webview/',
  'origin' => 'http://127.0.0.1:54045',
  'cache-control' => 'no-cache',
  'pragma' => 'no-cache',
  'content-length' => '62',
  'connection' => 'keep-alive',
  'host' => 'www.7qiaoban.cn',
)
[ info ] [ PARAM ] array (
  'wx_openid' => 'o_0PH5cA8hXZ5dYq1JkvALzVcFG0',
  'user_name' => '404',
  'version' => 'v1',
)
[ info ] [ DB ] INIT mysql
[ info ] [ RUN ] app\api\controller\v1\User->create[ /www/wwwroot/furniture/application/api/controller/v1/User.php ]
[ info ] [ LOG ] INIT File
[ sql ] [ DB ] CONNECT:[ UseTime:0.003382s ] mysql:host=47.98.223.33;dbname=furniture;charset=utf8
[ sql ] [ SQL ] SHOW COLUMNS FROM `user` [ RunTime:0.002758s ]
---------------------------------------------------------------
[ 2018-06-28T01:39:24+08:00 ] 113.92.128.147 GET //api/v1/getOpenid?code=001ZVrsg2rmJVA0gSrug2Qavsg2ZVrsU
[ info ] www.7qiaoban.cn//api/v1/getOpenid?code=001ZVrsg2rmJVA0gSrug2Qavsg2ZVrsU [运行时间：0.146914s][吞吐率：6.81req/s] [内存消耗：2,795.06kb] [文件加载：70]
[ info ] [ LANG ] /www/wwwroot/furniture/thinkphp/lang/zh-cn.php
[ info ] [ ROUTE ] array (
  'type' => 'module',
  'module' => 
  array (
    0 => 'api',
    1 => 'v1.User',
    2 => 'getOpenid',
  ),
  'convert' => false,
)
[ info ] [ HEADER ] array (
  'accept-language' => 'zh-CN,zh;q=0.8',
  'accept-encoding' => 'gzip, deflate, br',
  'referer' => 'https://servicewechat.com/wx195a5e8ed1a55ead/devtools/page-frame.html',
  'accept' => '*/*',
  'content-type' => 'application/json',
  'user-agent' => 'Mozilla/5.0 (iPhone; CPU iPhone OS 9_1 like Mac OS X) AppleWebKit/601.1.46 (KHTML, like Gecko) Version/9.0 Mobile/13B143 Safari/601.1 wechatdevtools/1.02.1806120 MicroMessenger/6.5.7 Language/zh_CN webview/',
  'cache-control' => 'no-cache',
  'pragma' => 'no-cache',
  'connection' => 'keep-alive',
  'host' => 'www.7qiaoban.cn',
  'content-length' => '',
)
[ info ] [ PARAM ] array (
  'code' => '001ZVrsg2rmJVA0gSrug2Qavsg2ZVrsU',
  'version' => 'v1',
)
[ info ] [ DB ] INIT mysql
[ info ] [ RUN ] app\api\controller\v1\User->getOpenid[ /www/wwwroot/furniture/application/api/controller/v1/User.php ]
[ info ] [ LOG ] INIT File
[ sql ] [ DB ] CONNECT:[ UseTime:0.003585s ] mysql:host=47.98.223.33;dbname=furniture;charset=utf8
[ sql ] [ SQL ] SHOW COLUMNS FROM `user` [ RunTime:0.002936s ]
[ error ] [2]Attempt to assign property 'data' of non-object[/www/wwwroot/furniture/application/api/controller/v1/User.php:104]
---------------------------------------------------------------
[ 2018-06-28T01:39:50+08:00 ] 113.92.128.147 GET //api/v1/getOpenid?code=061vAIlR1btE791QBDkR1QUilR1vAIlK
[ info ] www.7qiaoban.cn//api/v1/getOpenid?code=061vAIlR1btE791QBDkR1QUilR1vAIlK [运行时间：0.129931s][吞吐率：7.70req/s] [内存消耗：2,795.01kb] [文件加载：70]
[ info ] [ LANG ] /www/wwwroot/furniture/thinkphp/lang/zh-cn.php
[ info ] [ ROUTE ] array (
  'type' => 'module',
  'module' => 
  array (
    0 => 'api',
    1 => 'v1.User',
    2 => 'getOpenid',
  ),
  'convert' => false,
)
[ info ] [ HEADER ] array (
  'accept-language' => 'zh-CN,zh;q=0.8',
  'accept-encoding' => 'gzip, deflate, br',
  'referer' => 'https://servicewechat.com/wx195a5e8ed1a55ead/devtools/page-frame.html',
  'accept' => '*/*',
  'content-type' => 'application/json',
  'user-agent' => 'Mozilla/5.0 (iPhone; CPU iPhone OS 9_1 like Mac OS X) AppleWebKit/601.1.46 (KHTML, like Gecko) Version/9.0 Mobile/13B143 Safari/601.1 wechatdevtools/1.02.1806120 MicroMessenger/6.5.7 Language/zh_CN webview/',
  'cache-control' => 'no-cache',
  'pragma' => 'no-cache',
  'connection' => 'keep-alive',
  'host' => 'www.7qiaoban.cn',
  'content-length' => '',
)
[ info ] [ PARAM ] array (
  'code' => '061vAIlR1btE791QBDkR1QUilR1vAIlK',
  'version' => 'v1',
)
[ info ] [ DB ] INIT mysql
[ info ] [ RUN ] app\api\controller\v1\User->getOpenid[ /www/wwwroot/furniture/application/api/controller/v1/User.php ]
[ info ] [ LOG ] INIT File
[ sql ] [ DB ] CONNECT:[ UseTime:0.004727s ] mysql:host=47.98.223.33;dbname=furniture;charset=utf8
[ sql ] [ SQL ] SHOW COLUMNS FROM `user` [ RunTime:0.003753s ]
[ error ] [2]Attempt to assign property 'data' of non-object[/www/wwwroot/furniture/application/api/controller/v1/User.php:104]
---------------------------------------------------------------
[ 2018-06-28T01:40:06+08:00 ] 113.92.128.147 GET //api/v1/getOpenid?code=081byXJ51J0oGL1Ai1L510lRJ51byXJ3
[ info ] www.7qiaoban.cn//api/v1/getOpenid?code=081byXJ51J0oGL1Ai1L510lRJ51byXJ3 [运行时间：0.138166s][吞吐率：7.24req/s] [内存消耗：2,794.88kb] [文件加载：70]
[ info ] [ LANG ] /www/wwwroot/furniture/thinkphp/lang/zh-cn.php
[ info ] [ ROUTE ] array (
  'type' => 'module',
  'module' => 
  array (
    0 => 'api',
    1 => 'v1.User',
    2 => 'getOpenid',
  ),
  'convert' => false,
)
[ info ] [ HEADER ] array (
  'accept-language' => 'zh-CN,zh;q=0.8',
  'accept-encoding' => 'gzip, deflate, br',
  'referer' => 'https://servicewechat.com/wx195a5e8ed1a55ead/devtools/page-frame.html',
  'accept' => '*/*',
  'content-type' => 'application/json',
  'user-agent' => 'Mozilla/5.0 (iPhone; CPU iPhone OS 9_1 like Mac OS X) AppleWebKit/601.1.46 (KHTML, like Gecko) Version/9.0 Mobile/13B143 Safari/601.1 wechatdevtools/1.02.1806120 MicroMessenger/6.5.7 Language/zh_CN webview/',
  'cache-control' => 'no-cache',
  'pragma' => 'no-cache',
  'connection' => 'keep-alive',
  'host' => 'www.7qiaoban.cn',
  'content-length' => '',
)
[ info ] [ PARAM ] array (
  'code' => '081byXJ51J0oGL1Ai1L510lRJ51byXJ3',
  'version' => 'v1',
)
[ info ] [ DB ] INIT mysql
[ info ] [ RUN ] app\api\controller\v1\User->getOpenid[ /www/wwwroot/furniture/application/api/controller/v1/User.php ]
[ info ] [ LOG ] INIT File
[ sql ] [ DB ] CONNECT:[ UseTime:0.004134s ] mysql:host=47.98.223.33;dbname=furniture;charset=utf8
[ sql ] [ SQL ] SHOW COLUMNS FROM `user` [ RunTime:0.003215s ]
[ error ] [2]Attempt to assign property 'data' of non-object[/www/wwwroot/furniture/application/api/controller/v1/User.php:104]
---------------------------------------------------------------
[ 2018-06-28T01:42:24+08:00 ] 113.90.38.119 GET //api/v1/getOpenid?code=011h2WW212IQiN1jWmY214SeX21h2WWI
[ info ] www.7qiaoban.cn//api/v1/getOpenid?code=011h2WW212IQiN1jWmY214SeX21h2WWI [运行时间：0.139315s][吞吐率：7.18req/s] [内存消耗：2,686.27kb] [文件加载：64]
[ info ] [ LANG ] /www/wwwroot/furniture/thinkphp/lang/zh-cn.php
[ info ] [ ROUTE ] array (
  'type' => 'module',
  'module' => 
  array (
    0 => 'api',
    1 => 'v1.User',
    2 => 'getOpenid',
  ),
  'convert' => false,
)
[ info ] [ HEADER ] array (
  'accept-language' => 'zh-CN,zh;q=0.8',
  'accept-encoding' => 'gzip, deflate, br',
  'referer' => 'https://servicewechat.com/wx195a5e8ed1a55ead/devtools/page-frame.html',
  'accept' => '*/*',
  'content-type' => 'application/json',
  'user-agent' => 'Mozilla/5.0 (iPhone; CPU iPhone OS 9_1 like Mac OS X) AppleWebKit/601.1.46 (KHTML, like Gecko) Version/9.0 Mobile/13B143 Safari/601.1 wechatdevtools/1.02.1806120 MicroMessenger/6.5.7 Language/zh_CN webview/',
  'cache-control' => 'no-cache',
  'pragma' => 'no-cache',
  'connection' => 'keep-alive',
  'host' => 'www.7qiaoban.cn',
  'content-length' => '',
)
[ info ] [ PARAM ] array (
  'code' => '011h2WW212IQiN1jWmY214SeX21h2WWI',
  'version' => 'v1',
)
[ info ] [ DB ] INIT mysql
[ info ] [ RUN ] app\api\controller\v1\User->getOpenid[ /www/wwwroot/furniture/application/api/controller/v1/User.php ]
[ info ] [ LOG ] INIT File
[ sql ] [ DB ] CONNECT:[ UseTime:0.003975s ] mysql:host=47.98.223.33;dbname=furniture;charset=utf8
[ sql ] [ SQL ] SHOW COLUMNS FROM `user` [ RunTime:0.003106s ]
---------------------------------------------------------------
[ 2018-06-28T01:42:24+08:00 ] 113.90.38.119 POST //api/v1/user
[ info ] www.7qiaoban.cn//api/v1/user [运行时间：0.065009s][吞吐率：15.38req/s] [内存消耗：2,826.58kb] [文件加载：70]
[ info ] [ LANG ] /www/wwwroot/furniture/thinkphp/lang/zh-cn.php
[ info ] [ ROUTE ] array (
  'type' => 'module',
  'module' => 
  array (
    0 => 'api',
    1 => 'v1.User',
    2 => 'create',
  ),
  'convert' => false,
)
[ info ] [ HEADER ] array (
  'accept-language' => 'zh-CN,zh;q=0.8',
  'accept-encoding' => 'gzip, deflate, br',
  'referer' => 'https://servicewechat.com/wx195a5e8ed1a55ead/devtools/page-frame.html',
  'accept' => '*/*',
  'content-type' => 'application/json',
  'user-agent' => 'Mozilla/5.0 (iPhone; CPU iPhone OS 9_1 like Mac OS X) AppleWebKit/601.1.46 (KHTML, like Gecko) Version/9.0 Mobile/13B143 Safari/601.1 wechatdevtools/1.02.1806120 MicroMessenger/6.5.7 Language/zh_CN webview/',
  'origin' => 'http://127.0.0.1:54045',
  'cache-control' => 'no-cache',
  'pragma' => 'no-cache',
  'content-length' => '62',
  'connection' => 'keep-alive',
  'host' => 'www.7qiaoban.cn',
)
[ info ] [ PARAM ] array (
  'wx_openid' => 'o_0PH5cA8hXZ5dYq1JkvALzVcFG0',
  'user_name' => '404',
  'version' => 'v1',
)
[ info ] [ DB ] INIT mysql
[ info ] [ RUN ] app\api\controller\v1\User->create[ /www/wwwroot/furniture/application/api/controller/v1/User.php ]
[ info ] [ SESSION ] INIT array (
  'id' => '',
  'var_session_id' => '',
  'prefix' => 'think',
  'type' => '',
  'auto_start' => true,
)
[ info ] [ LOG ] INIT File
[ sql ] [ DB ] CONNECT:[ UseTime:0.003714s ] mysql:host=47.98.223.33;dbname=furniture;charset=utf8
[ sql ] [ SQL ] SHOW COLUMNS FROM `user` [ RunTime:0.003019s ]
[ sql ] [ SQL ] SELECT `id` FROM `user` WHERE  `wx_openid` = 'o_0PH5cA8hXZ5dYq1JkvALzVcFG0' LIMIT 1 [ RunTime:0.002535s ]
[ sql ] [ SQL ] SELECT * FROM `user` WHERE  `id` = 0 LIMIT 1 [ RunTime:0.002591s ]
[ error ] [10501]SQLSTATE[22001]: String data, right truncated: 1406 Data too long for column 'wx_openid' at row 1[/www/wwwroot/furniture/thinkphp/library/think/db/Connection.php:456]
---------------------------------------------------------------
[ 2018-06-28T01:42:39+08:00 ] 113.90.38.119 GET //api/v1/getOpenid?code=061dWFec1HmNSt0qQYhc1ZMMec1dWFeV
[ info ] www.7qiaoban.cn//api/v1/getOpenid?code=061dWFec1HmNSt0qQYhc1ZMMec1dWFeV [运行时间：0.126993s][吞吐率：7.87req/s] [内存消耗：2,686.52kb] [文件加载：64]
[ info ] [ LANG ] /www/wwwroot/furniture/thinkphp/lang/zh-cn.php
[ info ] [ ROUTE ] array (
  'type' => 'module',
  'module' => 
  array (
    0 => 'api',
    1 => 'v1.User',
    2 => 'getOpenid',
  ),
  'convert' => false,
)
[ info ] [ HEADER ] array (
  'accept-language' => 'zh-CN,zh;q=0.8',
  'accept-encoding' => 'gzip, deflate, br',
  'referer' => 'https://servicewechat.com/wx195a5e8ed1a55ead/devtools/page-frame.html',
  'accept' => '*/*',
  'content-type' => 'application/json',
  'user-agent' => 'Mozilla/5.0 (iPhone; CPU iPhone OS 9_1 like Mac OS X) AppleWebKit/601.1.46 (KHTML, like Gecko) Version/9.0 Mobile/13B143 Safari/601.1 wechatdevtools/1.02.1806120 MicroMessenger/6.5.7 Language/zh_CN webview/',
  'cache-control' => 'no-cache',
  'pragma' => 'no-cache',
  'connection' => 'keep-alive',
  'host' => 'www.7qiaoban.cn',
  'content-length' => '',
)
[ info ] [ PARAM ] array (
  'code' => '061dWFec1HmNSt0qQYhc1ZMMec1dWFeV',
  'version' => 'v1',
)
[ info ] [ DB ] INIT mysql
[ info ] [ RUN ] app\api\controller\v1\User->getOpenid[ /www/wwwroot/furniture/application/api/controller/v1/User.php ]
[ info ] [ LOG ] INIT File
[ sql ] [ DB ] CONNECT:[ UseTime:0.002576s ] mysql:host=47.98.223.33;dbname=furniture;charset=utf8
[ sql ] [ SQL ] SHOW COLUMNS FROM `user` [ RunTime:0.002302s ]
---------------------------------------------------------------
[ 2018-06-28T01:42:39+08:00 ] 113.90.38.119 POST //api/v1/user
[ info ] www.7qiaoban.cn//api/v1/user [运行时间：0.046945s][吞吐率：21.30req/s] [内存消耗：2,678.49kb] [文件加载：63]
[ info ] [ LANG ] /www/wwwroot/furniture/thinkphp/lang/zh-cn.php
[ info ] [ ROUTE ] array (
  'type' => 'module',
  'module' => 
  array (
    0 => 'api',
    1 => 'v1.User',
    2 => 'create',
  ),
  'convert' => false,
)
[ info ] [ HEADER ] array (
  'accept-language' => 'zh-CN,zh;q=0.8',
  'accept-encoding' => 'gzip, deflate, br',
  'referer' => 'https://servicewechat.com/wx195a5e8ed1a55ead/devtools/page-frame.html',
  'accept' => '*/*',
  'content-type' => 'application/json',
  'user-agent' => 'Mozilla/5.0 (iPhone; CPU iPhone OS 9_1 like Mac OS X) AppleWebKit/601.1.46 (KHTML, like Gecko) Version/9.0 Mobile/13B143 Safari/601.1 wechatdevtools/1.02.1806120 MicroMessenger/6.5.7 Language/zh_CN webview/',
  'origin' => 'http://127.0.0.1:54045',
  'cache-control' => 'no-cache',
  'pragma' => 'no-cache',
  'content-length' => '62',
  'connection' => 'keep-alive',
  'host' => 'www.7qiaoban.cn',
)
[ info ] [ PARAM ] array (
  'wx_openid' => 'o_0PH5cA8hXZ5dYq1JkvALzVcFG0',
  'user_name' => '404',
  'version' => 'v1',
)
[ info ] [ DB ] INIT mysql
[ info ] [ RUN ] app\api\controller\v1\User->create[ /www/wwwroot/furniture/application/api/controller/v1/User.php ]
[ info ] [ LOG ] INIT File
[ sql ] [ DB ] CONNECT:[ UseTime:0.003791s ] mysql:host=47.98.223.33;dbname=furniture;charset=utf8
[ sql ] [ SQL ] SHOW COLUMNS FROM `user` [ RunTime:0.003025s ]
[ sql ] [ SQL ] SELECT `id` FROM `user` WHERE  `wx_openid` = 'o_0PH5cA8hXZ5dYq1JkvALzVcFG0' LIMIT 1 [ RunTime:0.002551s ]
---------------------------------------------------------------
[ 2018-06-28T01:42:58+08:00 ] 113.90.38.119 GET //api/v1/getOpenid?code=001Jq9ER0YccL72lq2AR0Z1aER0Jq9E0
[ info ] www.7qiaoban.cn//api/v1/getOpenid?code=001Jq9ER0YccL72lq2AR0Z1aER0Jq9E0 [运行时间：0.141419s][吞吐率：7.07req/s] [内存消耗：2,686.52kb] [文件加载：64]
[ info ] [ LANG ] /www/wwwroot/furniture/thinkphp/lang/zh-cn.php
[ info ] [ ROUTE ] array (
  'type' => 'module',
  'module' => 
  array (
    0 => 'api',
    1 => 'v1.User',
    2 => 'getOpenid',
  ),
  'convert' => false,
)
[ info ] [ HEADER ] array (
  'accept-language' => 'zh-CN,zh;q=0.8',
  'accept-encoding' => 'gzip, deflate, br',
  'referer' => 'https://servicewechat.com/wx195a5e8ed1a55ead/devtools/page-frame.html',
  'accept' => '*/*',
  'content-type' => 'application/json',
  'user-agent' => 'Mozilla/5.0 (iPhone; CPU iPhone OS 9_1 like Mac OS X) AppleWebKit/601.1.46 (KHTML, like Gecko) Version/9.0 Mobile/13B143 Safari/601.1 wechatdevtools/1.02.1806120 MicroMessenger/6.5.7 Language/zh_CN webview/',
  'cache-control' => 'no-cache',
  'pragma' => 'no-cache',
  'connection' => 'keep-alive',
  'host' => 'www.7qiaoban.cn',
  'content-length' => '',
)
[ info ] [ PARAM ] array (
  'code' => '001Jq9ER0YccL72lq2AR0Z1aER0Jq9E0',
  'version' => 'v1',
)
[ info ] [ DB ] INIT mysql
[ info ] [ RUN ] app\api\controller\v1\User->getOpenid[ /www/wwwroot/furniture/application/api/controller/v1/User.php ]
[ info ] [ LOG ] INIT File
[ sql ] [ DB ] CONNECT:[ UseTime:0.003581s ] mysql:host=47.98.223.33;dbname=furniture;charset=utf8
[ sql ] [ SQL ] SHOW COLUMNS FROM `user` [ RunTime:0.002816s ]
---------------------------------------------------------------
[ 2018-06-28T01:42:58+08:00 ] 113.90.38.119 POST //api/v1/user
[ info ] www.7qiaoban.cn//api/v1/user [运行时间：0.061215s][吞吐率：16.34req/s] [内存消耗：2,826.83kb] [文件加载：70]
[ info ] [ LANG ] /www/wwwroot/furniture/thinkphp/lang/zh-cn.php
[ info ] [ ROUTE ] array (
  'type' => 'module',
  'module' => 
  array (
    0 => 'api',
    1 => 'v1.User',
    2 => 'create',
  ),
  'convert' => false,
)
[ info ] [ HEADER ] array (
  'accept-language' => 'zh-CN,zh;q=0.8',
  'accept-encoding' => 'gzip, deflate, br',
  'referer' => 'https://servicewechat.com/wx195a5e8ed1a55ead/devtools/page-frame.html',
  'accept' => '*/*',
  'content-type' => 'application/json',
  'user-agent' => 'Mozilla/5.0 (iPhone; CPU iPhone OS 9_1 like Mac OS X) AppleWebKit/601.1.46 (KHTML, like Gecko) Version/9.0 Mobile/13B143 Safari/601.1 wechatdevtools/1.02.1806120 MicroMessenger/6.5.7 Language/zh_CN webview/',
  'origin' => 'http://127.0.0.1:54045',
  'cache-control' => 'no-cache',
  'pragma' => 'no-cache',
  'content-length' => '62',
  'connection' => 'keep-alive',
  'host' => 'www.7qiaoban.cn',
)
[ info ] [ PARAM ] array (
  'wx_openid' => 'o_0PH5cA8hXZ5dYq1JkvALzVcFG0',
  'user_name' => '404',
  'version' => 'v1',
)
[ info ] [ DB ] INIT mysql
[ info ] [ RUN ] app\api\controller\v1\User->create[ /www/wwwroot/furniture/application/api/controller/v1/User.php ]
[ info ] [ SESSION ] INIT array (
  'id' => '',
  'var_session_id' => '',
  'prefix' => 'think',
  'type' => '',
  'auto_start' => true,
)
[ info ] [ LOG ] INIT File
[ sql ] [ DB ] CONNECT:[ UseTime:0.003575s ] mysql:host=47.98.223.33;dbname=furniture;charset=utf8
[ sql ] [ SQL ] SHOW COLUMNS FROM `user` [ RunTime:0.002915s ]
[ sql ] [ SQL ] SELECT `id` FROM `user` WHERE  `wx_openid` = 'o_0PH5cA8hXZ5dYq1JkvALzVcFG0' LIMIT 1 [ RunTime:0.002405s ]
[ sql ] [ SQL ] SELECT * FROM `user` WHERE  `id` = 0 LIMIT 1 [ RunTime:0.002575s ]
[ error ] [10501]SQLSTATE[22001]: String data, right truncated: 1406 Data too long for column 'wx_openid' at row 1[/www/wwwroot/furniture/thinkphp/library/think/db/Connection.php:456]
---------------------------------------------------------------
[ 2018-06-28T01:43:23+08:00 ] 113.90.38.119 GET //api/v1/getOpenid?code=071HrIOi2o3ZfI0lbYPi2QkOOi2HrIOM
[ info ] www.7qiaoban.cn//api/v1/getOpenid?code=071HrIOi2o3ZfI0lbYPi2QkOOi2HrIOM [运行时间：0.132757s][吞吐率：7.53req/s] [内存消耗：2,686.52kb] [文件加载：64]
[ info ] [ LANG ] /www/wwwroot/furniture/thinkphp/lang/zh-cn.php
[ info ] [ ROUTE ] array (
  'type' => 'module',
  'module' => 
  array (
    0 => 'api',
    1 => 'v1.User',
    2 => 'getOpenid',
  ),
  'convert' => false,
)
[ info ] [ HEADER ] array (
  'accept-language' => 'zh-CN,zh;q=0.8',
  'accept-encoding' => 'gzip, deflate, br',
  'referer' => 'https://servicewechat.com/wx195a5e8ed1a55ead/devtools/page-frame.html',
  'accept' => '*/*',
  'content-type' => 'application/json',
  'user-agent' => 'Mozilla/5.0 (iPhone; CPU iPhone OS 9_1 like Mac OS X) AppleWebKit/601.1.46 (KHTML, like Gecko) Version/9.0 Mobile/13B143 Safari/601.1 wechatdevtools/1.02.1806120 MicroMessenger/6.5.7 Language/zh_CN webview/',
  'cache-control' => 'no-cache',
  'pragma' => 'no-cache',
  'connection' => 'keep-alive',
  'host' => 'www.7qiaoban.cn',
  'content-length' => '',
)
[ info ] [ PARAM ] array (
  'code' => '071HrIOi2o3ZfI0lbYPi2QkOOi2HrIOM',
  'version' => 'v1',
)
[ info ] [ DB ] INIT mysql
[ info ] [ RUN ] app\api\controller\v1\User->getOpenid[ /www/wwwroot/furniture/application/api/controller/v1/User.php ]
[ info ] [ LOG ] INIT File
[ sql ] [ DB ] CONNECT:[ UseTime:0.003720s ] mysql:host=47.98.223.33;dbname=furniture;charset=utf8
[ sql ] [ SQL ] SHOW COLUMNS FROM `user` [ RunTime:0.002954s ]
---------------------------------------------------------------
[ 2018-06-28T01:43:23+08:00 ] 113.90.38.119 POST //api/v1/user
[ info ] www.7qiaoban.cn//api/v1/user [运行时间：0.046437s][吞吐率：21.53req/s] [内存消耗：2,678.49kb] [文件加载：63]
[ info ] [ LANG ] /www/wwwroot/furniture/thinkphp/lang/zh-cn.php
[ info ] [ ROUTE ] array (
  'type' => 'module',
  'module' => 
  array (
    0 => 'api',
    1 => 'v1.User',
    2 => 'create',
  ),
  'convert' => false,
)
[ info ] [ HEADER ] array (
  'accept-language' => 'zh-CN,zh;q=0.8',
  'accept-encoding' => 'gzip, deflate, br',
  'referer' => 'https://servicewechat.com/wx195a5e8ed1a55ead/devtools/page-frame.html',
  'accept' => '*/*',
  'content-type' => 'application/json',
  'user-agent' => 'Mozilla/5.0 (iPhone; CPU iPhone OS 9_1 like Mac OS X) AppleWebKit/601.1.46 (KHTML, like Gecko) Version/9.0 Mobile/13B143 Safari/601.1 wechatdevtools/1.02.1806120 MicroMessenger/6.5.7 Language/zh_CN webview/',
  'origin' => 'http://127.0.0.1:54045',
  'cache-control' => 'no-cache',
  'pragma' => 'no-cache',
  'content-length' => '62',
  'connection' => 'keep-alive',
  'host' => 'www.7qiaoban.cn',
)
[ info ] [ PARAM ] array (
  'wx_openid' => 'o_0PH5cA8hXZ5dYq1JkvALzVcFG0',
  'user_name' => '404',
  'version' => 'v1',
)
[ info ] [ DB ] INIT mysql
[ info ] [ RUN ] app\api\controller\v1\User->create[ /www/wwwroot/furniture/application/api/controller/v1/User.php ]
[ info ] [ LOG ] INIT File
[ sql ] [ DB ] CONNECT:[ UseTime:0.003633s ] mysql:host=47.98.223.33;dbname=furniture;charset=utf8
[ sql ] [ SQL ] SHOW COLUMNS FROM `user` [ RunTime:0.002853s ]
[ sql ] [ SQL ] SELECT `id` FROM `user` WHERE  `wx_openid` = 'o_0PH5cA8hXZ5dYq1JkvALzVcFG0' LIMIT 1 [ RunTime:0.002436s ]
---------------------------------------------------------------
[ 2018-06-28T01:44:02+08:00 ] 113.90.38.119 GET //api/v1/getOpenid?code=061okPQv1M7jUa0RdxRv1bjTQv1okPQb
[ info ] www.7qiaoban.cn//api/v1/getOpenid?code=061okPQv1M7jUa0RdxRv1bjTQv1okPQb [运行时间：0.136896s][吞吐率：7.30req/s] [内存消耗：2,686.52kb] [文件加载：64]
[ info ] [ LANG ] /www/wwwroot/furniture/thinkphp/lang/zh-cn.php
[ info ] [ ROUTE ] array (
  'type' => 'module',
  'module' => 
  array (
    0 => 'api',
    1 => 'v1.User',
    2 => 'getOpenid',
  ),
  'convert' => false,
)
[ info ] [ HEADER ] array (
  'accept-language' => 'zh-CN,zh;q=0.8',
  'accept-encoding' => 'gzip, deflate, br',
  'referer' => 'https://servicewechat.com/wx195a5e8ed1a55ead/devtools/page-frame.html',
  'accept' => '*/*',
  'content-type' => 'application/json',
  'user-agent' => 'Mozilla/5.0 (iPhone; CPU iPhone OS 9_1 like Mac OS X) AppleWebKit/601.1.46 (KHTML, like Gecko) Version/9.0 Mobile/13B143 Safari/601.1 wechatdevtools/1.02.1806120 MicroMessenger/6.5.7 Language/zh_CN webview/',
  'cache-control' => 'no-cache',
  'pragma' => 'no-cache',
  'connection' => 'keep-alive',
  'host' => 'www.7qiaoban.cn',
  'content-length' => '',
)
[ info ] [ PARAM ] array (
  'code' => '061okPQv1M7jUa0RdxRv1bjTQv1okPQb',
  'version' => 'v1',
)
[ info ] [ DB ] INIT mysql
[ info ] [ RUN ] app\api\controller\v1\User->getOpenid[ /www/wwwroot/furniture/application/api/controller/v1/User.php ]
[ info ] [ LOG ] INIT File
[ sql ] [ DB ] CONNECT:[ UseTime:0.004710s ] mysql:host=47.98.223.33;dbname=furniture;charset=utf8
[ sql ] [ SQL ] SHOW COLUMNS FROM `user` [ RunTime:0.003655s ]
---------------------------------------------------------------
[ 2018-06-28T01:44:02+08:00 ] 113.90.38.119 POST //api/v1/user
[ info ] www.7qiaoban.cn//api/v1/user [运行时间：0.047868s][吞吐率：20.89req/s] [内存消耗：2,679.21kb] [文件加载：63]
[ info ] [ LANG ] /www/wwwroot/furniture/thinkphp/lang/zh-cn.php
[ info ] [ ROUTE ] array (
  'type' => 'module',
  'module' => 
  array (
    0 => 'api',
    1 => 'v1.User',
    2 => 'create',
  ),
  'convert' => false,
)
[ info ] [ HEADER ] array (
  'accept-language' => 'zh-CN,zh;q=0.8',
  'accept-encoding' => 'gzip, deflate, br',
  'referer' => 'https://servicewechat.com/wx195a5e8ed1a55ead/devtools/page-frame.html',
  'accept' => '*/*',
  'content-type' => 'application/json',
  'user-agent' => 'Mozilla/5.0 (iPhone; CPU iPhone OS 9_1 like Mac OS X) AppleWebKit/601.1.46 (KHTML, like Gecko) Version/9.0 Mobile/13B143 Safari/601.1 wechatdevtools/1.02.1806120 MicroMessenger/6.5.7 Language/zh_CN webview/',
  'origin' => 'http://127.0.0.1:54045',
  'cache-control' => 'no-cache',
  'pragma' => 'no-cache',
  'content-length' => '198',
  'connection' => 'keep-alive',
  'host' => 'www.7qiaoban.cn',
)
[ info ] [ PARAM ] array (
  'wx_openid' => 'o_0PH5cA8hXZ5dYq1JkvALzVcFG0',
  'avatar' => 'https://wx.qlogo.cn/mmopen/vi_32/Q0j4TwGTfTJmRLtDgppCh5HkNXFVRyXqE0q49GBkC3kpCZgIaE2b4o62jDX4KZ5CloNn5MkYWu3VQocibb9FHWw/132',
  'user_name' => '404',
  'version' => 'v1',
)
[ info ] [ DB ] INIT mysql
[ info ] [ RUN ] app\api\controller\v1\User->create[ /www/wwwroot/furniture/application/api/controller/v1/User.php ]
[ info ] [ LOG ] INIT File
[ sql ] [ DB ] CONNECT:[ UseTime:0.004591s ] mysql:host=47.98.223.33;dbname=furniture;charset=utf8
[ sql ] [ SQL ] SHOW COLUMNS FROM `user` [ RunTime:0.003555s ]
[ sql ] [ SQL ] SELECT `id` FROM `user` WHERE  `wx_openid` = 'o_0PH5cA8hXZ5dYq1JkvALzVcFG0' LIMIT 1 [ RunTime:0.003073s ]
---------------------------------------------------------------
[ 2018-06-28T01:47:37+08:00 ] 113.90.38.119 GET //api/v1/getOpenid?code=0610nQqq1kndUp0Fq1uq1ZARqq10nQqi
[ info ] www.7qiaoban.cn//api/v1/getOpenid?code=0610nQqq1kndUp0Fq1uq1ZARqq10nQqi [运行时间：0.127613s][吞吐率：7.84req/s] [内存消耗：2,685.35kb] [文件加载：64]
[ info ] [ LANG ] /www/wwwroot/furniture/thinkphp/lang/zh-cn.php
[ info ] [ ROUTE ] array (
  'type' => 'module',
  'module' => 
  array (
    0 => 'api',
    1 => 'v1.User',
    2 => 'getOpenid',
  ),
  'convert' => false,
)
[ info ] [ HEADER ] array (
  'accept-language' => 'zh-CN,zh;q=0.8',
  'accept-encoding' => 'gzip, deflate, br',
  'referer' => 'https://servicewechat.com/wx195a5e8ed1a55ead/devtools/page-frame.html',
  'accept' => '*/*',
  'content-type' => 'application/json',
  'user-agent' => 'Mozilla/5.0 (iPhone; CPU iPhone OS 9_1 like Mac OS X) AppleWebKit/601.1.46 (KHTML, like Gecko) Version/9.0 Mobile/13B143 Safari/601.1 wechatdevtools/1.02.1806120 MicroMessenger/6.5.7 Language/zh_CN webview/',
  'cache-control' => 'no-cache',
  'pragma' => 'no-cache',
  'connection' => 'keep-alive',
  'host' => 'www.7qiaoban.cn',
  'content-length' => '',
)
[ info ] [ PARAM ] array (
  'code' => '0610nQqq1kndUp0Fq1uq1ZARqq10nQqi',
  'version' => 'v1',
)
[ info ] [ DB ] INIT mysql
[ info ] [ RUN ] app\api\controller\v1\User->getOpenid[ /www/wwwroot/furniture/application/api/controller/v1/User.php ]
[ info ] [ LOG ] INIT File
[ sql ] [ DB ] CONNECT:[ UseTime:0.002687s ] mysql:host=47.98.223.33;dbname=furniture;charset=utf8
[ sql ] [ SQL ] SHOW COLUMNS FROM `user` [ RunTime:0.002239s ]
---------------------------------------------------------------
[ 2018-06-28T01:47:37+08:00 ] 113.90.38.119 POST //api/v1/user
[ info ] www.7qiaoban.cn//api/v1/user [运行时间：0.061843s][吞吐率：16.17req/s] [内存消耗：2,827.42kb] [文件加载：70]
[ info ] [ LANG ] /www/wwwroot/furniture/thinkphp/lang/zh-cn.php
[ info ] [ ROUTE ] array (
  'type' => 'module',
  'module' => 
  array (
    0 => 'api',
    1 => 'v1.User',
    2 => 'create',
  ),
  'convert' => false,
)
[ info ] [ HEADER ] array (
  'accept-language' => 'zh-CN,zh;q=0.8',
  'accept-encoding' => 'gzip, deflate, br',
  'referer' => 'https://servicewechat.com/wx195a5e8ed1a55ead/devtools/page-frame.html',
  'accept' => '*/*',
  'content-type' => 'application/json',
  'user-agent' => 'Mozilla/5.0 (iPhone; CPU iPhone OS 9_1 like Mac OS X) AppleWebKit/601.1.46 (KHTML, like Gecko) Version/9.0 Mobile/13B143 Safari/601.1 wechatdevtools/1.02.1806120 MicroMessenger/6.5.7 Language/zh_CN webview/',
  'origin' => 'http://127.0.0.1:54045',
  'cache-control' => 'no-cache',
  'pragma' => 'no-cache',
  'content-length' => '198',
  'connection' => 'keep-alive',
  'host' => 'www.7qiaoban.cn',
)
[ info ] [ PARAM ] array (
  'wx_openid' => 'o_0PH5cA8hXZ5dYq1JkvALzVcFG0',
  'avatar' => 'https://wx.qlogo.cn/mmopen/vi_32/Q0j4TwGTfTJmRLtDgppCh5HkNXFVRyXqE0q49GBkC3kpCZgIaE2b4o62jDX4KZ5CloNn5MkYWu3VQocibb9FHWw/132',
  'user_name' => '404',
  'version' => 'v1',
)
[ info ] [ DB ] INIT mysql
[ info ] [ RUN ] app\api\controller\v1\User->create[ /www/wwwroot/furniture/application/api/controller/v1/User.php ]
[ info ] [ SESSION ] INIT array (
  'id' => '',
  'var_session_id' => '',
  'prefix' => 'think',
  'type' => '',
  'auto_start' => true,
)
[ info ] [ LOG ] INIT File
[ sql ] [ DB ] CONNECT:[ UseTime:0.003764s ] mysql:host=47.98.223.33;dbname=furniture;charset=utf8
[ sql ] [ SQL ] SHOW COLUMNS FROM `user` [ RunTime:0.002980s ]
[ sql ] [ SQL ] SELECT `id` FROM `user` WHERE  `wx_openid` = 'o_0PH5cA8hXZ5dYq1JkvALzVcFG0' LIMIT 1 [ RunTime:0.002505s ]
[ sql ] [ SQL ] SELECT * FROM `user` WHERE  `id` = 0 LIMIT 1 [ RunTime:0.002597s ]
[ error ] [10501]SQLSTATE[22001]: String data, right truncated: 1406 Data too long for column 'wx_openid' at row 1[/www/wwwroot/furniture/thinkphp/library/think/db/Connection.php:456]
---------------------------------------------------------------
[ 2018-06-28T01:56:09+08:00 ] 113.90.38.119 GET //api/v1/getOpenid?code=071duH4c2yv40P0SNA5c23Tv4c2duH4N
[ info ] www.7qiaoban.cn//api/v1/getOpenid?code=071duH4c2yv40P0SNA5c23Tv4c2duH4N [运行时间：0.124745s][吞吐率：8.02req/s] [内存消耗：2,685.79kb] [文件加载：64]
[ info ] [ LANG ] /www/wwwroot/furniture/thinkphp/lang/zh-cn.php
[ info ] [ ROUTE ] array (
  'type' => 'module',
  'module' => 
  array (
    0 => 'api',
    1 => 'v1.User',
    2 => 'getOpenid',
  ),
  'convert' => false,
)
[ info ] [ HEADER ] array (
  'accept-language' => 'zh-CN,zh;q=0.8',
  'accept-encoding' => 'gzip, deflate, br',
  'referer' => 'https://servicewechat.com/wx195a5e8ed1a55ead/devtools/page-frame.html',
  'accept' => '*/*',
  'content-type' => 'application/json',
  'user-agent' => 'Mozilla/5.0 (iPhone; CPU iPhone OS 9_1 like Mac OS X) AppleWebKit/601.1.46 (KHTML, like Gecko) Version/9.0 Mobile/13B143 Safari/601.1 wechatdevtools/1.02.1806120 MicroMessenger/6.5.7 Language/zh_CN webview/',
  'cache-control' => 'no-cache',
  'pragma' => 'no-cache',
  'connection' => 'keep-alive',
  'host' => 'www.7qiaoban.cn',
  'content-length' => '',
)
[ info ] [ PARAM ] array (
  'code' => '071duH4c2yv40P0SNA5c23Tv4c2duH4N',
  'version' => 'v1',
)
[ info ] [ DB ] INIT mysql
[ info ] [ RUN ] app\api\controller\v1\User->getOpenid[ /www/wwwroot/furniture/application/api/controller/v1/User.php ]
[ info ] [ LOG ] INIT File
[ sql ] [ DB ] CONNECT:[ UseTime:0.002856s ] mysql:host=47.98.223.33;dbname=furniture;charset=utf8
[ sql ] [ SQL ] SHOW COLUMNS FROM `user` [ RunTime:0.002345s ]
---------------------------------------------------------------
[ 2018-06-28T01:56:09+08:00 ] 113.90.38.119 POST //api/v1/user
[ info ] www.7qiaoban.cn//api/v1/user [运行时间：0.065962s][吞吐率：15.16req/s] [内存消耗：2,827.86kb] [文件加载：70]
[ info ] [ LANG ] /www/wwwroot/furniture/thinkphp/lang/zh-cn.php
[ info ] [ ROUTE ] array (
  'type' => 'module',
  'module' => 
  array (
    0 => 'api',
    1 => 'v1.User',
    2 => 'create',
  ),
  'convert' => false,
)
[ info ] [ HEADER ] array (
  'accept-language' => 'zh-CN,zh;q=0.8',
  'accept-encoding' => 'gzip, deflate, br',
  'referer' => 'https://servicewechat.com/wx195a5e8ed1a55ead/devtools/page-frame.html',
  'accept' => '*/*',
  'content-type' => 'application/json',
  'user-agent' => 'Mozilla/5.0 (iPhone; CPU iPhone OS 9_1 like Mac OS X) AppleWebKit/601.1.46 (KHTML, like Gecko) Version/9.0 Mobile/13B143 Safari/601.1 wechatdevtools/1.02.1806120 MicroMessenger/6.5.7 Language/zh_CN webview/',
  'origin' => 'http://127.0.0.1:54045',
  'cache-control' => 'no-cache',
  'pragma' => 'no-cache',
  'content-length' => '198',
  'connection' => 'keep-alive',
  'host' => 'www.7qiaoban.cn',
)
[ info ] [ PARAM ] array (
  'wx_openid' => 'o_0PH5cA8hXZ5dYq1JkvALzVcFG0',
  'avatar' => 'https://wx.qlogo.cn/mmopen/vi_32/Q0j4TwGTfTJmRLtDgppCh5HkNXFVRyXqE0q49GBkC3kpCZgIaE2b4o62jDX4KZ5CloNn5MkYWu3VQocibb9FHWw/132',
  'user_name' => '404',
  'version' => 'v1',
)
[ info ] [ DB ] INIT mysql
[ info ] [ RUN ] app\api\controller\v1\User->create[ /www/wwwroot/furniture/application/api/controller/v1/User.php ]
[ info ] [ SESSION ] INIT array (
  'id' => '',
  'var_session_id' => '',
  'prefix' => 'think',
  'type' => '',
  'auto_start' => true,
)
[ info ] [ LOG ] INIT File
[ sql ] [ DB ] CONNECT:[ UseTime:0.004520s ] mysql:host=47.98.223.33;dbname=furniture;charset=utf8
[ sql ] [ SQL ] SHOW COLUMNS FROM `user` [ RunTime:0.003537s ]
[ sql ] [ SQL ] SELECT `id` FROM `user` WHERE  `wx_openid` = 'o_0PH5cA8hXZ5dYq1JkvALzVcFG0' LIMIT 1 [ RunTime:0.003088s ]
[ sql ] [ SQL ] SELECT * FROM `user` WHERE  `id` = 0 LIMIT 1 [ RunTime:0.003183s ]
[ error ] [10501]SQLSTATE[22001]: String data, right truncated: 1406 Data too long for column 'wx_openid' at row 1[/www/wwwroot/furniture/thinkphp/library/think/db/Connection.php:456]
---------------------------------------------------------------
[ 2018-06-28T01:57:05+08:00 ] 113.90.38.119 GET //api/v1/getOpenid?code=061QqFah2fDvJI06U89h29pEah2QqFaj
[ info ] www.7qiaoban.cn//api/v1/getOpenid?code=061QqFah2fDvJI06U89h29pEah2QqFaj [运行时间：0.123624s][吞吐率：8.09req/s] [内存消耗：2,686.06kb] [文件加载：64]
[ info ] [ LANG ] /www/wwwroot/furniture/thinkphp/lang/zh-cn.php
[ info ] [ ROUTE ] array (
  'type' => 'module',
  'module' => 
  array (
    0 => 'api',
    1 => 'v1.User',
    2 => 'getOpenid',
  ),
  'convert' => false,
)
[ info ] [ HEADER ] array (
  'accept-language' => 'zh-CN,zh;q=0.8',
  'accept-encoding' => 'gzip, deflate, br',
  'referer' => 'https://servicewechat.com/wx195a5e8ed1a55ead/devtools/page-frame.html',
  'accept' => '*/*',
  'content-type' => 'application/json',
  'user-agent' => 'Mozilla/5.0 (iPhone; CPU iPhone OS 9_1 like Mac OS X) AppleWebKit/601.1.46 (KHTML, like Gecko) Version/9.0 Mobile/13B143 Safari/601.1 wechatdevtools/1.02.1806120 MicroMessenger/6.5.7 Language/zh_CN webview/',
  'cache-control' => 'no-cache',
  'pragma' => 'no-cache',
  'connection' => 'keep-alive',
  'host' => 'www.7qiaoban.cn',
  'content-length' => '',
)
[ info ] [ PARAM ] array (
  'code' => '061QqFah2fDvJI06U89h29pEah2QqFaj',
  'version' => 'v1',
)
[ info ] [ DB ] INIT mysql
[ info ] [ RUN ] app\api\controller\v1\User->getOpenid[ /www/wwwroot/furniture/application/api/controller/v1/User.php ]
[ info ] [ LOG ] INIT File
[ sql ] [ DB ] CONNECT:[ UseTime:0.004257s ] mysql:host=47.98.223.33;dbname=furniture;charset=utf8
[ sql ] [ SQL ] SHOW COLUMNS FROM `user` [ RunTime:0.003343s ]
---------------------------------------------------------------
[ 2018-06-28T01:57:05+08:00 ] 113.90.38.119 POST //api/v1/user
[ info ] www.7qiaoban.cn//api/v1/user [运行时间：0.064204s][吞吐率：15.58req/s] [内存消耗：2,830.82kb] [文件加载：70]
[ info ] [ LANG ] /www/wwwroot/furniture/thinkphp/lang/zh-cn.php
[ info ] [ ROUTE ] array (
  'type' => 'module',
  'module' => 
  array (
    0 => 'api',
    1 => 'v1.User',
    2 => 'create',
  ),
  'convert' => false,
)
[ info ] [ HEADER ] array (
  'accept-language' => 'zh-CN,zh;q=0.8',
  'accept-encoding' => 'gzip, deflate, br',
  'referer' => 'https://servicewechat.com/wx195a5e8ed1a55ead/devtools/page-frame.html',
  'accept' => '*/*',
  'content-type' => 'application/json',
  'user-agent' => 'Mozilla/5.0 (iPhone; CPU iPhone OS 9_1 like Mac OS X) AppleWebKit/601.1.46 (KHTML, like Gecko) Version/9.0 Mobile/13B143 Safari/601.1 wechatdevtools/1.02.1806120 MicroMessenger/6.5.7 Language/zh_CN webview/',
  'origin' => 'http://127.0.0.1:54045',
  'cache-control' => 'no-cache',
  'pragma' => 'no-cache',
  'content-length' => '198',
  'connection' => 'keep-alive',
  'host' => 'www.7qiaoban.cn',
)
[ info ] [ PARAM ] array (
  'wx_openid' => 'o_0PH5cA8hXZ5dYq1JkvALzVcFG0',
  'avatar' => 'https://wx.qlogo.cn/mmopen/vi_32/Q0j4TwGTfTJmRLtDgppCh5HkNXFVRyXqE0q49GBkC3kpCZgIaE2b4o62jDX4KZ5CloNn5MkYWu3VQocibb9FHWw/132',
  'user_name' => '404',
  'version' => 'v1',
)
[ info ] [ DB ] INIT mysql
[ info ] [ RUN ] app\api\controller\v1\User->create[ /www/wwwroot/furniture/application/api/controller/v1/User.php ]
[ info ] [ SESSION ] INIT array (
  'id' => '',
  'var_session_id' => '',
  'prefix' => 'think',
  'type' => '',
  'auto_start' => true,
)
[ info ] [ LOG ] INIT File
[ sql ] [ DB ] CONNECT:[ UseTime:0.003682s ] mysql:host=47.98.223.33;dbname=furniture;charset=utf8
[ sql ] [ SQL ] SHOW COLUMNS FROM `user` [ RunTime:0.002932s ]
[ sql ] [ SQL ] SELECT `id` FROM `user` WHERE  `wx_openid` = 'o_0PH5cA8hXZ5dYq1JkvALzVcFG0' LIMIT 1 [ RunTime:0.002434s ]
[ sql ] [ SQL ] SELECT * FROM `user` WHERE  `id` = 0 LIMIT 1 [ RunTime:0.002516s ]
[ error ] [10501]SQLSTATE[22001]: String data, right truncated: 1406 Data too long for column 'wx_openid' at row 1[/www/wwwroot/furniture/thinkphp/library/think/db/Connection.php:456]
---------------------------------------------------------------
[ 2018-06-28T01:57:53+08:00 ] 113.90.38.119 GET //api/v1/getOpenid?code=0812XAoa1g8NBQ1G13sa1FYnoa12XAoj
[ info ] www.7qiaoban.cn//api/v1/getOpenid?code=0812XAoa1g8NBQ1G13sa1FYnoa12XAoj [运行时间：0.135659s][吞吐率：7.37req/s] [内存消耗：2,685.74kb] [文件加载：64]
[ info ] [ LANG ] /www/wwwroot/furniture/thinkphp/lang/zh-cn.php
[ info ] [ ROUTE ] array (
  'type' => 'module',
  'module' => 
  array (
    0 => 'api',
    1 => 'v1.User',
    2 => 'getOpenid',
  ),
  'convert' => false,
)
[ info ] [ HEADER ] array (
  'accept-language' => 'zh-CN,zh;q=0.8',
  'accept-encoding' => 'gzip, deflate, br',
  'referer' => 'https://servicewechat.com/wx195a5e8ed1a55ead/devtools/page-frame.html',
  'accept' => '*/*',
  'content-type' => 'application/json',
  'user-agent' => 'Mozilla/5.0 (iPhone; CPU iPhone OS 9_1 like Mac OS X) AppleWebKit/601.1.46 (KHTML, like Gecko) Version/9.0 Mobile/13B143 Safari/601.1 wechatdevtools/1.02.1806120 MicroMessenger/6.5.7 Language/zh_CN webview/',
  'cache-control' => 'no-cache',
  'pragma' => 'no-cache',
  'connection' => 'keep-alive',
  'host' => 'www.7qiaoban.cn',
  'content-length' => '',
)
[ info ] [ PARAM ] array (
  'code' => '0812XAoa1g8NBQ1G13sa1FYnoa12XAoj',
  'version' => 'v1',
)
[ info ] [ DB ] INIT mysql
[ info ] [ RUN ] app\api\controller\v1\User->getOpenid[ /www/wwwroot/furniture/application/api/controller/v1/User.php ]
[ info ] [ LOG ] INIT File
[ sql ] [ DB ] CONNECT:[ UseTime:0.004713s ] mysql:host=47.98.223.33;dbname=furniture;charset=utf8
[ sql ] [ SQL ] SHOW COLUMNS FROM `user` [ RunTime:0.003695s ]
---------------------------------------------------------------
[ 2018-06-28T01:57:53+08:00 ] 113.90.38.119 POST //api/v1/user
[ info ] www.7qiaoban.cn//api/v1/user [运行时间：0.065750s][吞吐率：15.21req/s] [内存消耗：2,830.57kb] [文件加载：70]
[ info ] [ LANG ] /www/wwwroot/furniture/thinkphp/lang/zh-cn.php
[ info ] [ ROUTE ] array (
  'type' => 'module',
  'module' => 
  array (
    0 => 'api',
    1 => 'v1.User',
    2 => 'create',
  ),
  'convert' => false,
)
[ info ] [ HEADER ] array (
  'accept-language' => 'zh-CN,zh;q=0.8',
  'accept-encoding' => 'gzip, deflate, br',
  'referer' => 'https://servicewechat.com/wx195a5e8ed1a55ead/devtools/page-frame.html',
  'accept' => '*/*',
  'content-type' => 'application/json',
  'user-agent' => 'Mozilla/5.0 (iPhone; CPU iPhone OS 9_1 like Mac OS X) AppleWebKit/601.1.46 (KHTML, like Gecko) Version/9.0 Mobile/13B143 Safari/601.1 wechatdevtools/1.02.1806120 MicroMessenger/6.5.7 Language/zh_CN webview/',
  'origin' => 'http://127.0.0.1:54045',
  'cache-control' => 'no-cache',
  'pragma' => 'no-cache',
  'content-length' => '198',
  'connection' => 'keep-alive',
  'host' => 'www.7qiaoban.cn',
)
[ info ] [ PARAM ] array (
  'wx_openid' => 'o_0PH5cA8hXZ5dYq1JkvALzVcFG0',
  'avatar' => 'https://wx.qlogo.cn/mmopen/vi_32/Q0j4TwGTfTJmRLtDgppCh5HkNXFVRyXqE0q49GBkC3kpCZgIaE2b4o62jDX4KZ5CloNn5MkYWu3VQocibb9FHWw/132',
  'user_name' => '404',
  'version' => 'v1',
)
[ info ] [ DB ] INIT mysql
[ info ] [ RUN ] app\api\controller\v1\User->create[ /www/wwwroot/furniture/application/api/controller/v1/User.php ]
[ info ] [ SESSION ] INIT array (
  'id' => '',
  'var_session_id' => '',
  'prefix' => 'think',
  'type' => '',
  'auto_start' => true,
)
[ info ] [ LOG ] INIT File
[ sql ] [ DB ] CONNECT:[ UseTime:0.004376s ] mysql:host=47.98.223.33;dbname=furniture;charset=utf8
[ sql ] [ SQL ] SHOW COLUMNS FROM `user` [ RunTime:0.003385s ]
[ sql ] [ SQL ] SELECT `id` FROM `user` WHERE  `wx_openid` = 'o_0PH5cA8hXZ5dYq1JkvALzVcFG0' LIMIT 1 [ RunTime:0.002900s ]
[ sql ] [ SQL ] SELECT * FROM `user` WHERE  `id` = 0 LIMIT 1 [ RunTime:0.003020s ]
[ error ] [10501]SQLSTATE[22001]: String data, right truncated: 1406 Data too long for column 'wx_openid' at row 1[/www/wwwroot/furniture/thinkphp/library/think/db/Connection.php:456]
---------------------------------------------------------------
[ 2018-06-28T02:04:30+08:00 ] 140.205.205.25 HEAD /
[ info ] www.7qiaoban.top:443/ [运行时间：0.024803s][吞吐率：40.32req/s] [内存消耗：1,587.51kb] [文件加载：50]
[ info ] [ LANG ] /www/wwwroot/furniture/thinkphp/lang/zh-cn.php
[ info ] [ ROUTE ] array (
  'type' => 'module',
  'module' => 
  array (
    0 => '',
    1 => NULL,
    2 => NULL,
  ),
)
[ info ] [ HEADER ] array (
  'connection' => 'close',
  'user-agent' => 'Go-http-client/1.1',
  'host' => 'www.7qiaoban.top:443',
  'content-type' => '',
  'content-length' => '',
)
[ info ] [ PARAM ] array (
)
[ info ] [ RUN ] app\index\controller\Index->index[ /www/wwwroot/furniture/application/index/controller/Index.php ]
[ info ] [ LOG ] INIT File
